[0.024s] Invoking command in '/home/benjamin/tito_ws/build/tito_bringup': CMAKE_PREFIX_PATH=${CMAKE_PREFIX_PATH}:/home/benjamin/ws_moveit/install/ros2controlcli:/home/benjamin/ws_moveit/install/moveit_configs_utils:/home/benjamin/tito_ws/install/turtlebot3_teleop:/home/benjamin/tito_ws/install/turtlebot3_example:/opt/ros/humble:/home/benjamin/ros2_humble/install/rqt_bag_plugins:/home/benjamin/ros2_humble/install/rqt_bag:/home/benjamin/ros2_humble/install/ros2bag:/home/benjamin/ros2_humble/install/tracetools_test:/home/benjamin/ros2_humble/install/tracetools_launch:/home/benjamin/ros2_humble/install/topic_monitor:/home/benjamin/ros2_humble/install/tf2_tools:/home/benjamin/ros2_humble/install/examples_tf2_py:/home/benjamin/ros2_humble/install/tf2_ros_py:/home/benjamin/ros2_humble/install/sros2:/home/benjamin/ros2_humble/install/rqt_topic:/home/benjamin/ros2_humble/install/rqt_srv:/home/benjamin/ros2_humble/install/rqt_shell:/home/benjamin/ros2_humble/install/rqt_service_caller:/home/benjamin/ros2_humble/install/rqt_reconfigure:/home/benjamin/ros2_humble/install/rqt_py_console:/home/benjamin/ros2_humble/install/rqt_publisher:/home/benjamin/ros2_humble/install/rqt_plot:/home/benjamin/ros2_humble/install/rqt_action:/home/benjamin/ros2_humble/install/rqt_msg:/home/benjamin/ros2_humble/install/rqt_console:/home/benjamin/ros2_humble/install/rqt:/home/benjamin/ros2_humble/install/rqt_graph:/home/benjamin/ros2_humble/install/rqt_gui_py:/home/benjamin/ros2_humble/install/rqt_gui:/home/benjamin/ros2_humble/install/ros2trace:/home/benjamin/ros2_humble/install/ros2topic:/home/benjamin/ros2_humble/install/ros2test:/home/benjamin/ros2_humble/install/ros2component:/home/benjamin/ros2_humble/install/ros2param:/home/benjamin/ros2_humble/install/ros2lifecycle:/home/benjamin/ros2_humble/install/ros2service:/home/benjamin/ros2_humble/install/ros2run:/home/benjamin/ros2_humble/install/ros2launch:/home/benjamin/ros2_humble/install/ros2pkg:/home/benjamin/ros2_humble/install/ros2node:/home/benjamin/ros2_humble/install/ros2multicast:/home/benjamin/ros2_humble/install/ros2interface:/home/benjamin/ros2_humble/install/ros2doctor:/home/benjamin/ros2_humble/install/ros2action:/home/benjamin/ros2_humble/install/ros2cli:/home/benjamin/ros2_humble/install/quality_of_service_demo_py:/home/benjamin/ros2_humble/install/lifecycle_py:/home/benjamin/ros2_humble/install/launch_testing_ros:/home/benjamin/ros2_humble/install/launch_ros:/home/benjamin/ros2_humble/install/examples_rclpy_pointcloud_publisher:/home/benjamin/ros2_humble/install/examples_rclpy_minimal_subscriber:/home/benjamin/ros2_humble/install/examples_rclpy_minimal_service:/home/benjamin/ros2_humble/install/examples_rclpy_minimal_publisher:/home/benjamin/ros2_humble/install/examples_rclpy_minimal_client:/home/benjamin/ros2_humble/install/examples_rclpy_minimal_action_server:/home/benjamin/ros2_humble/install/examples_rclpy_minimal_action_client:/home/benjamin/ros2_humble/install/examples_rclpy_guard_conditions:/home/benjamin/ros2_humble/install/examples_rclpy_executors:/home/benjamin/ros2_humble/install/demo_nodes_py:/home/benjamin/ros2_humble/install/action_tutorials_py:/home/benjamin/ros2_humble/install/ament_uncrustify:/home/benjamin/ros2_humble/install/tracetools_trace:/home/benjamin/ros2_humble/install/tracetools_read:/home/benjamin/ros2_humble/install/test_tracetools_launch:/home/benjamin/ros2_humble/install/test_launch_ros:/home/benjamin/ros2_humble/install/sensor_msgs_py:/home/benjamin/ros2_humble/install/rpyutils:/home/benjamin/ros2_humble/install/rosidl_runtime_py:/home/benjamin/ros2_humble/install/rosidl_cli:/home/benjamin/ros2_humble/install/launch_pytest:/home/benjamin/ros2_humble/install/launch_testing:/home/benjamin/ros2_humble/install/launch_yaml:/home/benjamin/ros2_humble/install/launch_xml:/home/benjamin/ros2_humble/install/launch:/home/benjamin/ros2_humble/install/osrf_pycommon:/home/benjamin/ros2_humble/install/launch_testing_examples:/home/benjamin/ros2_humble/install/domain_coordinator:/home/benjamin/ros2_humble/install/ament_xmllint:/home/benjamin/ros2_humble/install/ament_pyflakes:/home/benjamin/ros2_humble/install/ament_pycodestyle:/home/benjamin/ros2_humble/install/ament_pep257:/home/benjamin/ros2_humble/install/ament_pclint:/home/benjamin/ros2_humble/install/ament_package:/home/benjamin/ros2_humble/install/ament_mypy:/home/benjamin/ros2_humble/install/ament_lint_cmake:/home/benjamin/ros2_humble/install/ament_flake8:/home/benjamin/ros2_humble/install/ament_copyright:/home/benjamin/ros2_humble/install/ament_lint:/home/benjamin/ros2_humble/install/ament_index_python:/home/benjamin/ros2_humble/install/ament_cpplint:/home/benjamin/ros2_humble/install/ament_cppcheck:/home/benjamin/ros2_humble/install/ament_clang_tidy:/home/benjamin/ros2_humble/install/ament_clang_format /usr/bin/cmake --build /home/benjamin/tito_ws/build/tito_bringup -- -j16 -l16
[0.064s] -- Found ament_cmake: 1.3.6 (/home/benjamin/ros2_humble/install/ament_cmake/share/ament_cmake/cmake)
[0.340s] -- Found urdf: 2.6.0 (/home/benjamin/ros2_humble/install/urdf/share/urdf/cmake)
[0.403s] -- Found xacro: 2.0.8 (/opt/ros/humble/share/xacro/cmake)
[0.403s] -- Found ros2_control: 2.13.0 (/home/benjamin/ws_moveit/install/ros2_control/share/ros2_control/cmake)
[0.403s] -- Found gazebo_ros2_control: 0.4.7 (/opt/ros/humble/share/gazebo_ros2_control/cmake)
[0.424s] -- Found rosidl_generator_c: 3.1.5 (/home/benjamin/ros2_humble/install/rosidl_generator_c/share/rosidl_generator_c/cmake)
[0.427s] -- Found rosidl_adapter: 3.1.5 (/home/benjamin/ros2_humble/install/rosidl_adapter/share/rosidl_adapter/cmake)
[0.432s] -- Found rosidl_generator_cpp: 3.1.5 (/home/benjamin/ros2_humble/install/rosidl_generator_cpp/share/rosidl_generator_cpp/cmake)
[0.466s] -- Using all available rosidl_typesupport_c: rosidl_typesupport_fastrtps_c;rosidl_typesupport_introspection_c
[0.499s] -- Using all available rosidl_typesupport_cpp: rosidl_typesupport_fastrtps_cpp;rosidl_typesupport_introspection_cpp
[0.948s] -- Found rmw_implementation_cmake: 6.1.1 (/home/benjamin/ros2_humble/install/rmw_implementation_cmake/share/rmw_implementation_cmake/cmake)
[0.974s] -- Found rmw_fastrtps_cpp: 6.2.5 (/home/benjamin/ros2_humble/install/rmw_fastrtps_cpp/share/rmw_fastrtps_cpp/cmake)
[0.998s] -- Found TinyXML2 via Config file: TinyXML2_DIR-NOTFOUND
[1.007s] -- Found TinyXML2 via Config file: TinyXML2_DIR-NOTFOUND
[1.027s] -- Found TinyXML2 via Config file: TinyXML2_DIR-NOTFOUND
[1.034s] -- Found TinyXML2 via Config file: TinyXML2_DIR-NOTFOUND
[1.069s] -- Using RMW implementation 'rmw_fastrtps_cpp' as default
[1.620s] -- Found DART: /usr/include (Required is at least version "6.6") found components: dart 
[1.649s] -- Found Protobuf: /usr/lib/x86_64-linux-gnu/libprotobuf.so (found version "3.12.4") 
[1.650s] -- Looking for ignition-math6 -- found version 6.15.1
[1.654s] -- Searching for dependencies of ignition-math6
[1.656s] -- Looking for OGRE...
[1.662s] -- Found Ogre Ghadamon (1.9.0)
[1.662s] -- Found OGRE: optimized;/usr/lib/x86_64-linux-gnu/libOgreMain.so;debug;/usr/lib/x86_64-linux-gnu/libOgreMain.so
[1.668s] -- Looking for OGRE_Paging...
[1.668s] -- Found OGRE_Paging: optimized;/usr/lib/x86_64-linux-gnu/libOgrePaging.so;debug;/usr/lib/x86_64-linux-gnu/libOgrePaging.so
[1.668s] -- Looking for OGRE_Terrain...
[1.668s] -- Found OGRE_Terrain: optimized;/usr/lib/x86_64-linux-gnu/libOgreTerrain.so;debug;/usr/lib/x86_64-linux-gnu/libOgreTerrain.so
[1.668s] -- Looking for OGRE_Property...
[1.668s] -- Found OGRE_Property: optimized;/usr/lib/x86_64-linux-gnu/libOgreProperty.so;debug;/usr/lib/x86_64-linux-gnu/libOgreProperty.so
[1.668s] -- Looking for OGRE_RTShaderSystem...
[1.669s] -- Found OGRE_RTShaderSystem: optimized;/usr/lib/x86_64-linux-gnu/libOgreRTShaderSystem.so;debug;/usr/lib/x86_64-linux-gnu/libOgreRTShaderSystem.so
[1.669s] -- Looking for OGRE_Volume...
[1.669s] -- Found OGRE_Volume: optimized;/usr/lib/x86_64-linux-gnu/libOgreVolume.so;debug;/usr/lib/x86_64-linux-gnu/libOgreVolume.so
[1.669s] -- Looking for OGRE_Overlay...
[1.669s] -- Found OGRE_Overlay: optimized;/usr/lib/x86_64-linux-gnu/libOgreOverlay.so;debug;/usr/lib/x86_64-linux-gnu/libOgreOverlay.so
[2.184s] -- Looking for ignition-math6 -- found version 6.15.1
[2.190s] -- Looking for ignition-transport8 -- found version 8.2.1
[2.190s] -- Searching for dependencies of ignition-transport8
[2.220s] -- Found Protobuf: /usr/lib/x86_64-linux-gnu/libprotobuf.so (found suitable version "3.12.4", minimum required is "3") 
[2.243s] -- Config-file not installed for ZeroMQ -- checking for pkg-config
[2.249s] -- Checking for module 'libzmq >= 4'
[2.281s] --   Found libzmq , version 4.3.4
[2.337s] -- Checking for module 'uuid'
[2.366s] --   Found uuid, version 2.37.2
[2.414s] -- Looking for ignition-msgs5 -- found version 5.8.1
[2.414s] -- Searching for dependencies of ignition-msgs5
[2.446s] -- Looking for ignition-math6 -- found version 6.15.1
[2.453s] -- Looking for ignition-msgs5 -- found version 5.8.1
[2.453s] -- Looking for ignition-common3 -- found version 3.14.0
[2.454s] -- Searching for dependencies of ignition-common3
[2.454s] -- Looking for dlfcn.h - found
[2.454s] -- Looking for libdl - found
[2.467s] -- Searching for <ignition-common3> component [graphics]
[2.468s] -- Looking for ignition-common3-graphics -- found version 3.14.0
[2.468s] -- Searching for dependencies of ignition-common3-graphics
[2.468s] -- Looking for ignition-math6 -- found version 6.15.1
[2.469s] -- Looking for ignition-fuel_tools4 -- found version 4.4.0
[2.469s] -- Searching for dependencies of ignition-fuel_tools4
[2.531s] -- Checking for module 'jsoncpp'
[2.560s] --   Found jsoncpp, version 1.9.5
[2.611s] -- Checking for module 'libzip'
[2.639s] --   Found libzip, version 1.7.3
[2.693s] -- Looking for ignition-common3 -- found version 3.14.0
[2.693s] -- Looking for ignition-math6 -- found version 6.15.1
[2.693s] -- Looking for ignition-msgs5 -- found version 5.8.1
[2.694s] -- Gazebo version: 11.10
[2.836s] -- Found joint_state_broadcaster: 2.33.0 (/opt/ros/humble/share/joint_state_broadcaster/cmake)
[2.906s] -- Found parameter_traits: 0.3.8 (/opt/ros/humble/share/parameter_traits/cmake)
[2.950s] -- Found joint_trajectory_controller: 2.33.0 (/opt/ros/humble/share/joint_trajectory_controller/cmake)
[3.277s] -- Found ament_lint_auto: 0.12.9 (/home/benjamin/ros2_humble/install/ament_lint_auto/share/ament_lint_auto/cmake)
[3.394s] -- Added test 'flake8' to check Python code syntax and style conventions
[3.394s] -- Added test 'lint_cmake' to check CMake code style
[3.394s] -- Added test 'pep257' to check Python code against some of the docstring style conventions in PEP 257
[3.396s] -- Added test 'xmllint' to check XML markup files
[3.396s] -- Configuring done
[3.402s] -- Generating done
[3.404s] -- Build files have been written to: /home/benjamin/tito_ws/build/tito_bringup
[3.441s] Invoked command in '/home/benjamin/tito_ws/build/tito_bringup' returned '0': CMAKE_PREFIX_PATH=${CMAKE_PREFIX_PATH}:/home/benjamin/ws_moveit/install/ros2controlcli:/home/benjamin/ws_moveit/install/moveit_configs_utils:/home/benjamin/tito_ws/install/turtlebot3_teleop:/home/benjamin/tito_ws/install/turtlebot3_example:/opt/ros/humble:/home/benjamin/ros2_humble/install/rqt_bag_plugins:/home/benjamin/ros2_humble/install/rqt_bag:/home/benjamin/ros2_humble/install/ros2bag:/home/benjamin/ros2_humble/install/tracetools_test:/home/benjamin/ros2_humble/install/tracetools_launch:/home/benjamin/ros2_humble/install/topic_monitor:/home/benjamin/ros2_humble/install/tf2_tools:/home/benjamin/ros2_humble/install/examples_tf2_py:/home/benjamin/ros2_humble/install/tf2_ros_py:/home/benjamin/ros2_humble/install/sros2:/home/benjamin/ros2_humble/install/rqt_topic:/home/benjamin/ros2_humble/install/rqt_srv:/home/benjamin/ros2_humble/install/rqt_shell:/home/benjamin/ros2_humble/install/rqt_service_caller:/home/benjamin/ros2_humble/install/rqt_reconfigure:/home/benjamin/ros2_humble/install/rqt_py_console:/home/benjamin/ros2_humble/install/rqt_publisher:/home/benjamin/ros2_humble/install/rqt_plot:/home/benjamin/ros2_humble/install/rqt_action:/home/benjamin/ros2_humble/install/rqt_msg:/home/benjamin/ros2_humble/install/rqt_console:/home/benjamin/ros2_humble/install/rqt:/home/benjamin/ros2_humble/install/rqt_graph:/home/benjamin/ros2_humble/install/rqt_gui_py:/home/benjamin/ros2_humble/install/rqt_gui:/home/benjamin/ros2_humble/install/ros2trace:/home/benjamin/ros2_humble/install/ros2topic:/home/benjamin/ros2_humble/install/ros2test:/home/benjamin/ros2_humble/install/ros2component:/home/benjamin/ros2_humble/install/ros2param:/home/benjamin/ros2_humble/install/ros2lifecycle:/home/benjamin/ros2_humble/install/ros2service:/home/benjamin/ros2_humble/install/ros2run:/home/benjamin/ros2_humble/install/ros2launch:/home/benjamin/ros2_humble/install/ros2pkg:/home/benjamin/ros2_humble/install/ros2node:/home/benjamin/ros2_humble/install/ros2multicast:/home/benjamin/ros2_humble/install/ros2interface:/home/benjamin/ros2_humble/install/ros2doctor:/home/benjamin/ros2_humble/install/ros2action:/home/benjamin/ros2_humble/install/ros2cli:/home/benjamin/ros2_humble/install/quality_of_service_demo_py:/home/benjamin/ros2_humble/install/lifecycle_py:/home/benjamin/ros2_humble/install/launch_testing_ros:/home/benjamin/ros2_humble/install/launch_ros:/home/benjamin/ros2_humble/install/examples_rclpy_pointcloud_publisher:/home/benjamin/ros2_humble/install/examples_rclpy_minimal_subscriber:/home/benjamin/ros2_humble/install/examples_rclpy_minimal_service:/home/benjamin/ros2_humble/install/examples_rclpy_minimal_publisher:/home/benjamin/ros2_humble/install/examples_rclpy_minimal_client:/home/benjamin/ros2_humble/install/examples_rclpy_minimal_action_server:/home/benjamin/ros2_humble/install/examples_rclpy_minimal_action_client:/home/benjamin/ros2_humble/install/examples_rclpy_guard_conditions:/home/benjamin/ros2_humble/install/examples_rclpy_executors:/home/benjamin/ros2_humble/install/demo_nodes_py:/home/benjamin/ros2_humble/install/action_tutorials_py:/home/benjamin/ros2_humble/install/ament_uncrustify:/home/benjamin/ros2_humble/install/tracetools_trace:/home/benjamin/ros2_humble/install/tracetools_read:/home/benjamin/ros2_humble/install/test_tracetools_launch:/home/benjamin/ros2_humble/install/test_launch_ros:/home/benjamin/ros2_humble/install/sensor_msgs_py:/home/benjamin/ros2_humble/install/rpyutils:/home/benjamin/ros2_humble/install/rosidl_runtime_py:/home/benjamin/ros2_humble/install/rosidl_cli:/home/benjamin/ros2_humble/install/launch_pytest:/home/benjamin/ros2_humble/install/launch_testing:/home/benjamin/ros2_humble/install/launch_yaml:/home/benjamin/ros2_humble/install/launch_xml:/home/benjamin/ros2_humble/install/launch:/home/benjamin/ros2_humble/install/osrf_pycommon:/home/benjamin/ros2_humble/install/launch_testing_examples:/home/benjamin/ros2_humble/install/domain_coordinator:/home/benjamin/ros2_humble/install/ament_xmllint:/home/benjamin/ros2_humble/install/ament_pyflakes:/home/benjamin/ros2_humble/install/ament_pycodestyle:/home/benjamin/ros2_humble/install/ament_pep257:/home/benjamin/ros2_humble/install/ament_pclint:/home/benjamin/ros2_humble/install/ament_package:/home/benjamin/ros2_humble/install/ament_mypy:/home/benjamin/ros2_humble/install/ament_lint_cmake:/home/benjamin/ros2_humble/install/ament_flake8:/home/benjamin/ros2_humble/install/ament_copyright:/home/benjamin/ros2_humble/install/ament_lint:/home/benjamin/ros2_humble/install/ament_index_python:/home/benjamin/ros2_humble/install/ament_cpplint:/home/benjamin/ros2_humble/install/ament_cppcheck:/home/benjamin/ros2_humble/install/ament_clang_tidy:/home/benjamin/ros2_humble/install/ament_clang_format /usr/bin/cmake --build /home/benjamin/tito_ws/build/tito_bringup -- -j16 -l16
[3.498s] Invoking command in '/home/benjamin/tito_ws/build/tito_bringup': CMAKE_PREFIX_PATH=${CMAKE_PREFIX_PATH}:/home/benjamin/ws_moveit/install/ros2controlcli:/home/benjamin/ws_moveit/install/moveit_configs_utils:/home/benjamin/tito_ws/install/turtlebot3_teleop:/home/benjamin/tito_ws/install/turtlebot3_example:/opt/ros/humble:/home/benjamin/ros2_humble/install/rqt_bag_plugins:/home/benjamin/ros2_humble/install/rqt_bag:/home/benjamin/ros2_humble/install/ros2bag:/home/benjamin/ros2_humble/install/tracetools_test:/home/benjamin/ros2_humble/install/tracetools_launch:/home/benjamin/ros2_humble/install/topic_monitor:/home/benjamin/ros2_humble/install/tf2_tools:/home/benjamin/ros2_humble/install/examples_tf2_py:/home/benjamin/ros2_humble/install/tf2_ros_py:/home/benjamin/ros2_humble/install/sros2:/home/benjamin/ros2_humble/install/rqt_topic:/home/benjamin/ros2_humble/install/rqt_srv:/home/benjamin/ros2_humble/install/rqt_shell:/home/benjamin/ros2_humble/install/rqt_service_caller:/home/benjamin/ros2_humble/install/rqt_reconfigure:/home/benjamin/ros2_humble/install/rqt_py_console:/home/benjamin/ros2_humble/install/rqt_publisher:/home/benjamin/ros2_humble/install/rqt_plot:/home/benjamin/ros2_humble/install/rqt_action:/home/benjamin/ros2_humble/install/rqt_msg:/home/benjamin/ros2_humble/install/rqt_console:/home/benjamin/ros2_humble/install/rqt:/home/benjamin/ros2_humble/install/rqt_graph:/home/benjamin/ros2_humble/install/rqt_gui_py:/home/benjamin/ros2_humble/install/rqt_gui:/home/benjamin/ros2_humble/install/ros2trace:/home/benjamin/ros2_humble/install/ros2topic:/home/benjamin/ros2_humble/install/ros2test:/home/benjamin/ros2_humble/install/ros2component:/home/benjamin/ros2_humble/install/ros2param:/home/benjamin/ros2_humble/install/ros2lifecycle:/home/benjamin/ros2_humble/install/ros2service:/home/benjamin/ros2_humble/install/ros2run:/home/benjamin/ros2_humble/install/ros2launch:/home/benjamin/ros2_humble/install/ros2pkg:/home/benjamin/ros2_humble/install/ros2node:/home/benjamin/ros2_humble/install/ros2multicast:/home/benjamin/ros2_humble/install/ros2interface:/home/benjamin/ros2_humble/install/ros2doctor:/home/benjamin/ros2_humble/install/ros2action:/home/benjamin/ros2_humble/install/ros2cli:/home/benjamin/ros2_humble/install/quality_of_service_demo_py:/home/benjamin/ros2_humble/install/lifecycle_py:/home/benjamin/ros2_humble/install/launch_testing_ros:/home/benjamin/ros2_humble/install/launch_ros:/home/benjamin/ros2_humble/install/examples_rclpy_pointcloud_publisher:/home/benjamin/ros2_humble/install/examples_rclpy_minimal_subscriber:/home/benjamin/ros2_humble/install/examples_rclpy_minimal_service:/home/benjamin/ros2_humble/install/examples_rclpy_minimal_publisher:/home/benjamin/ros2_humble/install/examples_rclpy_minimal_client:/home/benjamin/ros2_humble/install/examples_rclpy_minimal_action_server:/home/benjamin/ros2_humble/install/examples_rclpy_minimal_action_client:/home/benjamin/ros2_humble/install/examples_rclpy_guard_conditions:/home/benjamin/ros2_humble/install/examples_rclpy_executors:/home/benjamin/ros2_humble/install/demo_nodes_py:/home/benjamin/ros2_humble/install/action_tutorials_py:/home/benjamin/ros2_humble/install/ament_uncrustify:/home/benjamin/ros2_humble/install/tracetools_trace:/home/benjamin/ros2_humble/install/tracetools_read:/home/benjamin/ros2_humble/install/test_tracetools_launch:/home/benjamin/ros2_humble/install/test_launch_ros:/home/benjamin/ros2_humble/install/sensor_msgs_py:/home/benjamin/ros2_humble/install/rpyutils:/home/benjamin/ros2_humble/install/rosidl_runtime_py:/home/benjamin/ros2_humble/install/rosidl_cli:/home/benjamin/ros2_humble/install/launch_pytest:/home/benjamin/ros2_humble/install/launch_testing:/home/benjamin/ros2_humble/install/launch_yaml:/home/benjamin/ros2_humble/install/launch_xml:/home/benjamin/ros2_humble/install/launch:/home/benjamin/ros2_humble/install/osrf_pycommon:/home/benjamin/ros2_humble/install/launch_testing_examples:/home/benjamin/ros2_humble/install/domain_coordinator:/home/benjamin/ros2_humble/install/ament_xmllint:/home/benjamin/ros2_humble/install/ament_pyflakes:/home/benjamin/ros2_humble/install/ament_pycodestyle:/home/benjamin/ros2_humble/install/ament_pep257:/home/benjamin/ros2_humble/install/ament_pclint:/home/benjamin/ros2_humble/install/ament_package:/home/benjamin/ros2_humble/install/ament_mypy:/home/benjamin/ros2_humble/install/ament_lint_cmake:/home/benjamin/ros2_humble/install/ament_flake8:/home/benjamin/ros2_humble/install/ament_copyright:/home/benjamin/ros2_humble/install/ament_lint:/home/benjamin/ros2_humble/install/ament_index_python:/home/benjamin/ros2_humble/install/ament_cpplint:/home/benjamin/ros2_humble/install/ament_cppcheck:/home/benjamin/ros2_humble/install/ament_clang_tidy:/home/benjamin/ros2_humble/install/ament_clang_format /usr/bin/cmake --install /home/benjamin/tito_ws/build/tito_bringup
[3.509s] -- Install configuration: ""
[3.509s] -- Up-to-date: /home/benjamin/tito_ws/install/tito_bringup/share/tito_bringup//urdf
[3.509s] -- Up-to-date: /home/benjamin/tito_ws/install/tito_bringup/share/tito_bringup//urdf/tito.urdf
[3.509s] -- Up-to-date: /home/benjamin/tito_ws/install/tito_bringup/share/tito_bringup//urdf/TITO Moves v1.csv
[3.509s] -- Up-to-date: /home/benjamin/tito_ws/install/tito_bringup/share/tito_bringup//rviz
[3.509s] -- Up-to-date: /home/benjamin/tito_ws/install/tito_bringup/share/tito_bringup//rviz/rviz.rviz
[3.509s] -- Up-to-date: /home/benjamin/tito_ws/install/tito_bringup/share/tito_bringup//launch
[3.510s] -- Up-to-date: /home/benjamin/tito_ws/install/tito_bringup/share/tito_bringup//launch/spawn_tito.launch.py
[3.510s] -- Up-to-date: /home/benjamin/tito_ws/install/tito_bringup/share/tito_bringup//launch/tito_visualize.launch.py
[3.510s] -- Up-to-date: /home/benjamin/tito_ws/install/tito_bringup/share/tito_bringup//launch/control.launch.py
[3.510s] -- Up-to-date: /home/benjamin/tito_ws/install/tito_bringup/share/tito_bringup//launch/start_world.launch.py
[3.510s] -- Up-to-date: /home/benjamin/tito_ws/install/tito_bringup/share/tito_bringup//launch/spawn_gazebo.launch.xml
[3.510s] -- Up-to-date: /home/benjamin/tito_ws/install/tito_bringup/share/tito_bringup//worlds
[3.510s] -- Up-to-date: /home/benjamin/tito_ws/install/tito_bringup/share/tito_bringup//worlds/model.world
[3.510s] -- Up-to-date: /home/benjamin/tito_ws/install/tito_bringup/share/tito_bringup//worlds/tito_empty.world
[3.510s] -- Up-to-date: /home/benjamin/tito_ws/install/tito_bringup/share/tito_bringup//models
[3.510s] -- Up-to-date: /home/benjamin/tito_ws/install/tito_bringup/share/tito_bringup//models/model.sdf
[3.510s] -- Up-to-date: /home/benjamin/tito_ws/install/tito_bringup/share/tito_bringup//models/moon_diffuse.png
[3.510s] -- Up-to-date: /home/benjamin/tito_ws/install/tito_bringup/share/tito_bringup//models/1.png
[3.510s] -- Up-to-date: /home/benjamin/tito_ws/install/tito_bringup/share/tito_bringup//models/moon.tif
[3.510s] -- Up-to-date: /home/benjamin/tito_ws/install/tito_bringup/share/tito_bringup//models/white_alpha.png
[3.510s] -- Up-to-date: /home/benjamin/tito_ws/install/tito_bringup/share/tito_bringup//models/model.config
[3.510s] -- Up-to-date: /home/benjamin/tito_ws/install/tito_bringup/share/tito_bringup//config
[3.510s] -- Up-to-date: /home/benjamin/tito_ws/install/tito_bringup/share/tito_bringup//config/controller_velocity.yaml
[3.510s] -- Installing: /home/benjamin/tito_ws/install/tito_bringup/share/ament_index/resource_index/package_run_dependencies/tito_bringup
[3.510s] -- Up-to-date: /home/benjamin/tito_ws/install/tito_bringup/share/ament_index/resource_index/parent_prefix_path/tito_bringup
[3.510s] -- Installing: /home/benjamin/tito_ws/install/tito_bringup/share/tito_bringup/environment/ament_prefix_path.dsv
[3.510s] -- Installing: /home/benjamin/tito_ws/install/tito_bringup/share/tito_bringup/environment/path.dsv
[3.510s] -- Up-to-date: /home/benjamin/tito_ws/install/tito_bringup/share/tito_bringup/local_setup.bash
[3.510s] -- Up-to-date: /home/benjamin/tito_ws/install/tito_bringup/share/tito_bringup/local_setup.sh
[3.510s] -- Up-to-date: /home/benjamin/tito_ws/install/tito_bringup/share/tito_bringup/local_setup.zsh
[3.510s] -- Installing: /home/benjamin/tito_ws/install/tito_bringup/share/tito_bringup/local_setup.dsv
[3.510s] -- Installing: /home/benjamin/tito_ws/install/tito_bringup/share/tito_bringup/package.dsv
[3.510s] -- Up-to-date: /home/benjamin/tito_ws/install/tito_bringup/share/ament_index/resource_index/packages/tito_bringup
[3.510s] -- Up-to-date: /home/benjamin/tito_ws/install/tito_bringup/share/tito_bringup/cmake/tito_bringupConfig.cmake
[3.510s] -- Up-to-date: /home/benjamin/tito_ws/install/tito_bringup/share/tito_bringup/cmake/tito_bringupConfig-version.cmake
[3.510s] -- Installing: /home/benjamin/tito_ws/install/tito_bringup/share/tito_bringup/package.xml
[3.511s] Invoked command in '/home/benjamin/tito_ws/build/tito_bringup' returned '0': CMAKE_PREFIX_PATH=${CMAKE_PREFIX_PATH}:/home/benjamin/ws_moveit/install/ros2controlcli:/home/benjamin/ws_moveit/install/moveit_configs_utils:/home/benjamin/tito_ws/install/turtlebot3_teleop:/home/benjamin/tito_ws/install/turtlebot3_example:/opt/ros/humble:/home/benjamin/ros2_humble/install/rqt_bag_plugins:/home/benjamin/ros2_humble/install/rqt_bag:/home/benjamin/ros2_humble/install/ros2bag:/home/benjamin/ros2_humble/install/tracetools_test:/home/benjamin/ros2_humble/install/tracetools_launch:/home/benjamin/ros2_humble/install/topic_monitor:/home/benjamin/ros2_humble/install/tf2_tools:/home/benjamin/ros2_humble/install/examples_tf2_py:/home/benjamin/ros2_humble/install/tf2_ros_py:/home/benjamin/ros2_humble/install/sros2:/home/benjamin/ros2_humble/install/rqt_topic:/home/benjamin/ros2_humble/install/rqt_srv:/home/benjamin/ros2_humble/install/rqt_shell:/home/benjamin/ros2_humble/install/rqt_service_caller:/home/benjamin/ros2_humble/install/rqt_reconfigure:/home/benjamin/ros2_humble/install/rqt_py_console:/home/benjamin/ros2_humble/install/rqt_publisher:/home/benjamin/ros2_humble/install/rqt_plot:/home/benjamin/ros2_humble/install/rqt_action:/home/benjamin/ros2_humble/install/rqt_msg:/home/benjamin/ros2_humble/install/rqt_console:/home/benjamin/ros2_humble/install/rqt:/home/benjamin/ros2_humble/install/rqt_graph:/home/benjamin/ros2_humble/install/rqt_gui_py:/home/benjamin/ros2_humble/install/rqt_gui:/home/benjamin/ros2_humble/install/ros2trace:/home/benjamin/ros2_humble/install/ros2topic:/home/benjamin/ros2_humble/install/ros2test:/home/benjamin/ros2_humble/install/ros2component:/home/benjamin/ros2_humble/install/ros2param:/home/benjamin/ros2_humble/install/ros2lifecycle:/home/benjamin/ros2_humble/install/ros2service:/home/benjamin/ros2_humble/install/ros2run:/home/benjamin/ros2_humble/install/ros2launch:/home/benjamin/ros2_humble/install/ros2pkg:/home/benjamin/ros2_humble/install/ros2node:/home/benjamin/ros2_humble/install/ros2multicast:/home/benjamin/ros2_humble/install/ros2interface:/home/benjamin/ros2_humble/install/ros2doctor:/home/benjamin/ros2_humble/install/ros2action:/home/benjamin/ros2_humble/install/ros2cli:/home/benjamin/ros2_humble/install/quality_of_service_demo_py:/home/benjamin/ros2_humble/install/lifecycle_py:/home/benjamin/ros2_humble/install/launch_testing_ros:/home/benjamin/ros2_humble/install/launch_ros:/home/benjamin/ros2_humble/install/examples_rclpy_pointcloud_publisher:/home/benjamin/ros2_humble/install/examples_rclpy_minimal_subscriber:/home/benjamin/ros2_humble/install/examples_rclpy_minimal_service:/home/benjamin/ros2_humble/install/examples_rclpy_minimal_publisher:/home/benjamin/ros2_humble/install/examples_rclpy_minimal_client:/home/benjamin/ros2_humble/install/examples_rclpy_minimal_action_server:/home/benjamin/ros2_humble/install/examples_rclpy_minimal_action_client:/home/benjamin/ros2_humble/install/examples_rclpy_guard_conditions:/home/benjamin/ros2_humble/install/examples_rclpy_executors:/home/benjamin/ros2_humble/install/demo_nodes_py:/home/benjamin/ros2_humble/install/action_tutorials_py:/home/benjamin/ros2_humble/install/ament_uncrustify:/home/benjamin/ros2_humble/install/tracetools_trace:/home/benjamin/ros2_humble/install/tracetools_read:/home/benjamin/ros2_humble/install/test_tracetools_launch:/home/benjamin/ros2_humble/install/test_launch_ros:/home/benjamin/ros2_humble/install/sensor_msgs_py:/home/benjamin/ros2_humble/install/rpyutils:/home/benjamin/ros2_humble/install/rosidl_runtime_py:/home/benjamin/ros2_humble/install/rosidl_cli:/home/benjamin/ros2_humble/install/launch_pytest:/home/benjamin/ros2_humble/install/launch_testing:/home/benjamin/ros2_humble/install/launch_yaml:/home/benjamin/ros2_humble/install/launch_xml:/home/benjamin/ros2_humble/install/launch:/home/benjamin/ros2_humble/install/osrf_pycommon:/home/benjamin/ros2_humble/install/launch_testing_examples:/home/benjamin/ros2_humble/install/domain_coordinator:/home/benjamin/ros2_humble/install/ament_xmllint:/home/benjamin/ros2_humble/install/ament_pyflakes:/home/benjamin/ros2_humble/install/ament_pycodestyle:/home/benjamin/ros2_humble/install/ament_pep257:/home/benjamin/ros2_humble/install/ament_pclint:/home/benjamin/ros2_humble/install/ament_package:/home/benjamin/ros2_humble/install/ament_mypy:/home/benjamin/ros2_humble/install/ament_lint_cmake:/home/benjamin/ros2_humble/install/ament_flake8:/home/benjamin/ros2_humble/install/ament_copyright:/home/benjamin/ros2_humble/install/ament_lint:/home/benjamin/ros2_humble/install/ament_index_python:/home/benjamin/ros2_humble/install/ament_cpplint:/home/benjamin/ros2_humble/install/ament_cppcheck:/home/benjamin/ros2_humble/install/ament_clang_tidy:/home/benjamin/ros2_humble/install/ament_clang_format /usr/bin/cmake --install /home/benjamin/tito_ws/build/tito_bringup
