-- Found ament_cmake: 1.3.6 (/home/benjamin/ros2_humble/install/ament_cmake/share/ament_cmake/cmake)
-- Override CMake install command with custom implementation using symlinks instead of copying resources
-- Found urdf: 2.6.0 (/home/benjamin/ros2_humble/install/urdf/share/urdf/cmake)
-- Configuring done
-- Generating done
-- Build files have been written to: /home/benjamin/tito_ws/build/turtlebot3_description
-- Install configuration: ""
-- Execute custom install script
-- Symlinking: /home/benjamin/tito_ws/install/turtlebot3_description/share/turtlebot3_description/meshes/bases/burger_base.stl
-- Symlinking: /home/benjamin/tito_ws/install/turtlebot3_description/share/turtlebot3_description/meshes/bases/waffle_base.stl
-- Symlinking: /home/benjamin/tito_ws/install/turtlebot3_description/share/turtlebot3_description/meshes/bases/waffle_pi_base.stl
-- Symlinking: /home/benjamin/tito_ws/install/turtlebot3_description/share/turtlebot3_description/meshes/sensors/astra.dae
-- Symlinking: /home/benjamin/tito_ws/install/turtlebot3_description/share/turtlebot3_description/meshes/sensors/astra.jpg
-- Symlinking: /home/benjamin/tito_ws/install/turtlebot3_description/share/turtlebot3_description/meshes/sensors/lds.stl
-- Symlinking: /home/benjamin/tito_ws/install/turtlebot3_description/share/turtlebot3_description/meshes/sensors/r200.dae
-- Symlinking: /home/benjamin/tito_ws/install/turtlebot3_description/share/turtlebot3_description/meshes/sensors/r200.jpg
-- Symlinking: /home/benjamin/tito_ws/install/turtlebot3_description/share/turtlebot3_description/meshes/wheels/left_tire.stl
-- Symlinking: /home/benjamin/tito_ws/install/turtlebot3_description/share/turtlebot3_description/meshes/wheels/right_tire.stl
-- Symlinking: /home/benjamin/tito_ws/install/turtlebot3_description/share/turtlebot3_description/rviz/model.rviz
-- Symlinking: /home/benjamin/tito_ws/install/turtlebot3_description/share/turtlebot3_description/urdf/common_properties.urdf
-- Symlinking: /home/benjamin/tito_ws/install/turtlebot3_description/share/turtlebot3_description/urdf/turtlebot3_burger.urdf
-- Symlinking: /home/benjamin/tito_ws/install/turtlebot3_description/share/turtlebot3_description/urdf/turtlebot3_waffle.urdf
-- Symlinking: /home/benjamin/tito_ws/install/turtlebot3_description/share/turtlebot3_description/urdf/turtlebot3_waffle_pi.urdf
-- Symlinking: /home/benjamin/tito_ws/install/turtlebot3_description/share/ament_index/resource_index/package_run_dependencies/turtlebot3_description
-- Symlinking: /home/benjamin/tito_ws/install/turtlebot3_description/share/ament_index/resource_index/parent_prefix_path/turtlebot3_description
-- Up-to-date symlink: /home/benjamin/tito_ws/install/turtlebot3_description/share/turtlebot3_description/environment/ament_prefix_path.sh
-- Symlinking: /home/benjamin/tito_ws/install/turtlebot3_description/share/turtlebot3_description/environment/ament_prefix_path.dsv
-- Up-to-date symlink: /home/benjamin/tito_ws/install/turtlebot3_description/share/turtlebot3_description/environment/path.sh
-- Symlinking: /home/benjamin/tito_ws/install/turtlebot3_description/share/turtlebot3_description/environment/path.dsv
-- Symlinking: /home/benjamin/tito_ws/install/turtlebot3_description/share/turtlebot3_description/local_setup.bash
-- Symlinking: /home/benjamin/tito_ws/install/turtlebot3_description/share/turtlebot3_description/local_setup.sh
-- Symlinking: /home/benjamin/tito_ws/install/turtlebot3_description/share/turtlebot3_description/local_setup.zsh
-- Symlinking: /home/benjamin/tito_ws/install/turtlebot3_description/share/turtlebot3_description/local_setup.dsv
-- Symlinking: /home/benjamin/tito_ws/install/turtlebot3_description/share/turtlebot3_description/package.dsv
-- Symlinking: /home/benjamin/tito_ws/install/turtlebot3_description/share/ament_index/resource_index/packages/turtlebot3_description
-- Symlinking: /home/benjamin/tito_ws/install/turtlebot3_description/share/turtlebot3_description/cmake/turtlebot3_descriptionConfig.cmake
-- Symlinking: /home/benjamin/tito_ws/install/turtlebot3_description/share/turtlebot3_description/cmake/turtlebot3_descriptionConfig-version.cmake
-- Symlinking: /home/benjamin/tito_ws/install/turtlebot3_description/share/turtlebot3_description/package.xml
