[1.505s] Invoking command in '/home/benjamin/tito_ws/build/turtlebot3_example': PYTHONPATH=/home/benjamin/tito_ws/build/turtlebot3_example/prefix_override:/home/benjamin/tito_ws/install/turtlebot3_example/lib/python3.10/site-packages:${PYTHONPATH} /usr/bin/python3 -W ignore:setup.py install is deprecated setup.py develop --editable --build-directory /home/benjamin/tito_ws/build/turtlebot3_example/build --no-deps symlink_data --force
[1.933s] running develop
[1.933s] /usr/lib/python3/dist-packages/setuptools/command/easy_install.py:158: EasyInstallDeprecationWarning: easy_install command is deprecated. Use build and pip and other standards-based tools.
[1.933s]   warnings.warn(
[2.147s] running egg_info
[2.147s] writing turtlebot3_example.egg-info/PKG-INFO
[2.147s] writing dependency_links to turtlebot3_example.egg-info/dependency_links.txt
[2.147s] writing entry points to turtlebot3_example.egg-info/entry_points.txt
[2.147s] writing requirements to turtlebot3_example.egg-info/requires.txt
[2.147s] writing top-level names to turtlebot3_example.egg-info/top_level.txt
[2.149s] reading manifest file 'turtlebot3_example.egg-info/SOURCES.txt'
[2.149s] writing manifest file 'turtlebot3_example.egg-info/SOURCES.txt'
[2.153s] running build_ext
[2.153s] Creating /home/benjamin/tito_ws/install/turtlebot3_example/lib/python3.10/site-packages/turtlebot3-example.egg-link (link to .)
[2.154s] Installing turtlebot3_obstacle_detection script to /home/benjamin/tito_ws/install/turtlebot3_example/lib/turtlebot3_example
[2.154s] Installing turtlebot3_patrol_client script to /home/benjamin/tito_ws/install/turtlebot3_example/lib/turtlebot3_example
[2.154s] Installing turtlebot3_patrol_server script to /home/benjamin/tito_ws/install/turtlebot3_example/lib/turtlebot3_example
[2.155s] Installing turtlebot3_position_control script to /home/benjamin/tito_ws/install/turtlebot3_example/lib/turtlebot3_example
[2.155s] 
[2.155s] Installed /home/benjamin/tito_ws/build/turtlebot3_example
[2.155s] running symlink_data
[2.155s] symbolically linking /home/benjamin/tito_ws/build/turtlebot3_example/resource/turtlebot3_example -> /home/benjamin/tito_ws/install/turtlebot3_example/share/ament_index/resource_index/packages
[2.155s] symbolically linking /home/benjamin/tito_ws/build/turtlebot3_example/package.xml -> /home/benjamin/tito_ws/install/turtlebot3_example/share/turtlebot3_example
[2.179s] Invoked command in '/home/benjamin/tito_ws/build/turtlebot3_example' returned '0': PYTHONPATH=/home/benjamin/tito_ws/build/turtlebot3_example/prefix_override:/home/benjamin/tito_ws/install/turtlebot3_example/lib/python3.10/site-packages:${PYTHONPATH} /usr/bin/python3 -W ignore:setup.py install is deprecated setup.py develop --editable --build-directory /home/benjamin/tito_ws/build/turtlebot3_example/build --no-deps symlink_data --force
