[1.838s] Invoking command in '/home/benjamin/tito_ws/src/turtlebot3/turtlebot3_teleop': PYTHONPATH=/home/benjamin/tito_ws/build/turtlebot3_teleop/prefix_override:/home/benjamin/tito_ws/install/turtlebot3_teleop/lib/python3.10/site-packages:${PYTHONPATH} /usr/bin/python3 setup.py egg_info --egg-base ../../../build/turtlebot3_teleop build --build-base /home/benjamin/tito_ws/build/turtlebot3_teleop/build install --record /home/benjamin/tito_ws/build/turtlebot3_teleop/install.log --single-version-externally-managed
[2.184s] /usr/lib/python3/dist-packages/setuptools/command/install.py:34: SetuptoolsDeprecationWarning: setup.py install is deprecated. Use build and pip and other standards-based tools.
[2.185s]   warnings.warn(
[2.185s] running egg_info
[2.185s] writing ../../../build/turtlebot3_teleop/turtlebot3_teleop.egg-info/PKG-INFO
[2.185s] writing dependency_links to ../../../build/turtlebot3_teleop/turtlebot3_teleop.egg-info/dependency_links.txt
[2.185s] writing entry points to ../../../build/turtlebot3_teleop/turtlebot3_teleop.egg-info/entry_points.txt
[2.185s] writing requirements to ../../../build/turtlebot3_teleop/turtlebot3_teleop.egg-info/requires.txt
[2.185s] writing top-level names to ../../../build/turtlebot3_teleop/turtlebot3_teleop.egg-info/top_level.txt
[2.185s] reading manifest file '../../../build/turtlebot3_teleop/turtlebot3_teleop.egg-info/SOURCES.txt'
[2.185s] writing manifest file '../../../build/turtlebot3_teleop/turtlebot3_teleop.egg-info/SOURCES.txt'
[2.185s] running build
[2.186s] running build_py
[2.186s] running install
[2.186s] running install_lib
[2.186s] running install_data
[2.186s] running install_egg_info
[2.186s] removing '/home/benjamin/tito_ws/install/turtlebot3_teleop/lib/python3.10/site-packages/turtlebot3_teleop-2.1.5-py3.10.egg-info' (and everything under it)
[2.186s] Copying ../../../build/turtlebot3_teleop/turtlebot3_teleop.egg-info to /home/benjamin/tito_ws/install/turtlebot3_teleop/lib/python3.10/site-packages/turtlebot3_teleop-2.1.5-py3.10.egg-info
[2.186s] running install_scripts
[2.204s] Installing teleop_keyboard script to /home/benjamin/tito_ws/install/turtlebot3_teleop/lib/turtlebot3_teleop
[2.204s] writing list of installed files to '/home/benjamin/tito_ws/build/turtlebot3_teleop/install.log'
[2.505s] Invoked command in '/home/benjamin/tito_ws/src/turtlebot3/turtlebot3_teleop' returned '0': PYTHONPATH=/home/benjamin/tito_ws/build/turtlebot3_teleop/prefix_override:/home/benjamin/tito_ws/install/turtlebot3_teleop/lib/python3.10/site-packages:${PYTHONPATH} /usr/bin/python3 setup.py egg_info --egg-base ../../../build/turtlebot3_teleop build --build-base /home/benjamin/tito_ws/build/turtlebot3_teleop/build install --record /home/benjamin/tito_ws/build/turtlebot3_teleop/install.log --single-version-externally-managed
