[1.476s] Invoking command in '/home/benjamin/tito_ws/build/turtlebot3_teleop': PYTHONPATH=/home/benjamin/tito_ws/build/turtlebot3_teleop/prefix_override:/home/benjamin/tito_ws/install/turtlebot3_teleop/lib/python3.10/site-packages:${PYTHONPATH} /usr/bin/python3 -W ignore:setup.py install is deprecated setup.py develop --editable --build-directory /home/benjamin/tito_ws/build/turtlebot3_teleop/build --no-deps symlink_data --force
[1.893s] running develop
[1.893s] /usr/lib/python3/dist-packages/setuptools/command/easy_install.py:158: EasyInstallDeprecationWarning: easy_install command is deprecated. Use build and pip and other standards-based tools.
[1.893s]   warnings.warn(
[2.112s] running egg_info
[2.112s] writing turtlebot3_teleop.egg-info/PKG-INFO
[2.112s] writing dependency_links to turtlebot3_teleop.egg-info/dependency_links.txt
[2.113s] writing entry points to turtlebot3_teleop.egg-info/entry_points.txt
[2.113s] writing requirements to turtlebot3_teleop.egg-info/requires.txt
[2.113s] writing top-level names to turtlebot3_teleop.egg-info/top_level.txt
[2.114s] reading manifest file 'turtlebot3_teleop.egg-info/SOURCES.txt'
[2.115s] writing manifest file 'turtlebot3_teleop.egg-info/SOURCES.txt'
[2.118s] running build_ext
[2.119s] Creating /home/benjamin/tito_ws/install/turtlebot3_teleop/lib/python3.10/site-packages/turtlebot3-teleop.egg-link (link to .)
[2.119s] Installing teleop_keyboard script to /home/benjamin/tito_ws/install/turtlebot3_teleop/lib/turtlebot3_teleop
[2.119s] 
[2.119s] Installed /home/benjamin/tito_ws/build/turtlebot3_teleop
[2.119s] running symlink_data
[2.119s] symbolically linking /home/benjamin/tito_ws/build/turtlebot3_teleop/resource/turtlebot3_teleop -> /home/benjamin/tito_ws/install/turtlebot3_teleop/share/ament_index/resource_index/packages
[2.119s] symbolically linking /home/benjamin/tito_ws/build/turtlebot3_teleop/package.xml -> /home/benjamin/tito_ws/install/turtlebot3_teleop/share/turtlebot3_teleop
[2.141s] Invoked command in '/home/benjamin/tito_ws/build/turtlebot3_teleop' returned '0': PYTHONPATH=/home/benjamin/tito_ws/build/turtlebot3_teleop/prefix_override:/home/benjamin/tito_ws/install/turtlebot3_teleop/lib/python3.10/site-packages:${PYTHONPATH} /usr/bin/python3 -W ignore:setup.py install is deprecated setup.py develop --editable --build-directory /home/benjamin/tito_ws/build/turtlebot3_teleop/build --no-deps symlink_data --force
