-- Found ament_cmake: 1.3.6 (/home/benjamin/ros2_humble/install/ament_cmake/share/ament_cmake/cmake)
-- Found urdf: 2.6.0 (/home/benjamin/ros2_humble/install/urdf/share/urdf/cmake)
-- Found xacro: 2.0.8 (/opt/ros/humble/share/xacro/cmake)
-- Found ros2_control: 2.13.0 (/home/benjamin/ws_moveit/install/ros2_control/share/ros2_control/cmake)
-- Found hardware_interface: 2.13.0 (/home/benjamin/ws_moveit/install/hardware_interface/share/hardware_interface/cmake)
-- Found rosidl_generator_c: 3.1.5 (/home/benjamin/ros2_humble/install/rosidl_generator_c/share/rosidl_generator_c/cmake)
-- Found rosidl_adapter: 3.1.5 (/home/benjamin/ros2_humble/install/rosidl_adapter/share/rosidl_adapter/cmake)
-- Found rosidl_generator_cpp: 3.1.5 (/home/benjamin/ros2_humble/install/rosidl_generator_cpp/share/rosidl_generator_cpp/cmake)
-- Using all available rosidl_typesupport_c: rosidl_typesupport_fastrtps_c;rosidl_typesupport_introspection_c
-- Using all available rosidl_typesupport_cpp: rosidl_typesupport_fastrtps_cpp;rosidl_typesupport_introspection_cpp
-- Found rmw_implementation_cmake: 6.1.1 (/home/benjamin/ros2_humble/install/rmw_implementation_cmake/share/rmw_implementation_cmake/cmake)
-- Found rmw_fastrtps_cpp: 6.2.5 (/home/benjamin/ros2_humble/install/rmw_fastrtps_cpp/share/rmw_fastrtps_cpp/cmake)
-- Found TinyXML2 via Config file: TinyXML2_DIR-NOTFOUND
-- Found TinyXML2 via Config file: TinyXML2_DIR-NOTFOUND
-- Found TinyXML2 via Config file: TinyXML2_DIR-NOTFOUND
-- Found TinyXML2 via Config file: TinyXML2_DIR-NOTFOUND
-- Using RMW implementation 'rmw_fastrtps_cpp' as default
-- Configuring incomplete, errors occurred!
See also "/home/benjamin/tito_ws/build/tito_bringup/CMakeFiles/CMakeOutput.log".
[31mCMake Error at CMakeLists.txt:17 (find_package):
  By not providing "Findgz_ros2_control.cmake" in CMAKE_MODULE_PATH this
  project has asked CMake to find a package configuration file provided by
  "gz_ros2_control", but CMake did not find one.

  Could not find a package configuration file provided by "gz_ros2_control"
  with any of the following names:

    gz_ros2_controlConfig.cmake
    gz_ros2_control-config.cmake

  Add the installation prefix of "gz_ros2_control" to CMAKE_PREFIX_PATH or
  set "gz_ros2_control_DIR" to a directory containing one of the above files.
  If "gz_ros2_control" provides a separate development package or SDK, be
  sure it has been installed.

[0m
gmake: *** [Makefile:226: cmake_check_build_system] Error 1
