[0.202s] DEBUG:colcon:Command line arguments: ['/usr/bin/colcon', 'build', '--packages-select', 'tito_bringup']
[0.203s] DEBUG:colcon:Parsed command line arguments: Namespace(log_base=None, log_level=None, verb_name='build', build_base='build', install_base='install', merge_install=False, symlink_install=False, test_result_base=None, continue_on_error=False, executor='parallel', parallel_workers=16, event_handlers=None, ignore_user_meta=False, metas=['./colcon.meta'], base_paths=['.'], packages_ignore=None, packages_ignore_regex=None, paths=None, packages_up_to=None, packages_up_to_regex=None, packages_above=None, packages_above_and_dependencies=None, packages_above_depth=None, packages_select_by_dep=None, packages_skip_by_dep=None, packages_skip_up_to=None, packages_select_build_failed=False, packages_skip_build_finished=False, packages_select_test_failures=False, packages_skip_test_passed=False, packages_select=['tito_bringup'], packages_skip=None, packages_select_regex=None, packages_skip_regex=None, packages_start=None, packages_end=None, allow_overriding=[], cmake_args=None, cmake_target=None, cmake_target_skip_unavailable=False, cmake_clean_cache=False, cmake_clean_first=False, cmake_force_configure=False, ament_cmake_args=None, catkin_cmake_args=None, catkin_skip_building_tests=False, mixin_files=None, mixin=None, verb_parser=<colcon_mixin.mixin.mixin_argument.MixinArgumentDecorator object at 0x78a9f5d71a50>, verb_extension=<colcon_core.verb.build.BuildVerb object at 0x78a9f5d71540>, main=<bound method BuildVerb.main of <colcon_core.verb.build.BuildVerb object at 0x78a9f5d71540>>, mixin_verb=('build',))
[0.383s] Level 1:colcon.colcon_core.package_discovery:discover_packages(colcon_meta) check parameters
[0.383s] Level 1:colcon.colcon_core.package_discovery:discover_packages(recursive) check parameters
[0.383s] Level 1:colcon.colcon_core.package_discovery:discover_packages(ignore) check parameters
[0.383s] Level 1:colcon.colcon_core.package_discovery:discover_packages(path) check parameters
[0.383s] Level 1:colcon.colcon_core.package_discovery:discover_packages(colcon_meta) discover
[0.383s] Level 1:colcon.colcon_core.package_discovery:discover_packages(recursive) discover
[0.383s] INFO:colcon.colcon_core.package_discovery:Crawling recursively for packages in '/home/benjamin/tito_ws'
[0.383s] Level 1:colcon.colcon_core.package_identification:_identify(.) by extensions ['ignore', 'ignore_ament_install']
[0.384s] Level 1:colcon.colcon_core.package_identification:_identify(.) by extension 'ignore'
[0.384s] Level 1:colcon.colcon_core.package_identification:_identify(.) by extension 'ignore_ament_install'
[0.384s] Level 1:colcon.colcon_core.package_identification:_identify(.) by extensions ['colcon_pkg']
[0.384s] Level 1:colcon.colcon_core.package_identification:_identify(.) by extension 'colcon_pkg'
[0.384s] Level 1:colcon.colcon_core.package_identification:_identify(.) by extensions ['colcon_meta']
[0.384s] Level 1:colcon.colcon_core.package_identification:_identify(.) by extension 'colcon_meta'
[0.384s] Level 1:colcon.colcon_core.package_identification:_identify(.) by extensions ['ros']
[0.384s] Level 1:colcon.colcon_core.package_identification:_identify(.) by extension 'ros'
[0.392s] Level 1:colcon.colcon_core.package_identification:_identify(.) by extensions ['cmake', 'python']
[0.392s] Level 1:colcon.colcon_core.package_identification:_identify(.) by extension 'cmake'
[0.392s] Level 1:colcon.colcon_core.package_identification:_identify(.) by extension 'python'
[0.392s] Level 1:colcon.colcon_core.package_identification:_identify(.) by extensions ['python_setup_py']
[0.392s] Level 1:colcon.colcon_core.package_identification:_identify(.) by extension 'python_setup_py'
[0.392s] Level 1:colcon.colcon_core.package_identification:_identify(build) by extensions ['ignore', 'ignore_ament_install']
[0.392s] Level 1:colcon.colcon_core.package_identification:_identify(build) by extension 'ignore'
[0.392s] Level 1:colcon.colcon_core.package_identification:_identify(build) ignored
[0.392s] Level 1:colcon.colcon_core.package_identification:_identify(install) by extensions ['ignore', 'ignore_ament_install']
[0.392s] Level 1:colcon.colcon_core.package_identification:_identify(install) by extension 'ignore'
[0.392s] Level 1:colcon.colcon_core.package_identification:_identify(install) ignored
[0.392s] Level 1:colcon.colcon_core.package_identification:_identify(log) by extensions ['ignore', 'ignore_ament_install']
[0.393s] Level 1:colcon.colcon_core.package_identification:_identify(log) by extension 'ignore'
[0.393s] Level 1:colcon.colcon_core.package_identification:_identify(log) ignored
[0.393s] Level 1:colcon.colcon_core.package_identification:_identify(src) by extensions ['ignore', 'ignore_ament_install']
[0.393s] Level 1:colcon.colcon_core.package_identification:_identify(src) by extension 'ignore'
[0.393s] Level 1:colcon.colcon_core.package_identification:_identify(src) by extension 'ignore_ament_install'
[0.393s] Level 1:colcon.colcon_core.package_identification:_identify(src) by extensions ['colcon_pkg']
[0.393s] Level 1:colcon.colcon_core.package_identification:_identify(src) by extension 'colcon_pkg'
[0.393s] Level 1:colcon.colcon_core.package_identification:_identify(src) by extensions ['colcon_meta']
[0.393s] Level 1:colcon.colcon_core.package_identification:_identify(src) by extension 'colcon_meta'
[0.393s] Level 1:colcon.colcon_core.package_identification:_identify(src) by extensions ['ros']
[0.393s] Level 1:colcon.colcon_core.package_identification:_identify(src) by extension 'ros'
[0.393s] Level 1:colcon.colcon_core.package_identification:_identify(src) by extensions ['cmake', 'python']
[0.393s] Level 1:colcon.colcon_core.package_identification:_identify(src) by extension 'cmake'
[0.393s] Level 1:colcon.colcon_core.package_identification:_identify(src) by extension 'python'
[0.393s] Level 1:colcon.colcon_core.package_identification:_identify(src) by extensions ['python_setup_py']
[0.393s] Level 1:colcon.colcon_core.package_identification:_identify(src) by extension 'python_setup_py'
[0.393s] Level 1:colcon.colcon_core.package_identification:_identify(src/tito_bringup) by extensions ['ignore', 'ignore_ament_install']
[0.393s] Level 1:colcon.colcon_core.package_identification:_identify(src/tito_bringup) by extension 'ignore'
[0.393s] Level 1:colcon.colcon_core.package_identification:_identify(src/tito_bringup) by extension 'ignore_ament_install'
[0.393s] Level 1:colcon.colcon_core.package_identification:_identify(src/tito_bringup) by extensions ['colcon_pkg']
[0.393s] Level 1:colcon.colcon_core.package_identification:_identify(src/tito_bringup) by extension 'colcon_pkg'
[0.393s] Level 1:colcon.colcon_core.package_identification:_identify(src/tito_bringup) by extensions ['colcon_meta']
[0.393s] Level 1:colcon.colcon_core.package_identification:_identify(src/tito_bringup) by extension 'colcon_meta'
[0.393s] Level 1:colcon.colcon_core.package_identification:_identify(src/tito_bringup) by extensions ['ros']
[0.393s] Level 1:colcon.colcon_core.package_identification:_identify(src/tito_bringup) by extension 'ros'
[0.395s] DEBUG:colcon.colcon_core.package_identification:Package 'src/tito_bringup' with type 'ros.ament_cmake' and name 'tito_bringup'
[0.395s] Level 1:colcon.colcon_core.package_identification:_identify(src/turtlebot3) by extensions ['ignore', 'ignore_ament_install']
[0.395s] Level 1:colcon.colcon_core.package_identification:_identify(src/turtlebot3) by extension 'ignore'
[0.395s] Level 1:colcon.colcon_core.package_identification:_identify(src/turtlebot3) by extension 'ignore_ament_install'
[0.395s] Level 1:colcon.colcon_core.package_identification:_identify(src/turtlebot3) by extensions ['colcon_pkg']
[0.395s] Level 1:colcon.colcon_core.package_identification:_identify(src/turtlebot3) by extension 'colcon_pkg'
[0.395s] Level 1:colcon.colcon_core.package_identification:_identify(src/turtlebot3) by extensions ['colcon_meta']
[0.395s] Level 1:colcon.colcon_core.package_identification:_identify(src/turtlebot3) by extension 'colcon_meta'
[0.395s] Level 1:colcon.colcon_core.package_identification:_identify(src/turtlebot3) by extensions ['ros']
[0.395s] Level 1:colcon.colcon_core.package_identification:_identify(src/turtlebot3) by extension 'ros'
[0.395s] Level 1:colcon.colcon_core.package_identification:_identify(src/turtlebot3) by extensions ['cmake', 'python']
[0.395s] Level 1:colcon.colcon_core.package_identification:_identify(src/turtlebot3) by extension 'cmake'
[0.395s] Level 1:colcon.colcon_core.package_identification:_identify(src/turtlebot3) by extension 'python'
[0.395s] Level 1:colcon.colcon_core.package_identification:_identify(src/turtlebot3) by extensions ['python_setup_py']
[0.395s] Level 1:colcon.colcon_core.package_identification:_identify(src/turtlebot3) by extension 'python_setup_py'
[0.395s] Level 1:colcon.colcon_core.package_identification:_identify(src/turtlebot3/turtlebot3) by extensions ['ignore', 'ignore_ament_install']
[0.395s] Level 1:colcon.colcon_core.package_identification:_identify(src/turtlebot3/turtlebot3) by extension 'ignore'
[0.395s] Level 1:colcon.colcon_core.package_identification:_identify(src/turtlebot3/turtlebot3) by extension 'ignore_ament_install'
[0.395s] Level 1:colcon.colcon_core.package_identification:_identify(src/turtlebot3/turtlebot3) by extensions ['colcon_pkg']
[0.395s] Level 1:colcon.colcon_core.package_identification:_identify(src/turtlebot3/turtlebot3) by extension 'colcon_pkg'
[0.395s] Level 1:colcon.colcon_core.package_identification:_identify(src/turtlebot3/turtlebot3) by extensions ['colcon_meta']
[0.395s] Level 1:colcon.colcon_core.package_identification:_identify(src/turtlebot3/turtlebot3) by extension 'colcon_meta'
[0.395s] Level 1:colcon.colcon_core.package_identification:_identify(src/turtlebot3/turtlebot3) by extensions ['ros']
[0.395s] Level 1:colcon.colcon_core.package_identification:_identify(src/turtlebot3/turtlebot3) by extension 'ros'
[0.396s] DEBUG:colcon.colcon_core.package_identification:Package 'src/turtlebot3/turtlebot3' with type 'ros.ament_cmake' and name 'turtlebot3'
[0.396s] Level 1:colcon.colcon_core.package_identification:_identify(src/turtlebot3/turtlebot3_bringup) by extensions ['ignore', 'ignore_ament_install']
[0.397s] Level 1:colcon.colcon_core.package_identification:_identify(src/turtlebot3/turtlebot3_bringup) by extension 'ignore'
[0.397s] Level 1:colcon.colcon_core.package_identification:_identify(src/turtlebot3/turtlebot3_bringup) by extension 'ignore_ament_install'
[0.397s] Level 1:colcon.colcon_core.package_identification:_identify(src/turtlebot3/turtlebot3_bringup) by extensions ['colcon_pkg']
[0.397s] Level 1:colcon.colcon_core.package_identification:_identify(src/turtlebot3/turtlebot3_bringup) by extension 'colcon_pkg'
[0.397s] Level 1:colcon.colcon_core.package_identification:_identify(src/turtlebot3/turtlebot3_bringup) by extensions ['colcon_meta']
[0.397s] Level 1:colcon.colcon_core.package_identification:_identify(src/turtlebot3/turtlebot3_bringup) by extension 'colcon_meta'
[0.397s] Level 1:colcon.colcon_core.package_identification:_identify(src/turtlebot3/turtlebot3_bringup) by extensions ['ros']
[0.397s] Level 1:colcon.colcon_core.package_identification:_identify(src/turtlebot3/turtlebot3_bringup) by extension 'ros'
[0.397s] DEBUG:colcon.colcon_core.package_identification:Package 'src/turtlebot3/turtlebot3_bringup' with type 'ros.ament_cmake' and name 'turtlebot3_bringup'
[0.397s] Level 1:colcon.colcon_core.package_identification:_identify(src/turtlebot3/turtlebot3_cartographer) by extensions ['ignore', 'ignore_ament_install']
[0.397s] Level 1:colcon.colcon_core.package_identification:_identify(src/turtlebot3/turtlebot3_cartographer) by extension 'ignore'
[0.397s] Level 1:colcon.colcon_core.package_identification:_identify(src/turtlebot3/turtlebot3_cartographer) by extension 'ignore_ament_install'
[0.397s] Level 1:colcon.colcon_core.package_identification:_identify(src/turtlebot3/turtlebot3_cartographer) by extensions ['colcon_pkg']
[0.397s] Level 1:colcon.colcon_core.package_identification:_identify(src/turtlebot3/turtlebot3_cartographer) by extension 'colcon_pkg'
[0.397s] Level 1:colcon.colcon_core.package_identification:_identify(src/turtlebot3/turtlebot3_cartographer) by extensions ['colcon_meta']
[0.397s] Level 1:colcon.colcon_core.package_identification:_identify(src/turtlebot3/turtlebot3_cartographer) by extension 'colcon_meta'
[0.397s] Level 1:colcon.colcon_core.package_identification:_identify(src/turtlebot3/turtlebot3_cartographer) by extensions ['ros']
[0.397s] Level 1:colcon.colcon_core.package_identification:_identify(src/turtlebot3/turtlebot3_cartographer) by extension 'ros'
[0.398s] DEBUG:colcon.colcon_core.package_identification:Package 'src/turtlebot3/turtlebot3_cartographer' with type 'ros.ament_cmake' and name 'turtlebot3_cartographer'
[0.398s] Level 1:colcon.colcon_core.package_identification:_identify(src/turtlebot3/turtlebot3_description) by extensions ['ignore', 'ignore_ament_install']
[0.398s] Level 1:colcon.colcon_core.package_identification:_identify(src/turtlebot3/turtlebot3_description) by extension 'ignore'
[0.398s] Level 1:colcon.colcon_core.package_identification:_identify(src/turtlebot3/turtlebot3_description) by extension 'ignore_ament_install'
[0.398s] Level 1:colcon.colcon_core.package_identification:_identify(src/turtlebot3/turtlebot3_description) by extensions ['colcon_pkg']
[0.398s] Level 1:colcon.colcon_core.package_identification:_identify(src/turtlebot3/turtlebot3_description) by extension 'colcon_pkg'
[0.398s] Level 1:colcon.colcon_core.package_identification:_identify(src/turtlebot3/turtlebot3_description) by extensions ['colcon_meta']
[0.398s] Level 1:colcon.colcon_core.package_identification:_identify(src/turtlebot3/turtlebot3_description) by extension 'colcon_meta'
[0.398s] Level 1:colcon.colcon_core.package_identification:_identify(src/turtlebot3/turtlebot3_description) by extensions ['ros']
[0.398s] Level 1:colcon.colcon_core.package_identification:_identify(src/turtlebot3/turtlebot3_description) by extension 'ros'
[0.398s] DEBUG:colcon.colcon_core.package_identification:Package 'src/turtlebot3/turtlebot3_description' with type 'ros.ament_cmake' and name 'turtlebot3_description'
[0.398s] Level 1:colcon.colcon_core.package_identification:_identify(src/turtlebot3/turtlebot3_example) by extensions ['ignore', 'ignore_ament_install']
[0.398s] Level 1:colcon.colcon_core.package_identification:_identify(src/turtlebot3/turtlebot3_example) by extension 'ignore'
[0.398s] Level 1:colcon.colcon_core.package_identification:_identify(src/turtlebot3/turtlebot3_example) by extension 'ignore_ament_install'
[0.399s] Level 1:colcon.colcon_core.package_identification:_identify(src/turtlebot3/turtlebot3_example) by extensions ['colcon_pkg']
[0.399s] Level 1:colcon.colcon_core.package_identification:_identify(src/turtlebot3/turtlebot3_example) by extension 'colcon_pkg'
[0.399s] Level 1:colcon.colcon_core.package_identification:_identify(src/turtlebot3/turtlebot3_example) by extensions ['colcon_meta']
[0.399s] Level 1:colcon.colcon_core.package_identification:_identify(src/turtlebot3/turtlebot3_example) by extension 'colcon_meta'
[0.399s] Level 1:colcon.colcon_core.package_identification:_identify(src/turtlebot3/turtlebot3_example) by extensions ['ros']
[0.399s] Level 1:colcon.colcon_core.package_identification:_identify(src/turtlebot3/turtlebot3_example) by extension 'ros'
[0.399s] DEBUG:colcon.colcon_core.package_identification:Package 'src/turtlebot3/turtlebot3_example' with type 'ros.ament_python' and name 'turtlebot3_example'
[0.399s] Level 1:colcon.colcon_core.package_identification:_identify(src/turtlebot3/turtlebot3_navigation2) by extensions ['ignore', 'ignore_ament_install']
[0.399s] Level 1:colcon.colcon_core.package_identification:_identify(src/turtlebot3/turtlebot3_navigation2) by extension 'ignore'
[0.399s] Level 1:colcon.colcon_core.package_identification:_identify(src/turtlebot3/turtlebot3_navigation2) by extension 'ignore_ament_install'
[0.399s] Level 1:colcon.colcon_core.package_identification:_identify(src/turtlebot3/turtlebot3_navigation2) by extensions ['colcon_pkg']
[0.399s] Level 1:colcon.colcon_core.package_identification:_identify(src/turtlebot3/turtlebot3_navigation2) by extension 'colcon_pkg'
[0.399s] Level 1:colcon.colcon_core.package_identification:_identify(src/turtlebot3/turtlebot3_navigation2) by extensions ['colcon_meta']
[0.399s] Level 1:colcon.colcon_core.package_identification:_identify(src/turtlebot3/turtlebot3_navigation2) by extension 'colcon_meta'
[0.399s] Level 1:colcon.colcon_core.package_identification:_identify(src/turtlebot3/turtlebot3_navigation2) by extensions ['ros']
[0.399s] Level 1:colcon.colcon_core.package_identification:_identify(src/turtlebot3/turtlebot3_navigation2) by extension 'ros'
[0.400s] DEBUG:colcon.colcon_core.package_identification:Package 'src/turtlebot3/turtlebot3_navigation2' with type 'ros.ament_cmake' and name 'turtlebot3_navigation2'
[0.400s] Level 1:colcon.colcon_core.package_identification:_identify(src/turtlebot3/turtlebot3_node) by extensions ['ignore', 'ignore_ament_install']
[0.400s] Level 1:colcon.colcon_core.package_identification:_identify(src/turtlebot3/turtlebot3_node) by extension 'ignore'
[0.400s] Level 1:colcon.colcon_core.package_identification:_identify(src/turtlebot3/turtlebot3_node) by extension 'ignore_ament_install'
[0.400s] Level 1:colcon.colcon_core.package_identification:_identify(src/turtlebot3/turtlebot3_node) by extensions ['colcon_pkg']
[0.400s] Level 1:colcon.colcon_core.package_identification:_identify(src/turtlebot3/turtlebot3_node) by extension 'colcon_pkg'
[0.400s] Level 1:colcon.colcon_core.package_identification:_identify(src/turtlebot3/turtlebot3_node) by extensions ['colcon_meta']
[0.400s] Level 1:colcon.colcon_core.package_identification:_identify(src/turtlebot3/turtlebot3_node) by extension 'colcon_meta'
[0.400s] Level 1:colcon.colcon_core.package_identification:_identify(src/turtlebot3/turtlebot3_node) by extensions ['ros']
[0.400s] Level 1:colcon.colcon_core.package_identification:_identify(src/turtlebot3/turtlebot3_node) by extension 'ros'
[0.401s] DEBUG:colcon.colcon_core.package_identification:Package 'src/turtlebot3/turtlebot3_node' with type 'ros.ament_cmake' and name 'turtlebot3_node'
[0.401s] Level 1:colcon.colcon_core.package_identification:_identify(src/turtlebot3/turtlebot3_teleop) by extensions ['ignore', 'ignore_ament_install']
[0.401s] Level 1:colcon.colcon_core.package_identification:_identify(src/turtlebot3/turtlebot3_teleop) by extension 'ignore'
[0.401s] Level 1:colcon.colcon_core.package_identification:_identify(src/turtlebot3/turtlebot3_teleop) by extension 'ignore_ament_install'
[0.401s] Level 1:colcon.colcon_core.package_identification:_identify(src/turtlebot3/turtlebot3_teleop) by extensions ['colcon_pkg']
[0.401s] Level 1:colcon.colcon_core.package_identification:_identify(src/turtlebot3/turtlebot3_teleop) by extension 'colcon_pkg'
[0.401s] Level 1:colcon.colcon_core.package_identification:_identify(src/turtlebot3/turtlebot3_teleop) by extensions ['colcon_meta']
[0.401s] Level 1:colcon.colcon_core.package_identification:_identify(src/turtlebot3/turtlebot3_teleop) by extension 'colcon_meta'
[0.401s] Level 1:colcon.colcon_core.package_identification:_identify(src/turtlebot3/turtlebot3_teleop) by extensions ['ros']
[0.401s] Level 1:colcon.colcon_core.package_identification:_identify(src/turtlebot3/turtlebot3_teleop) by extension 'ros'
[0.401s] DEBUG:colcon.colcon_core.package_identification:Package 'src/turtlebot3/turtlebot3_teleop' with type 'ros.ament_python' and name 'turtlebot3_teleop'
[0.401s] Level 1:colcon.colcon_core.package_discovery:discover_packages(recursive) using defaults
[0.401s] Level 1:colcon.colcon_core.package_discovery:discover_packages(ignore) discover
[0.401s] Level 1:colcon.colcon_core.package_discovery:discover_packages(ignore) using defaults
[0.401s] Level 1:colcon.colcon_core.package_discovery:discover_packages(path) discover
[0.401s] Level 1:colcon.colcon_core.package_discovery:discover_packages(path) using defaults
[0.431s] INFO:colcon.colcon_core.package_selection:Skipping not selected package 'turtlebot3_cartographer' in 'src/turtlebot3/turtlebot3_cartographer'
[0.431s] INFO:colcon.colcon_core.package_selection:Skipping not selected package 'turtlebot3_description' in 'src/turtlebot3/turtlebot3_description'
[0.431s] INFO:colcon.colcon_core.package_selection:Skipping not selected package 'turtlebot3_example' in 'src/turtlebot3/turtlebot3_example'
[0.431s] INFO:colcon.colcon_core.package_selection:Skipping not selected package 'turtlebot3_navigation2' in 'src/turtlebot3/turtlebot3_navigation2'
[0.431s] INFO:colcon.colcon_core.package_selection:Skipping not selected package 'turtlebot3_node' in 'src/turtlebot3/turtlebot3_node'
[0.431s] INFO:colcon.colcon_core.package_selection:Skipping not selected package 'turtlebot3_teleop' in 'src/turtlebot3/turtlebot3_teleop'
[0.431s] INFO:colcon.colcon_core.package_selection:Skipping not selected package 'turtlebot3_bringup' in 'src/turtlebot3/turtlebot3_bringup'
[0.431s] INFO:colcon.colcon_core.package_selection:Skipping not selected package 'turtlebot3' in 'src/turtlebot3/turtlebot3'
[0.431s] Level 1:colcon.colcon_core.package_discovery:discover_packages(prefix_path) check parameters
[0.431s] Level 1:colcon.colcon_core.package_discovery:discover_packages(prefix_path) discover
[0.439s] DEBUG:colcon.colcon_installed_package_information.package_discovery:Found 9 installed packages in /home/benjamin/tito_ws/install
[0.440s] DEBUG:colcon.colcon_installed_package_information.package_discovery:Found 54 installed packages in /home/benjamin/ws_moveit/install
[0.440s] DEBUG:colcon.colcon_installed_package_information.package_discovery:Found 6 installed packages in /home/benjamin/iiwa_ros2/install
[0.440s] DEBUG:colcon.colcon_installed_package_information.package_discovery:Found 7 installed packages in /home/benjamin/ros2_ws/install
[0.445s] DEBUG:colcon.colcon_installed_package_information.package_discovery:Found 344 installed packages in /home/benjamin/ros2_humble/install
[0.447s] DEBUG:colcon.colcon_installed_package_information.package_discovery:Found 295 installed packages in /opt/ros/humble
[0.451s] Level 1:colcon.colcon_core.package_discovery:discover_packages(prefix_path) using defaults
[0.488s] Level 5:colcon.colcon_core.verb:set package 'tito_bringup' build argument 'cmake_args' from command line to 'None'
[0.488s] Level 5:colcon.colcon_core.verb:set package 'tito_bringup' build argument 'cmake_target' from command line to 'None'
[0.488s] Level 5:colcon.colcon_core.verb:set package 'tito_bringup' build argument 'cmake_target_skip_unavailable' from command line to 'False'
[0.488s] Level 5:colcon.colcon_core.verb:set package 'tito_bringup' build argument 'cmake_clean_cache' from command line to 'False'
[0.488s] Level 5:colcon.colcon_core.verb:set package 'tito_bringup' build argument 'cmake_clean_first' from command line to 'False'
[0.488s] Level 5:colcon.colcon_core.verb:set package 'tito_bringup' build argument 'cmake_force_configure' from command line to 'False'
[0.488s] Level 5:colcon.colcon_core.verb:set package 'tito_bringup' build argument 'ament_cmake_args' from command line to 'None'
[0.488s] Level 5:colcon.colcon_core.verb:set package 'tito_bringup' build argument 'catkin_cmake_args' from command line to 'None'
[0.488s] Level 5:colcon.colcon_core.verb:set package 'tito_bringup' build argument 'catkin_skip_building_tests' from command line to 'False'
[0.488s] DEBUG:colcon.colcon_core.verb:Building package 'tito_bringup' with the following arguments: {'ament_cmake_args': None, 'build_base': '/home/benjamin/tito_ws/build/tito_bringup', 'catkin_cmake_args': None, 'catkin_skip_building_tests': False, 'cmake_args': None, 'cmake_clean_cache': False, 'cmake_clean_first': False, 'cmake_force_configure': False, 'cmake_target': None, 'cmake_target_skip_unavailable': False, 'install_base': '/home/benjamin/tito_ws/install/tito_bringup', 'merge_install': False, 'path': '/home/benjamin/tito_ws/src/tito_bringup', 'symlink_install': False, 'test_result_base': None}
[0.489s] INFO:colcon.colcon_core.executor:Executing jobs using 'parallel' executor
[0.489s] DEBUG:colcon.colcon_parallel_executor.executor.parallel:run_until_complete
[0.489s] INFO:colcon.colcon_ros.task.ament_cmake.build:Building ROS package in '/home/benjamin/tito_ws/src/tito_bringup' with build type 'ament_cmake'
[0.489s] INFO:colcon.colcon_cmake.task.cmake.build:Building CMake package in '/home/benjamin/tito_ws/src/tito_bringup'
[0.493s] INFO:colcon.colcon_core.plugin_system:Skipping extension 'colcon_core.shell.bat': Not used on non-Windows systems
[0.494s] INFO:colcon.colcon_core.shell:Skip shell extension 'powershell' for command environment: Not usable outside of PowerShell
[0.494s] DEBUG:colcon.colcon_core.shell:Skip shell extension 'dsv' for command environment
[0.518s] DEBUG:colcon.colcon_core.event_handler.log_command:Invoking command in '/home/benjamin/tito_ws/build/tito_bringup': CMAKE_PREFIX_PATH=${CMAKE_PREFIX_PATH}:/home/benjamin/ws_moveit/install/ros2controlcli:/home/benjamin/ws_moveit/install/moveit_configs_utils:/home/benjamin/tito_ws/install/turtlebot3_teleop:/home/benjamin/tito_ws/install/turtlebot3_example:/opt/ros/humble:/home/benjamin/ros2_humble/install/rqt_bag_plugins:/home/benjamin/ros2_humble/install/rqt_bag:/home/benjamin/ros2_humble/install/ros2bag:/home/benjamin/ros2_humble/install/tracetools_test:/home/benjamin/ros2_humble/install/tracetools_launch:/home/benjamin/ros2_humble/install/topic_monitor:/home/benjamin/ros2_humble/install/tf2_tools:/home/benjamin/ros2_humble/install/examples_tf2_py:/home/benjamin/ros2_humble/install/tf2_ros_py:/home/benjamin/ros2_humble/install/sros2:/home/benjamin/ros2_humble/install/rqt_topic:/home/benjamin/ros2_humble/install/rqt_srv:/home/benjamin/ros2_humble/install/rqt_shell:/home/benjamin/ros2_humble/install/rqt_service_caller:/home/benjamin/ros2_humble/install/rqt_reconfigure:/home/benjamin/ros2_humble/install/rqt_py_console:/home/benjamin/ros2_humble/install/rqt_publisher:/home/benjamin/ros2_humble/install/rqt_plot:/home/benjamin/ros2_humble/install/rqt_action:/home/benjamin/ros2_humble/install/rqt_msg:/home/benjamin/ros2_humble/install/rqt_console:/home/benjamin/ros2_humble/install/rqt:/home/benjamin/ros2_humble/install/rqt_graph:/home/benjamin/ros2_humble/install/rqt_gui_py:/home/benjamin/ros2_humble/install/rqt_gui:/home/benjamin/ros2_humble/install/ros2trace:/home/benjamin/ros2_humble/install/ros2topic:/home/benjamin/ros2_humble/install/ros2test:/home/benjamin/ros2_humble/install/ros2component:/home/benjamin/ros2_humble/install/ros2param:/home/benjamin/ros2_humble/install/ros2lifecycle:/home/benjamin/ros2_humble/install/ros2service:/home/benjamin/ros2_humble/install/ros2run:/home/benjamin/ros2_humble/install/ros2launch:/home/benjamin/ros2_humble/install/ros2pkg:/home/benjamin/ros2_humble/install/ros2node:/home/benjamin/ros2_humble/install/ros2multicast:/home/benjamin/ros2_humble/install/ros2interface:/home/benjamin/ros2_humble/install/ros2doctor:/home/benjamin/ros2_humble/install/ros2action:/home/benjamin/ros2_humble/install/ros2cli:/home/benjamin/ros2_humble/install/quality_of_service_demo_py:/home/benjamin/ros2_humble/install/lifecycle_py:/home/benjamin/ros2_humble/install/launch_testing_ros:/home/benjamin/ros2_humble/install/launch_ros:/home/benjamin/ros2_humble/install/examples_rclpy_pointcloud_publisher:/home/benjamin/ros2_humble/install/examples_rclpy_minimal_subscriber:/home/benjamin/ros2_humble/install/examples_rclpy_minimal_service:/home/benjamin/ros2_humble/install/examples_rclpy_minimal_publisher:/home/benjamin/ros2_humble/install/examples_rclpy_minimal_client:/home/benjamin/ros2_humble/install/examples_rclpy_minimal_action_server:/home/benjamin/ros2_humble/install/examples_rclpy_minimal_action_client:/home/benjamin/ros2_humble/install/examples_rclpy_guard_conditions:/home/benjamin/ros2_humble/install/examples_rclpy_executors:/home/benjamin/ros2_humble/install/demo_nodes_py:/home/benjamin/ros2_humble/install/action_tutorials_py:/home/benjamin/ros2_humble/install/ament_uncrustify:/home/benjamin/ros2_humble/install/tracetools_trace:/home/benjamin/ros2_humble/install/tracetools_read:/home/benjamin/ros2_humble/install/test_tracetools_launch:/home/benjamin/ros2_humble/install/test_launch_ros:/home/benjamin/ros2_humble/install/sensor_msgs_py:/home/benjamin/ros2_humble/install/rpyutils:/home/benjamin/ros2_humble/install/rosidl_runtime_py:/home/benjamin/ros2_humble/install/rosidl_cli:/home/benjamin/ros2_humble/install/launch_pytest:/home/benjamin/ros2_humble/install/launch_testing:/home/benjamin/ros2_humble/install/launch_yaml:/home/benjamin/ros2_humble/install/launch_xml:/home/benjamin/ros2_humble/install/launch:/home/benjamin/ros2_humble/install/osrf_pycommon:/home/benjamin/ros2_humble/install/launch_testing_examples:/home/benjamin/ros2_humble/install/domain_coordinator:/home/benjamin/ros2_humble/install/ament_xmllint:/home/benjamin/ros2_humble/install/ament_pyflakes:/home/benjamin/ros2_humble/install/ament_pycodestyle:/home/benjamin/ros2_humble/install/ament_pep257:/home/benjamin/ros2_humble/install/ament_pclint:/home/benjamin/ros2_humble/install/ament_package:/home/benjamin/ros2_humble/install/ament_mypy:/home/benjamin/ros2_humble/install/ament_lint_cmake:/home/benjamin/ros2_humble/install/ament_flake8:/home/benjamin/ros2_humble/install/ament_copyright:/home/benjamin/ros2_humble/install/ament_lint:/home/benjamin/ros2_humble/install/ament_index_python:/home/benjamin/ros2_humble/install/ament_cpplint:/home/benjamin/ros2_humble/install/ament_cppcheck:/home/benjamin/ros2_humble/install/ament_clang_tidy:/home/benjamin/ros2_humble/install/ament_clang_format /usr/bin/cmake --build /home/benjamin/tito_ws/build/tito_bringup -- -j16 -l16
[0.574s] DEBUG:colcon.colcon_core.event_handler.log_command:Invoked command in '/home/benjamin/tito_ws/build/tito_bringup' returned '0': CMAKE_PREFIX_PATH=${CMAKE_PREFIX_PATH}:/home/benjamin/ws_moveit/install/ros2controlcli:/home/benjamin/ws_moveit/install/moveit_configs_utils:/home/benjamin/tito_ws/install/turtlebot3_teleop:/home/benjamin/tito_ws/install/turtlebot3_example:/opt/ros/humble:/home/benjamin/ros2_humble/install/rqt_bag_plugins:/home/benjamin/ros2_humble/install/rqt_bag:/home/benjamin/ros2_humble/install/ros2bag:/home/benjamin/ros2_humble/install/tracetools_test:/home/benjamin/ros2_humble/install/tracetools_launch:/home/benjamin/ros2_humble/install/topic_monitor:/home/benjamin/ros2_humble/install/tf2_tools:/home/benjamin/ros2_humble/install/examples_tf2_py:/home/benjamin/ros2_humble/install/tf2_ros_py:/home/benjamin/ros2_humble/install/sros2:/home/benjamin/ros2_humble/install/rqt_topic:/home/benjamin/ros2_humble/install/rqt_srv:/home/benjamin/ros2_humble/install/rqt_shell:/home/benjamin/ros2_humble/install/rqt_service_caller:/home/benjamin/ros2_humble/install/rqt_reconfigure:/home/benjamin/ros2_humble/install/rqt_py_console:/home/benjamin/ros2_humble/install/rqt_publisher:/home/benjamin/ros2_humble/install/rqt_plot:/home/benjamin/ros2_humble/install/rqt_action:/home/benjamin/ros2_humble/install/rqt_msg:/home/benjamin/ros2_humble/install/rqt_console:/home/benjamin/ros2_humble/install/rqt:/home/benjamin/ros2_humble/install/rqt_graph:/home/benjamin/ros2_humble/install/rqt_gui_py:/home/benjamin/ros2_humble/install/rqt_gui:/home/benjamin/ros2_humble/install/ros2trace:/home/benjamin/ros2_humble/install/ros2topic:/home/benjamin/ros2_humble/install/ros2test:/home/benjamin/ros2_humble/install/ros2component:/home/benjamin/ros2_humble/install/ros2param:/home/benjamin/ros2_humble/install/ros2lifecycle:/home/benjamin/ros2_humble/install/ros2service:/home/benjamin/ros2_humble/install/ros2run:/home/benjamin/ros2_humble/install/ros2launch:/home/benjamin/ros2_humble/install/ros2pkg:/home/benjamin/ros2_humble/install/ros2node:/home/benjamin/ros2_humble/install/ros2multicast:/home/benjamin/ros2_humble/install/ros2interface:/home/benjamin/ros2_humble/install/ros2doctor:/home/benjamin/ros2_humble/install/ros2action:/home/benjamin/ros2_humble/install/ros2cli:/home/benjamin/ros2_humble/install/quality_of_service_demo_py:/home/benjamin/ros2_humble/install/lifecycle_py:/home/benjamin/ros2_humble/install/launch_testing_ros:/home/benjamin/ros2_humble/install/launch_ros:/home/benjamin/ros2_humble/install/examples_rclpy_pointcloud_publisher:/home/benjamin/ros2_humble/install/examples_rclpy_minimal_subscriber:/home/benjamin/ros2_humble/install/examples_rclpy_minimal_service:/home/benjamin/ros2_humble/install/examples_rclpy_minimal_publisher:/home/benjamin/ros2_humble/install/examples_rclpy_minimal_client:/home/benjamin/ros2_humble/install/examples_rclpy_minimal_action_server:/home/benjamin/ros2_humble/install/examples_rclpy_minimal_action_client:/home/benjamin/ros2_humble/install/examples_rclpy_guard_conditions:/home/benjamin/ros2_humble/install/examples_rclpy_executors:/home/benjamin/ros2_humble/install/demo_nodes_py:/home/benjamin/ros2_humble/install/action_tutorials_py:/home/benjamin/ros2_humble/install/ament_uncrustify:/home/benjamin/ros2_humble/install/tracetools_trace:/home/benjamin/ros2_humble/install/tracetools_read:/home/benjamin/ros2_humble/install/test_tracetools_launch:/home/benjamin/ros2_humble/install/test_launch_ros:/home/benjamin/ros2_humble/install/sensor_msgs_py:/home/benjamin/ros2_humble/install/rpyutils:/home/benjamin/ros2_humble/install/rosidl_runtime_py:/home/benjamin/ros2_humble/install/rosidl_cli:/home/benjamin/ros2_humble/install/launch_pytest:/home/benjamin/ros2_humble/install/launch_testing:/home/benjamin/ros2_humble/install/launch_yaml:/home/benjamin/ros2_humble/install/launch_xml:/home/benjamin/ros2_humble/install/launch:/home/benjamin/ros2_humble/install/osrf_pycommon:/home/benjamin/ros2_humble/install/launch_testing_examples:/home/benjamin/ros2_humble/install/domain_coordinator:/home/benjamin/ros2_humble/install/ament_xmllint:/home/benjamin/ros2_humble/install/ament_pyflakes:/home/benjamin/ros2_humble/install/ament_pycodestyle:/home/benjamin/ros2_humble/install/ament_pep257:/home/benjamin/ros2_humble/install/ament_pclint:/home/benjamin/ros2_humble/install/ament_package:/home/benjamin/ros2_humble/install/ament_mypy:/home/benjamin/ros2_humble/install/ament_lint_cmake:/home/benjamin/ros2_humble/install/ament_flake8:/home/benjamin/ros2_humble/install/ament_copyright:/home/benjamin/ros2_humble/install/ament_lint:/home/benjamin/ros2_humble/install/ament_index_python:/home/benjamin/ros2_humble/install/ament_cpplint:/home/benjamin/ros2_humble/install/ament_cppcheck:/home/benjamin/ros2_humble/install/ament_clang_tidy:/home/benjamin/ros2_humble/install/ament_clang_format /usr/bin/cmake --build /home/benjamin/tito_ws/build/tito_bringup -- -j16 -l16
[0.630s] DEBUG:colcon.colcon_core.event_handler.log_command:Invoking command in '/home/benjamin/tito_ws/build/tito_bringup': CMAKE_PREFIX_PATH=${CMAKE_PREFIX_PATH}:/home/benjamin/ws_moveit/install/ros2controlcli:/home/benjamin/ws_moveit/install/moveit_configs_utils:/home/benjamin/tito_ws/install/turtlebot3_teleop:/home/benjamin/tito_ws/install/turtlebot3_example:/opt/ros/humble:/home/benjamin/ros2_humble/install/rqt_bag_plugins:/home/benjamin/ros2_humble/install/rqt_bag:/home/benjamin/ros2_humble/install/ros2bag:/home/benjamin/ros2_humble/install/tracetools_test:/home/benjamin/ros2_humble/install/tracetools_launch:/home/benjamin/ros2_humble/install/topic_monitor:/home/benjamin/ros2_humble/install/tf2_tools:/home/benjamin/ros2_humble/install/examples_tf2_py:/home/benjamin/ros2_humble/install/tf2_ros_py:/home/benjamin/ros2_humble/install/sros2:/home/benjamin/ros2_humble/install/rqt_topic:/home/benjamin/ros2_humble/install/rqt_srv:/home/benjamin/ros2_humble/install/rqt_shell:/home/benjamin/ros2_humble/install/rqt_service_caller:/home/benjamin/ros2_humble/install/rqt_reconfigure:/home/benjamin/ros2_humble/install/rqt_py_console:/home/benjamin/ros2_humble/install/rqt_publisher:/home/benjamin/ros2_humble/install/rqt_plot:/home/benjamin/ros2_humble/install/rqt_action:/home/benjamin/ros2_humble/install/rqt_msg:/home/benjamin/ros2_humble/install/rqt_console:/home/benjamin/ros2_humble/install/rqt:/home/benjamin/ros2_humble/install/rqt_graph:/home/benjamin/ros2_humble/install/rqt_gui_py:/home/benjamin/ros2_humble/install/rqt_gui:/home/benjamin/ros2_humble/install/ros2trace:/home/benjamin/ros2_humble/install/ros2topic:/home/benjamin/ros2_humble/install/ros2test:/home/benjamin/ros2_humble/install/ros2component:/home/benjamin/ros2_humble/install/ros2param:/home/benjamin/ros2_humble/install/ros2lifecycle:/home/benjamin/ros2_humble/install/ros2service:/home/benjamin/ros2_humble/install/ros2run:/home/benjamin/ros2_humble/install/ros2launch:/home/benjamin/ros2_humble/install/ros2pkg:/home/benjamin/ros2_humble/install/ros2node:/home/benjamin/ros2_humble/install/ros2multicast:/home/benjamin/ros2_humble/install/ros2interface:/home/benjamin/ros2_humble/install/ros2doctor:/home/benjamin/ros2_humble/install/ros2action:/home/benjamin/ros2_humble/install/ros2cli:/home/benjamin/ros2_humble/install/quality_of_service_demo_py:/home/benjamin/ros2_humble/install/lifecycle_py:/home/benjamin/ros2_humble/install/launch_testing_ros:/home/benjamin/ros2_humble/install/launch_ros:/home/benjamin/ros2_humble/install/examples_rclpy_pointcloud_publisher:/home/benjamin/ros2_humble/install/examples_rclpy_minimal_subscriber:/home/benjamin/ros2_humble/install/examples_rclpy_minimal_service:/home/benjamin/ros2_humble/install/examples_rclpy_minimal_publisher:/home/benjamin/ros2_humble/install/examples_rclpy_minimal_client:/home/benjamin/ros2_humble/install/examples_rclpy_minimal_action_server:/home/benjamin/ros2_humble/install/examples_rclpy_minimal_action_client:/home/benjamin/ros2_humble/install/examples_rclpy_guard_conditions:/home/benjamin/ros2_humble/install/examples_rclpy_executors:/home/benjamin/ros2_humble/install/demo_nodes_py:/home/benjamin/ros2_humble/install/action_tutorials_py:/home/benjamin/ros2_humble/install/ament_uncrustify:/home/benjamin/ros2_humble/install/tracetools_trace:/home/benjamin/ros2_humble/install/tracetools_read:/home/benjamin/ros2_humble/install/test_tracetools_launch:/home/benjamin/ros2_humble/install/test_launch_ros:/home/benjamin/ros2_humble/install/sensor_msgs_py:/home/benjamin/ros2_humble/install/rpyutils:/home/benjamin/ros2_humble/install/rosidl_runtime_py:/home/benjamin/ros2_humble/install/rosidl_cli:/home/benjamin/ros2_humble/install/launch_pytest:/home/benjamin/ros2_humble/install/launch_testing:/home/benjamin/ros2_humble/install/launch_yaml:/home/benjamin/ros2_humble/install/launch_xml:/home/benjamin/ros2_humble/install/launch:/home/benjamin/ros2_humble/install/osrf_pycommon:/home/benjamin/ros2_humble/install/launch_testing_examples:/home/benjamin/ros2_humble/install/domain_coordinator:/home/benjamin/ros2_humble/install/ament_xmllint:/home/benjamin/ros2_humble/install/ament_pyflakes:/home/benjamin/ros2_humble/install/ament_pycodestyle:/home/benjamin/ros2_humble/install/ament_pep257:/home/benjamin/ros2_humble/install/ament_pclint:/home/benjamin/ros2_humble/install/ament_package:/home/benjamin/ros2_humble/install/ament_mypy:/home/benjamin/ros2_humble/install/ament_lint_cmake:/home/benjamin/ros2_humble/install/ament_flake8:/home/benjamin/ros2_humble/install/ament_copyright:/home/benjamin/ros2_humble/install/ament_lint:/home/benjamin/ros2_humble/install/ament_index_python:/home/benjamin/ros2_humble/install/ament_cpplint:/home/benjamin/ros2_humble/install/ament_cppcheck:/home/benjamin/ros2_humble/install/ament_clang_tidy:/home/benjamin/ros2_humble/install/ament_clang_format /usr/bin/cmake --install /home/benjamin/tito_ws/build/tito_bringup
[0.642s] Level 1:colcon.colcon_core.environment:create_environment_scripts_only(tito_bringup)
[0.643s] DEBUG:colcon.colcon_core.event_handler.log_command:Invoked command in '/home/benjamin/tito_ws/build/tito_bringup' returned '0': CMAKE_PREFIX_PATH=${CMAKE_PREFIX_PATH}:/home/benjamin/ws_moveit/install/ros2controlcli:/home/benjamin/ws_moveit/install/moveit_configs_utils:/home/benjamin/tito_ws/install/turtlebot3_teleop:/home/benjamin/tito_ws/install/turtlebot3_example:/opt/ros/humble:/home/benjamin/ros2_humble/install/rqt_bag_plugins:/home/benjamin/ros2_humble/install/rqt_bag:/home/benjamin/ros2_humble/install/ros2bag:/home/benjamin/ros2_humble/install/tracetools_test:/home/benjamin/ros2_humble/install/tracetools_launch:/home/benjamin/ros2_humble/install/topic_monitor:/home/benjamin/ros2_humble/install/tf2_tools:/home/benjamin/ros2_humble/install/examples_tf2_py:/home/benjamin/ros2_humble/install/tf2_ros_py:/home/benjamin/ros2_humble/install/sros2:/home/benjamin/ros2_humble/install/rqt_topic:/home/benjamin/ros2_humble/install/rqt_srv:/home/benjamin/ros2_humble/install/rqt_shell:/home/benjamin/ros2_humble/install/rqt_service_caller:/home/benjamin/ros2_humble/install/rqt_reconfigure:/home/benjamin/ros2_humble/install/rqt_py_console:/home/benjamin/ros2_humble/install/rqt_publisher:/home/benjamin/ros2_humble/install/rqt_plot:/home/benjamin/ros2_humble/install/rqt_action:/home/benjamin/ros2_humble/install/rqt_msg:/home/benjamin/ros2_humble/install/rqt_console:/home/benjamin/ros2_humble/install/rqt:/home/benjamin/ros2_humble/install/rqt_graph:/home/benjamin/ros2_humble/install/rqt_gui_py:/home/benjamin/ros2_humble/install/rqt_gui:/home/benjamin/ros2_humble/install/ros2trace:/home/benjamin/ros2_humble/install/ros2topic:/home/benjamin/ros2_humble/install/ros2test:/home/benjamin/ros2_humble/install/ros2component:/home/benjamin/ros2_humble/install/ros2param:/home/benjamin/ros2_humble/install/ros2lifecycle:/home/benjamin/ros2_humble/install/ros2service:/home/benjamin/ros2_humble/install/ros2run:/home/benjamin/ros2_humble/install/ros2launch:/home/benjamin/ros2_humble/install/ros2pkg:/home/benjamin/ros2_humble/install/ros2node:/home/benjamin/ros2_humble/install/ros2multicast:/home/benjamin/ros2_humble/install/ros2interface:/home/benjamin/ros2_humble/install/ros2doctor:/home/benjamin/ros2_humble/install/ros2action:/home/benjamin/ros2_humble/install/ros2cli:/home/benjamin/ros2_humble/install/quality_of_service_demo_py:/home/benjamin/ros2_humble/install/lifecycle_py:/home/benjamin/ros2_humble/install/launch_testing_ros:/home/benjamin/ros2_humble/install/launch_ros:/home/benjamin/ros2_humble/install/examples_rclpy_pointcloud_publisher:/home/benjamin/ros2_humble/install/examples_rclpy_minimal_subscriber:/home/benjamin/ros2_humble/install/examples_rclpy_minimal_service:/home/benjamin/ros2_humble/install/examples_rclpy_minimal_publisher:/home/benjamin/ros2_humble/install/examples_rclpy_minimal_client:/home/benjamin/ros2_humble/install/examples_rclpy_minimal_action_server:/home/benjamin/ros2_humble/install/examples_rclpy_minimal_action_client:/home/benjamin/ros2_humble/install/examples_rclpy_guard_conditions:/home/benjamin/ros2_humble/install/examples_rclpy_executors:/home/benjamin/ros2_humble/install/demo_nodes_py:/home/benjamin/ros2_humble/install/action_tutorials_py:/home/benjamin/ros2_humble/install/ament_uncrustify:/home/benjamin/ros2_humble/install/tracetools_trace:/home/benjamin/ros2_humble/install/tracetools_read:/home/benjamin/ros2_humble/install/test_tracetools_launch:/home/benjamin/ros2_humble/install/test_launch_ros:/home/benjamin/ros2_humble/install/sensor_msgs_py:/home/benjamin/ros2_humble/install/rpyutils:/home/benjamin/ros2_humble/install/rosidl_runtime_py:/home/benjamin/ros2_humble/install/rosidl_cli:/home/benjamin/ros2_humble/install/launch_pytest:/home/benjamin/ros2_humble/install/launch_testing:/home/benjamin/ros2_humble/install/launch_yaml:/home/benjamin/ros2_humble/install/launch_xml:/home/benjamin/ros2_humble/install/launch:/home/benjamin/ros2_humble/install/osrf_pycommon:/home/benjamin/ros2_humble/install/launch_testing_examples:/home/benjamin/ros2_humble/install/domain_coordinator:/home/benjamin/ros2_humble/install/ament_xmllint:/home/benjamin/ros2_humble/install/ament_pyflakes:/home/benjamin/ros2_humble/install/ament_pycodestyle:/home/benjamin/ros2_humble/install/ament_pep257:/home/benjamin/ros2_humble/install/ament_pclint:/home/benjamin/ros2_humble/install/ament_package:/home/benjamin/ros2_humble/install/ament_mypy:/home/benjamin/ros2_humble/install/ament_lint_cmake:/home/benjamin/ros2_humble/install/ament_flake8:/home/benjamin/ros2_humble/install/ament_copyright:/home/benjamin/ros2_humble/install/ament_lint:/home/benjamin/ros2_humble/install/ament_index_python:/home/benjamin/ros2_humble/install/ament_cpplint:/home/benjamin/ros2_humble/install/ament_cppcheck:/home/benjamin/ros2_humble/install/ament_clang_tidy:/home/benjamin/ros2_humble/install/ament_clang_format /usr/bin/cmake --install /home/benjamin/tito_ws/build/tito_bringup
[0.647s] Level 1:colcon.colcon_core.environment:checking '/home/benjamin/tito_ws/install/tito_bringup' for CMake module files
[0.648s] Level 1:colcon.colcon_core.environment:checking '/home/benjamin/tito_ws/install/tito_bringup' for CMake config files
[0.648s] Level 1:colcon.colcon_core.shell:create_environment_hook('tito_bringup', 'cmake_prefix_path')
[0.648s] INFO:colcon.colcon_core.shell:Creating environment hook '/home/benjamin/tito_ws/install/tito_bringup/share/tito_bringup/hook/cmake_prefix_path.ps1'
[0.649s] INFO:colcon.colcon_core.shell:Creating environment descriptor '/home/benjamin/tito_ws/install/tito_bringup/share/tito_bringup/hook/cmake_prefix_path.dsv'
[0.649s] INFO:colcon.colcon_core.shell:Creating environment hook '/home/benjamin/tito_ws/install/tito_bringup/share/tito_bringup/hook/cmake_prefix_path.sh'
[0.649s] Level 1:colcon.colcon_core.environment:checking '/home/benjamin/tito_ws/install/tito_bringup/bin'
[0.649s] Level 1:colcon.colcon_core.environment:checking '/home/benjamin/tito_ws/install/tito_bringup/lib/pkgconfig/tito_bringup.pc'
[0.650s] Level 1:colcon.colcon_core.environment:checking '/home/benjamin/tito_ws/install/tito_bringup/lib/python3.10/site-packages'
[0.650s] Level 1:colcon.colcon_core.environment:checking '/home/benjamin/tito_ws/install/tito_bringup/bin'
[0.650s] INFO:colcon.colcon_core.shell:Creating package script '/home/benjamin/tito_ws/install/tito_bringup/share/tito_bringup/package.ps1'
[0.650s] INFO:colcon.colcon_core.shell:Creating package descriptor '/home/benjamin/tito_ws/install/tito_bringup/share/tito_bringup/package.dsv'
[0.651s] INFO:colcon.colcon_core.shell:Creating package script '/home/benjamin/tito_ws/install/tito_bringup/share/tito_bringup/package.sh'
[0.651s] INFO:colcon.colcon_core.shell:Creating package script '/home/benjamin/tito_ws/install/tito_bringup/share/tito_bringup/package.bash'
[0.651s] INFO:colcon.colcon_core.shell:Creating package script '/home/benjamin/tito_ws/install/tito_bringup/share/tito_bringup/package.zsh'
[0.652s] Level 1:colcon.colcon_core.environment:create_file_with_runtime_dependencies(/home/benjamin/tito_ws/install/tito_bringup/share/colcon-core/packages/tito_bringup)
[0.695s] Level 1:colcon.colcon_core.environment:create_environment_scripts_only(tito_bringup)
[0.695s] Level 1:colcon.colcon_core.environment:checking '/home/benjamin/tito_ws/install/tito_bringup' for CMake module files
[0.696s] Level 1:colcon.colcon_core.environment:checking '/home/benjamin/tito_ws/install/tito_bringup' for CMake config files
[0.696s] Level 1:colcon.colcon_core.shell:create_environment_hook('tito_bringup', 'cmake_prefix_path')
[0.696s] INFO:colcon.colcon_core.shell:Creating environment hook '/home/benjamin/tito_ws/install/tito_bringup/share/tito_bringup/hook/cmake_prefix_path.ps1'
[0.696s] INFO:colcon.colcon_core.shell:Creating environment descriptor '/home/benjamin/tito_ws/install/tito_bringup/share/tito_bringup/hook/cmake_prefix_path.dsv'
[0.696s] INFO:colcon.colcon_core.shell:Creating environment hook '/home/benjamin/tito_ws/install/tito_bringup/share/tito_bringup/hook/cmake_prefix_path.sh'
[0.696s] Level 1:colcon.colcon_core.environment:checking '/home/benjamin/tito_ws/install/tito_bringup/bin'
[0.697s] Level 1:colcon.colcon_core.environment:checking '/home/benjamin/tito_ws/install/tito_bringup/lib/pkgconfig/tito_bringup.pc'
[0.697s] Level 1:colcon.colcon_core.environment:checking '/home/benjamin/tito_ws/install/tito_bringup/lib/python3.10/site-packages'
[0.697s] Level 1:colcon.colcon_core.environment:checking '/home/benjamin/tito_ws/install/tito_bringup/bin'
[0.697s] INFO:colcon.colcon_core.shell:Creating package script '/home/benjamin/tito_ws/install/tito_bringup/share/tito_bringup/package.ps1'
[0.697s] INFO:colcon.colcon_core.shell:Creating package descriptor '/home/benjamin/tito_ws/install/tito_bringup/share/tito_bringup/package.dsv'
[0.697s] INFO:colcon.colcon_core.shell:Creating package script '/home/benjamin/tito_ws/install/tito_bringup/share/tito_bringup/package.sh'
[0.698s] INFO:colcon.colcon_core.shell:Creating package script '/home/benjamin/tito_ws/install/tito_bringup/share/tito_bringup/package.bash'
[0.698s] INFO:colcon.colcon_core.shell:Creating package script '/home/benjamin/tito_ws/install/tito_bringup/share/tito_bringup/package.zsh'
[0.698s] Level 1:colcon.colcon_core.environment:create_file_with_runtime_dependencies(/home/benjamin/tito_ws/install/tito_bringup/share/colcon-core/packages/tito_bringup)
[0.698s] DEBUG:colcon.colcon_parallel_executor.executor.parallel:closing loop
[0.698s] DEBUG:colcon.colcon_parallel_executor.executor.parallel:loop closed
[0.698s] DEBUG:colcon.colcon_parallel_executor.executor.parallel:run_until_complete finished with '0'
[0.698s] DEBUG:colcon.colcon_core.event_reactor:joining thread
[0.706s] INFO:colcon.colcon_core.plugin_system:Skipping extension 'colcon_notification.desktop_notification.terminal_notifier': Not used on non-Darwin systems
[0.706s] INFO:colcon.colcon_core.plugin_system:Skipping extension 'colcon_notification.desktop_notification.win32': Not used on non-Windows systems
[0.706s] INFO:colcon.colcon_notification.desktop_notification:Sending desktop notification using 'notify2'
[0.713s] DEBUG:colcon.colcon_core.event_reactor:joined thread
[0.713s] INFO:colcon.colcon_core.shell:Creating prefix script '/home/benjamin/tito_ws/install/local_setup.ps1'
[0.714s] INFO:colcon.colcon_core.shell:Creating prefix util module '/home/benjamin/tito_ws/install/_local_setup_util_ps1.py'
[0.715s] INFO:colcon.colcon_core.shell:Creating prefix chain script '/home/benjamin/tito_ws/install/setup.ps1'
[0.722s] INFO:colcon.colcon_core.shell:Creating prefix script '/home/benjamin/tito_ws/install/local_setup.sh'
[0.722s] INFO:colcon.colcon_core.shell:Creating prefix util module '/home/benjamin/tito_ws/install/_local_setup_util_sh.py'
[0.723s] INFO:colcon.colcon_core.shell:Creating prefix chain script '/home/benjamin/tito_ws/install/setup.sh'
[0.731s] INFO:colcon.colcon_core.shell:Creating prefix script '/home/benjamin/tito_ws/install/local_setup.bash'
[0.731s] INFO:colcon.colcon_core.shell:Creating prefix chain script '/home/benjamin/tito_ws/install/setup.bash'
[0.739s] INFO:colcon.colcon_core.shell:Creating prefix script '/home/benjamin/tito_ws/install/local_setup.zsh'
[0.739s] INFO:colcon.colcon_core.shell:Creating prefix chain script '/home/benjamin/tito_ws/install/setup.zsh'
