[1.555s] DEBUG:colcon:Command line arguments: ['/usr/bin/colcon', 'build', '--packages-select', 'tito_bringup']
[1.555s] DEBUG:colcon:Parsed command line arguments: Namespace(log_base=None, log_level=None, verb_name='build', build_base='build', install_base='install', merge_install=False, symlink_install=False, test_result_base=None, continue_on_error=False, executor='parallel', parallel_workers=16, event_handlers=None, ignore_user_meta=False, metas=['./colcon.meta'], base_paths=['.'], packages_ignore=None, packages_ignore_regex=None, paths=None, packages_up_to=None, packages_up_to_regex=None, packages_above=None, packages_above_and_dependencies=None, packages_above_depth=None, packages_select_by_dep=None, packages_skip_by_dep=None, packages_skip_up_to=None, packages_select_build_failed=False, packages_skip_build_finished=False, packages_select_test_failures=False, packages_skip_test_passed=False, packages_select=['tito_bringup'], packages_skip=None, packages_select_regex=None, packages_skip_regex=None, packages_start=None, packages_end=None, allow_overriding=[], cmake_args=None, cmake_target=None, cmake_target_skip_unavailable=False, cmake_clean_cache=False, cmake_clean_first=False, cmake_force_configure=False, ament_cmake_args=None, catkin_cmake_args=None, catkin_skip_building_tests=False, mixin_files=None, mixin=None, verb_parser=<colcon_mixin.mixin.mixin_argument.MixinArgumentDecorator object at 0x73b851efffa0>, verb_extension=<colcon_core.verb.build.BuildVerb object at 0x73b851efd0f0>, main=<bound method BuildVerb.main of <colcon_core.verb.build.BuildVerb object at 0x73b851efd0f0>>, mixin_verb=('build',))
[1.612s] Level 1:colcon.colcon_core.package_discovery:discover_packages(colcon_meta) check parameters
[1.612s] Level 1:colcon.colcon_core.package_discovery:discover_packages(recursive) check parameters
[1.612s] Level 1:colcon.colcon_core.package_discovery:discover_packages(ignore) check parameters
[1.612s] Level 1:colcon.colcon_core.package_discovery:discover_packages(path) check parameters
[1.612s] Level 1:colcon.colcon_core.package_discovery:discover_packages(colcon_meta) discover
[1.612s] Level 1:colcon.colcon_core.package_discovery:discover_packages(recursive) discover
[1.612s] INFO:colcon.colcon_core.package_discovery:Crawling recursively for packages in '/home/benjamin/tito_ws'
[1.612s] Level 1:colcon.colcon_core.package_identification:_identify(.) by extensions ['ignore', 'ignore_ament_install']
[1.612s] Level 1:colcon.colcon_core.package_identification:_identify(.) by extension 'ignore'
[1.612s] Level 1:colcon.colcon_core.package_identification:_identify(.) by extension 'ignore_ament_install'
[1.612s] Level 1:colcon.colcon_core.package_identification:_identify(.) by extensions ['colcon_pkg']
[1.612s] Level 1:colcon.colcon_core.package_identification:_identify(.) by extension 'colcon_pkg'
[1.612s] Level 1:colcon.colcon_core.package_identification:_identify(.) by extensions ['colcon_meta']
[1.612s] Level 1:colcon.colcon_core.package_identification:_identify(.) by extension 'colcon_meta'
[1.612s] Level 1:colcon.colcon_core.package_identification:_identify(.) by extensions ['ros']
[1.612s] Level 1:colcon.colcon_core.package_identification:_identify(.) by extension 'ros'
[1.619s] Level 1:colcon.colcon_core.package_identification:_identify(.) by extensions ['cmake', 'python']
[1.619s] Level 1:colcon.colcon_core.package_identification:_identify(.) by extension 'cmake'
[1.619s] Level 1:colcon.colcon_core.package_identification:_identify(.) by extension 'python'
[1.619s] Level 1:colcon.colcon_core.package_identification:_identify(.) by extensions ['python_setup_py']
[1.619s] Level 1:colcon.colcon_core.package_identification:_identify(.) by extension 'python_setup_py'
[1.619s] Level 1:colcon.colcon_core.package_identification:_identify(build) by extensions ['ignore', 'ignore_ament_install']
[1.619s] Level 1:colcon.colcon_core.package_identification:_identify(build) by extension 'ignore'
[1.619s] Level 1:colcon.colcon_core.package_identification:_identify(build) ignored
[1.619s] Level 1:colcon.colcon_core.package_identification:_identify(install) by extensions ['ignore', 'ignore_ament_install']
[1.619s] Level 1:colcon.colcon_core.package_identification:_identify(install) by extension 'ignore'
[1.619s] Level 1:colcon.colcon_core.package_identification:_identify(install) ignored
[1.619s] Level 1:colcon.colcon_core.package_identification:_identify(log) by extensions ['ignore', 'ignore_ament_install']
[1.619s] Level 1:colcon.colcon_core.package_identification:_identify(log) by extension 'ignore'
[1.619s] Level 1:colcon.colcon_core.package_identification:_identify(log) ignored
[1.619s] Level 1:colcon.colcon_core.package_identification:_identify(src) by extensions ['ignore', 'ignore_ament_install']
[1.620s] Level 1:colcon.colcon_core.package_identification:_identify(src) by extension 'ignore'
[1.620s] Level 1:colcon.colcon_core.package_identification:_identify(src) by extension 'ignore_ament_install'
[1.620s] Level 1:colcon.colcon_core.package_identification:_identify(src) by extensions ['colcon_pkg']
[1.620s] Level 1:colcon.colcon_core.package_identification:_identify(src) by extension 'colcon_pkg'
[1.620s] Level 1:colcon.colcon_core.package_identification:_identify(src) by extensions ['colcon_meta']
[1.620s] Level 1:colcon.colcon_core.package_identification:_identify(src) by extension 'colcon_meta'
[1.620s] Level 1:colcon.colcon_core.package_identification:_identify(src) by extensions ['ros']
[1.620s] Level 1:colcon.colcon_core.package_identification:_identify(src) by extension 'ros'
[1.620s] Level 1:colcon.colcon_core.package_identification:_identify(src) by extensions ['cmake', 'python']
[1.620s] Level 1:colcon.colcon_core.package_identification:_identify(src) by extension 'cmake'
[1.620s] Level 1:colcon.colcon_core.package_identification:_identify(src) by extension 'python'
[1.620s] Level 1:colcon.colcon_core.package_identification:_identify(src) by extensions ['python_setup_py']
[1.620s] Level 1:colcon.colcon_core.package_identification:_identify(src) by extension 'python_setup_py'
[1.620s] Level 1:colcon.colcon_core.package_identification:_identify(src/tito_bringup) by extensions ['ignore', 'ignore_ament_install']
[1.620s] Level 1:colcon.colcon_core.package_identification:_identify(src/tito_bringup) by extension 'ignore'
[1.620s] Level 1:colcon.colcon_core.package_identification:_identify(src/tito_bringup) by extension 'ignore_ament_install'
[1.620s] Level 1:colcon.colcon_core.package_identification:_identify(src/tito_bringup) by extensions ['colcon_pkg']
[1.620s] Level 1:colcon.colcon_core.package_identification:_identify(src/tito_bringup) by extension 'colcon_pkg'
[1.620s] Level 1:colcon.colcon_core.package_identification:_identify(src/tito_bringup) by extensions ['colcon_meta']
[1.620s] Level 1:colcon.colcon_core.package_identification:_identify(src/tito_bringup) by extension 'colcon_meta'
[1.620s] Level 1:colcon.colcon_core.package_identification:_identify(src/tito_bringup) by extensions ['ros']
[1.620s] Level 1:colcon.colcon_core.package_identification:_identify(src/tito_bringup) by extension 'ros'
[1.621s] DEBUG:colcon.colcon_core.package_identification:Package 'src/tito_bringup' with type 'ros.ament_cmake' and name 'tito_bringup'
[1.621s] Level 1:colcon.colcon_core.package_identification:_identify(src/turtlebot3) by extensions ['ignore', 'ignore_ament_install']
[1.621s] Level 1:colcon.colcon_core.package_identification:_identify(src/turtlebot3) by extension 'ignore'
[1.621s] Level 1:colcon.colcon_core.package_identification:_identify(src/turtlebot3) by extension 'ignore_ament_install'
[1.621s] Level 1:colcon.colcon_core.package_identification:_identify(src/turtlebot3) by extensions ['colcon_pkg']
[1.621s] Level 1:colcon.colcon_core.package_identification:_identify(src/turtlebot3) by extension 'colcon_pkg'
[1.621s] Level 1:colcon.colcon_core.package_identification:_identify(src/turtlebot3) by extensions ['colcon_meta']
[1.621s] Level 1:colcon.colcon_core.package_identification:_identify(src/turtlebot3) by extension 'colcon_meta'
[1.621s] Level 1:colcon.colcon_core.package_identification:_identify(src/turtlebot3) by extensions ['ros']
[1.621s] Level 1:colcon.colcon_core.package_identification:_identify(src/turtlebot3) by extension 'ros'
[1.621s] Level 1:colcon.colcon_core.package_identification:_identify(src/turtlebot3) by extensions ['cmake', 'python']
[1.621s] Level 1:colcon.colcon_core.package_identification:_identify(src/turtlebot3) by extension 'cmake'
[1.621s] Level 1:colcon.colcon_core.package_identification:_identify(src/turtlebot3) by extension 'python'
[1.621s] Level 1:colcon.colcon_core.package_identification:_identify(src/turtlebot3) by extensions ['python_setup_py']
[1.621s] Level 1:colcon.colcon_core.package_identification:_identify(src/turtlebot3) by extension 'python_setup_py'
[1.621s] Level 1:colcon.colcon_core.package_identification:_identify(src/turtlebot3/turtlebot3) by extensions ['ignore', 'ignore_ament_install']
[1.622s] Level 1:colcon.colcon_core.package_identification:_identify(src/turtlebot3/turtlebot3) by extension 'ignore'
[1.622s] Level 1:colcon.colcon_core.package_identification:_identify(src/turtlebot3/turtlebot3) by extension 'ignore_ament_install'
[1.622s] Level 1:colcon.colcon_core.package_identification:_identify(src/turtlebot3/turtlebot3) by extensions ['colcon_pkg']
[1.622s] Level 1:colcon.colcon_core.package_identification:_identify(src/turtlebot3/turtlebot3) by extension 'colcon_pkg'
[1.622s] Level 1:colcon.colcon_core.package_identification:_identify(src/turtlebot3/turtlebot3) by extensions ['colcon_meta']
[1.622s] Level 1:colcon.colcon_core.package_identification:_identify(src/turtlebot3/turtlebot3) by extension 'colcon_meta'
[1.622s] Level 1:colcon.colcon_core.package_identification:_identify(src/turtlebot3/turtlebot3) by extensions ['ros']
[1.622s] Level 1:colcon.colcon_core.package_identification:_identify(src/turtlebot3/turtlebot3) by extension 'ros'
[1.622s] DEBUG:colcon.colcon_core.package_identification:Package 'src/turtlebot3/turtlebot3' with type 'ros.ament_cmake' and name 'turtlebot3'
[1.622s] Level 1:colcon.colcon_core.package_identification:_identify(src/turtlebot3/turtlebot3_bringup) by extensions ['ignore', 'ignore_ament_install']
[1.622s] Level 1:colcon.colcon_core.package_identification:_identify(src/turtlebot3/turtlebot3_bringup) by extension 'ignore'
[1.622s] Level 1:colcon.colcon_core.package_identification:_identify(src/turtlebot3/turtlebot3_bringup) by extension 'ignore_ament_install'
[1.622s] Level 1:colcon.colcon_core.package_identification:_identify(src/turtlebot3/turtlebot3_bringup) by extensions ['colcon_pkg']
[1.622s] Level 1:colcon.colcon_core.package_identification:_identify(src/turtlebot3/turtlebot3_bringup) by extension 'colcon_pkg'
[1.622s] Level 1:colcon.colcon_core.package_identification:_identify(src/turtlebot3/turtlebot3_bringup) by extensions ['colcon_meta']
[1.622s] Level 1:colcon.colcon_core.package_identification:_identify(src/turtlebot3/turtlebot3_bringup) by extension 'colcon_meta'
[1.622s] Level 1:colcon.colcon_core.package_identification:_identify(src/turtlebot3/turtlebot3_bringup) by extensions ['ros']
[1.622s] Level 1:colcon.colcon_core.package_identification:_identify(src/turtlebot3/turtlebot3_bringup) by extension 'ros'
[1.623s] DEBUG:colcon.colcon_core.package_identification:Package 'src/turtlebot3/turtlebot3_bringup' with type 'ros.ament_cmake' and name 'turtlebot3_bringup'
[1.623s] Level 1:colcon.colcon_core.package_identification:_identify(src/turtlebot3/turtlebot3_cartographer) by extensions ['ignore', 'ignore_ament_install']
[1.623s] Level 1:colcon.colcon_core.package_identification:_identify(src/turtlebot3/turtlebot3_cartographer) by extension 'ignore'
[1.623s] Level 1:colcon.colcon_core.package_identification:_identify(src/turtlebot3/turtlebot3_cartographer) by extension 'ignore_ament_install'
[1.623s] Level 1:colcon.colcon_core.package_identification:_identify(src/turtlebot3/turtlebot3_cartographer) by extensions ['colcon_pkg']
[1.623s] Level 1:colcon.colcon_core.package_identification:_identify(src/turtlebot3/turtlebot3_cartographer) by extension 'colcon_pkg'
[1.623s] Level 1:colcon.colcon_core.package_identification:_identify(src/turtlebot3/turtlebot3_cartographer) by extensions ['colcon_meta']
[1.623s] Level 1:colcon.colcon_core.package_identification:_identify(src/turtlebot3/turtlebot3_cartographer) by extension 'colcon_meta'
[1.623s] Level 1:colcon.colcon_core.package_identification:_identify(src/turtlebot3/turtlebot3_cartographer) by extensions ['ros']
[1.623s] Level 1:colcon.colcon_core.package_identification:_identify(src/turtlebot3/turtlebot3_cartographer) by extension 'ros'
[1.623s] DEBUG:colcon.colcon_core.package_identification:Package 'src/turtlebot3/turtlebot3_cartographer' with type 'ros.ament_cmake' and name 'turtlebot3_cartographer'
[1.623s] Level 1:colcon.colcon_core.package_identification:_identify(src/turtlebot3/turtlebot3_description) by extensions ['ignore', 'ignore_ament_install']
[1.623s] Level 1:colcon.colcon_core.package_identification:_identify(src/turtlebot3/turtlebot3_description) by extension 'ignore'
[1.623s] Level 1:colcon.colcon_core.package_identification:_identify(src/turtlebot3/turtlebot3_description) by extension 'ignore_ament_install'
[1.623s] Level 1:colcon.colcon_core.package_identification:_identify(src/turtlebot3/turtlebot3_description) by extensions ['colcon_pkg']
[1.623s] Level 1:colcon.colcon_core.package_identification:_identify(src/turtlebot3/turtlebot3_description) by extension 'colcon_pkg'
[1.623s] Level 1:colcon.colcon_core.package_identification:_identify(src/turtlebot3/turtlebot3_description) by extensions ['colcon_meta']
[1.623s] Level 1:colcon.colcon_core.package_identification:_identify(src/turtlebot3/turtlebot3_description) by extension 'colcon_meta'
[1.623s] Level 1:colcon.colcon_core.package_identification:_identify(src/turtlebot3/turtlebot3_description) by extensions ['ros']
[1.623s] Level 1:colcon.colcon_core.package_identification:_identify(src/turtlebot3/turtlebot3_description) by extension 'ros'
[1.624s] DEBUG:colcon.colcon_core.package_identification:Package 'src/turtlebot3/turtlebot3_description' with type 'ros.ament_cmake' and name 'turtlebot3_description'
[1.624s] Level 1:colcon.colcon_core.package_identification:_identify(src/turtlebot3/turtlebot3_example) by extensions ['ignore', 'ignore_ament_install']
[1.624s] Level 1:colcon.colcon_core.package_identification:_identify(src/turtlebot3/turtlebot3_example) by extension 'ignore'
[1.624s] Level 1:colcon.colcon_core.package_identification:_identify(src/turtlebot3/turtlebot3_example) by extension 'ignore_ament_install'
[1.624s] Level 1:colcon.colcon_core.package_identification:_identify(src/turtlebot3/turtlebot3_example) by extensions ['colcon_pkg']
[1.624s] Level 1:colcon.colcon_core.package_identification:_identify(src/turtlebot3/turtlebot3_example) by extension 'colcon_pkg'
[1.624s] Level 1:colcon.colcon_core.package_identification:_identify(src/turtlebot3/turtlebot3_example) by extensions ['colcon_meta']
[1.624s] Level 1:colcon.colcon_core.package_identification:_identify(src/turtlebot3/turtlebot3_example) by extension 'colcon_meta'
[1.624s] Level 1:colcon.colcon_core.package_identification:_identify(src/turtlebot3/turtlebot3_example) by extensions ['ros']
[1.624s] Level 1:colcon.colcon_core.package_identification:_identify(src/turtlebot3/turtlebot3_example) by extension 'ros'
[1.624s] DEBUG:colcon.colcon_core.package_identification:Package 'src/turtlebot3/turtlebot3_example' with type 'ros.ament_python' and name 'turtlebot3_example'
[1.624s] Level 1:colcon.colcon_core.package_identification:_identify(src/turtlebot3/turtlebot3_navigation2) by extensions ['ignore', 'ignore_ament_install']
[1.624s] Level 1:colcon.colcon_core.package_identification:_identify(src/turtlebot3/turtlebot3_navigation2) by extension 'ignore'
[1.624s] Level 1:colcon.colcon_core.package_identification:_identify(src/turtlebot3/turtlebot3_navigation2) by extension 'ignore_ament_install'
[1.624s] Level 1:colcon.colcon_core.package_identification:_identify(src/turtlebot3/turtlebot3_navigation2) by extensions ['colcon_pkg']
[1.624s] Level 1:colcon.colcon_core.package_identification:_identify(src/turtlebot3/turtlebot3_navigation2) by extension 'colcon_pkg'
[1.624s] Level 1:colcon.colcon_core.package_identification:_identify(src/turtlebot3/turtlebot3_navigation2) by extensions ['colcon_meta']
[1.624s] Level 1:colcon.colcon_core.package_identification:_identify(src/turtlebot3/turtlebot3_navigation2) by extension 'colcon_meta'
[1.624s] Level 1:colcon.colcon_core.package_identification:_identify(src/turtlebot3/turtlebot3_navigation2) by extensions ['ros']
[1.624s] Level 1:colcon.colcon_core.package_identification:_identify(src/turtlebot3/turtlebot3_navigation2) by extension 'ros'
[1.625s] DEBUG:colcon.colcon_core.package_identification:Package 'src/turtlebot3/turtlebot3_navigation2' with type 'ros.ament_cmake' and name 'turtlebot3_navigation2'
[1.625s] Level 1:colcon.colcon_core.package_identification:_identify(src/turtlebot3/turtlebot3_node) by extensions ['ignore', 'ignore_ament_install']
[1.625s] Level 1:colcon.colcon_core.package_identification:_identify(src/turtlebot3/turtlebot3_node) by extension 'ignore'
[1.625s] Level 1:colcon.colcon_core.package_identification:_identify(src/turtlebot3/turtlebot3_node) by extension 'ignore_ament_install'
[1.625s] Level 1:colcon.colcon_core.package_identification:_identify(src/turtlebot3/turtlebot3_node) by extensions ['colcon_pkg']
[1.625s] Level 1:colcon.colcon_core.package_identification:_identify(src/turtlebot3/turtlebot3_node) by extension 'colcon_pkg'
[1.625s] Level 1:colcon.colcon_core.package_identification:_identify(src/turtlebot3/turtlebot3_node) by extensions ['colcon_meta']
[1.625s] Level 1:colcon.colcon_core.package_identification:_identify(src/turtlebot3/turtlebot3_node) by extension 'colcon_meta'
[1.625s] Level 1:colcon.colcon_core.package_identification:_identify(src/turtlebot3/turtlebot3_node) by extensions ['ros']
[1.625s] Level 1:colcon.colcon_core.package_identification:_identify(src/turtlebot3/turtlebot3_node) by extension 'ros'
[1.626s] DEBUG:colcon.colcon_core.package_identification:Package 'src/turtlebot3/turtlebot3_node' with type 'ros.ament_cmake' and name 'turtlebot3_node'
[1.626s] Level 1:colcon.colcon_core.package_identification:_identify(src/turtlebot3/turtlebot3_teleop) by extensions ['ignore', 'ignore_ament_install']
[1.626s] Level 1:colcon.colcon_core.package_identification:_identify(src/turtlebot3/turtlebot3_teleop) by extension 'ignore'
[1.626s] Level 1:colcon.colcon_core.package_identification:_identify(src/turtlebot3/turtlebot3_teleop) by extension 'ignore_ament_install'
[1.626s] Level 1:colcon.colcon_core.package_identification:_identify(src/turtlebot3/turtlebot3_teleop) by extensions ['colcon_pkg']
[1.626s] Level 1:colcon.colcon_core.package_identification:_identify(src/turtlebot3/turtlebot3_teleop) by extension 'colcon_pkg'
[1.626s] Level 1:colcon.colcon_core.package_identification:_identify(src/turtlebot3/turtlebot3_teleop) by extensions ['colcon_meta']
[1.626s] Level 1:colcon.colcon_core.package_identification:_identify(src/turtlebot3/turtlebot3_teleop) by extension 'colcon_meta'
[1.626s] Level 1:colcon.colcon_core.package_identification:_identify(src/turtlebot3/turtlebot3_teleop) by extensions ['ros']
[1.626s] Level 1:colcon.colcon_core.package_identification:_identify(src/turtlebot3/turtlebot3_teleop) by extension 'ros'
[1.626s] DEBUG:colcon.colcon_core.package_identification:Package 'src/turtlebot3/turtlebot3_teleop' with type 'ros.ament_python' and name 'turtlebot3_teleop'
[1.626s] Level 1:colcon.colcon_core.package_discovery:discover_packages(recursive) using defaults
[1.626s] Level 1:colcon.colcon_core.package_discovery:discover_packages(ignore) discover
[1.626s] Level 1:colcon.colcon_core.package_discovery:discover_packages(ignore) using defaults
[1.626s] Level 1:colcon.colcon_core.package_discovery:discover_packages(path) discover
[1.626s] Level 1:colcon.colcon_core.package_discovery:discover_packages(path) using defaults
[1.719s] INFO:colcon.colcon_core.package_selection:Skipping not selected package 'turtlebot3_cartographer' in 'src/turtlebot3/turtlebot3_cartographer'
[1.719s] INFO:colcon.colcon_core.package_selection:Skipping not selected package 'turtlebot3_description' in 'src/turtlebot3/turtlebot3_description'
[1.719s] INFO:colcon.colcon_core.package_selection:Skipping not selected package 'turtlebot3_example' in 'src/turtlebot3/turtlebot3_example'
[1.719s] INFO:colcon.colcon_core.package_selection:Skipping not selected package 'turtlebot3_navigation2' in 'src/turtlebot3/turtlebot3_navigation2'
[1.719s] INFO:colcon.colcon_core.package_selection:Skipping not selected package 'turtlebot3_node' in 'src/turtlebot3/turtlebot3_node'
[1.719s] INFO:colcon.colcon_core.package_selection:Skipping not selected package 'turtlebot3_teleop' in 'src/turtlebot3/turtlebot3_teleop'
[1.719s] INFO:colcon.colcon_core.package_selection:Skipping not selected package 'turtlebot3_bringup' in 'src/turtlebot3/turtlebot3_bringup'
[1.719s] INFO:colcon.colcon_core.package_selection:Skipping not selected package 'turtlebot3' in 'src/turtlebot3/turtlebot3'
[1.754s] Level 1:colcon.colcon_core.package_discovery:discover_packages(prefix_path) check parameters
[1.754s] Level 1:colcon.colcon_core.package_discovery:discover_packages(prefix_path) discover
[1.772s] WARNING:colcon.colcon_ros.prefix_path.ament:The path '/home/benjamin/tito_ws/install/turtlebot3' in the environment variable AMENT_PREFIX_PATH doesn't exist
[1.772s] WARNING:colcon.colcon_ros.prefix_path.ament:The path '/home/benjamin/tito_ws/install/turtlebot3_teleop' in the environment variable AMENT_PREFIX_PATH doesn't exist
[1.772s] WARNING:colcon.colcon_ros.prefix_path.ament:The path '/home/benjamin/tito_ws/install/turtlebot3_bringup' in the environment variable AMENT_PREFIX_PATH doesn't exist
[1.772s] WARNING:colcon.colcon_ros.prefix_path.ament:The path '/home/benjamin/tito_ws/install/turtlebot3_node' in the environment variable AMENT_PREFIX_PATH doesn't exist
[1.772s] WARNING:colcon.colcon_ros.prefix_path.ament:The path '/home/benjamin/tito_ws/install/turtlebot3_navigation2' in the environment variable AMENT_PREFIX_PATH doesn't exist
[1.772s] WARNING:colcon.colcon_ros.prefix_path.ament:The path '/home/benjamin/tito_ws/install/turtlebot3_example' in the environment variable AMENT_PREFIX_PATH doesn't exist
[1.772s] WARNING:colcon.colcon_ros.prefix_path.ament:The path '/home/benjamin/tito_ws/install/turtlebot3_description' in the environment variable AMENT_PREFIX_PATH doesn't exist
[1.772s] WARNING:colcon.colcon_ros.prefix_path.ament:The path '/home/benjamin/tito_ws/install/turtlebot3_cartographer' in the environment variable AMENT_PREFIX_PATH doesn't exist
[1.772s] WARNING:colcon.colcon_ros.prefix_path.ament:The path '/home/benjamin/tito_ws/install/tito_bringup' in the environment variable AMENT_PREFIX_PATH doesn't exist
[1.777s] WARNING:colcon.colcon_ros.prefix_path.catkin:The path '/home/benjamin/tito_ws/install/turtlebot3' in the environment variable CMAKE_PREFIX_PATH doesn't exist
[1.777s] WARNING:colcon.colcon_ros.prefix_path.catkin:The path '/home/benjamin/tito_ws/install/turtlebot3_bringup' in the environment variable CMAKE_PREFIX_PATH doesn't exist
[1.777s] WARNING:colcon.colcon_ros.prefix_path.catkin:The path '/home/benjamin/tito_ws/install/turtlebot3_node' in the environment variable CMAKE_PREFIX_PATH doesn't exist
[1.777s] WARNING:colcon.colcon_ros.prefix_path.catkin:The path '/home/benjamin/tito_ws/install/turtlebot3_navigation2' in the environment variable CMAKE_PREFIX_PATH doesn't exist
[1.777s] WARNING:colcon.colcon_ros.prefix_path.catkin:The path '/home/benjamin/tito_ws/install/turtlebot3_description' in the environment variable CMAKE_PREFIX_PATH doesn't exist
[1.777s] WARNING:colcon.colcon_ros.prefix_path.catkin:The path '/home/benjamin/tito_ws/install/turtlebot3_cartographer' in the environment variable CMAKE_PREFIX_PATH doesn't exist
[1.777s] WARNING:colcon.colcon_ros.prefix_path.catkin:The path '/home/benjamin/tito_ws/install/tito_bringup' in the environment variable CMAKE_PREFIX_PATH doesn't exist
[1.796s] DEBUG:colcon.colcon_installed_package_information.package_discovery:Found 0 installed packages in /home/benjamin/tito_ws/install
[1.815s] DEBUG:colcon.colcon_installed_package_information.package_discovery:Found 54 installed packages in /home/benjamin/ws_moveit/install
[1.834s] DEBUG:colcon.colcon_installed_package_information.package_discovery:Found 6 installed packages in /home/benjamin/iiwa_ros2/install
[1.853s] DEBUG:colcon.colcon_installed_package_information.package_discovery:Found 7 installed packages in /home/benjamin/ros2_ws/install
[1.875s] DEBUG:colcon.colcon_installed_package_information.package_discovery:Found 344 installed packages in /home/benjamin/ros2_humble/install
[1.894s] DEBUG:colcon.colcon_installed_package_information.package_discovery:Found 291 installed packages in /opt/ros/humble
[1.898s] Level 1:colcon.colcon_core.package_discovery:discover_packages(prefix_path) using defaults
[1.987s] Level 5:colcon.colcon_core.verb:set package 'tito_bringup' build argument 'cmake_args' from command line to 'None'
[1.987s] Level 5:colcon.colcon_core.verb:set package 'tito_bringup' build argument 'cmake_target' from command line to 'None'
[1.987s] Level 5:colcon.colcon_core.verb:set package 'tito_bringup' build argument 'cmake_target_skip_unavailable' from command line to 'False'
[1.987s] Level 5:colcon.colcon_core.verb:set package 'tito_bringup' build argument 'cmake_clean_cache' from command line to 'False'
[1.987s] Level 5:colcon.colcon_core.verb:set package 'tito_bringup' build argument 'cmake_clean_first' from command line to 'False'
[1.987s] Level 5:colcon.colcon_core.verb:set package 'tito_bringup' build argument 'cmake_force_configure' from command line to 'False'
[1.987s] Level 5:colcon.colcon_core.verb:set package 'tito_bringup' build argument 'ament_cmake_args' from command line to 'None'
[1.987s] Level 5:colcon.colcon_core.verb:set package 'tito_bringup' build argument 'catkin_cmake_args' from command line to 'None'
[1.987s] Level 5:colcon.colcon_core.verb:set package 'tito_bringup' build argument 'catkin_skip_building_tests' from command line to 'False'
[1.987s] DEBUG:colcon.colcon_core.verb:Building package 'tito_bringup' with the following arguments: {'ament_cmake_args': None, 'build_base': '/home/benjamin/tito_ws/build/tito_bringup', 'catkin_cmake_args': None, 'catkin_skip_building_tests': False, 'cmake_args': None, 'cmake_clean_cache': False, 'cmake_clean_first': False, 'cmake_force_configure': False, 'cmake_target': None, 'cmake_target_skip_unavailable': False, 'install_base': '/home/benjamin/tito_ws/install/tito_bringup', 'merge_install': False, 'path': '/home/benjamin/tito_ws/src/tito_bringup', 'symlink_install': False, 'test_result_base': None}
[2.004s] INFO:colcon.colcon_core.executor:Executing jobs using 'parallel' executor
[2.023s] DEBUG:colcon.colcon_parallel_executor.executor.parallel:run_until_complete
[2.023s] INFO:colcon.colcon_ros.task.ament_cmake.build:Building ROS package in '/home/benjamin/tito_ws/src/tito_bringup' with build type 'ament_cmake'
[2.023s] INFO:colcon.colcon_cmake.task.cmake.build:Building CMake package in '/home/benjamin/tito_ws/src/tito_bringup'
[2.045s] INFO:colcon.colcon_core.plugin_system:Skipping extension 'colcon_core.shell.bat': Not used on non-Windows systems
[2.045s] INFO:colcon.colcon_core.shell:Skip shell extension 'powershell' for command environment: Not usable outside of PowerShell
[2.045s] DEBUG:colcon.colcon_core.shell:Skip shell extension 'dsv' for command environment
[2.207s] DEBUG:colcon.colcon_core.event_handler.log_command:Invoking command in '/home/benjamin/tito_ws/build/tito_bringup': CMAKE_PREFIX_PATH=${CMAKE_PREFIX_PATH}:/home/benjamin/tito_ws/install/turtlebot3_teleop:/home/benjamin/tito_ws/install/turtlebot3_example:/home/benjamin/ws_moveit/install/ros2controlcli:/home/benjamin/ws_moveit/install/moveit_configs_utils:/opt/ros/humble:/home/benjamin/ros2_humble/install/rqt_bag_plugins:/home/benjamin/ros2_humble/install/rqt_bag:/home/benjamin/ros2_humble/install/ros2bag:/home/benjamin/ros2_humble/install/tracetools_test:/home/benjamin/ros2_humble/install/tracetools_launch:/home/benjamin/ros2_humble/install/topic_monitor:/home/benjamin/ros2_humble/install/tf2_tools:/home/benjamin/ros2_humble/install/examples_tf2_py:/home/benjamin/ros2_humble/install/tf2_ros_py:/home/benjamin/ros2_humble/install/sros2:/home/benjamin/ros2_humble/install/rqt_topic:/home/benjamin/ros2_humble/install/rqt_srv:/home/benjamin/ros2_humble/install/rqt_shell:/home/benjamin/ros2_humble/install/rqt_service_caller:/home/benjamin/ros2_humble/install/rqt_reconfigure:/home/benjamin/ros2_humble/install/rqt_py_console:/home/benjamin/ros2_humble/install/rqt_publisher:/home/benjamin/ros2_humble/install/rqt_plot:/home/benjamin/ros2_humble/install/rqt_action:/home/benjamin/ros2_humble/install/rqt_msg:/home/benjamin/ros2_humble/install/rqt_console:/home/benjamin/ros2_humble/install/rqt:/home/benjamin/ros2_humble/install/rqt_graph:/home/benjamin/ros2_humble/install/rqt_gui_py:/home/benjamin/ros2_humble/install/rqt_gui:/home/benjamin/ros2_humble/install/ros2trace:/home/benjamin/ros2_humble/install/ros2topic:/home/benjamin/ros2_humble/install/ros2test:/home/benjamin/ros2_humble/install/ros2component:/home/benjamin/ros2_humble/install/ros2param:/home/benjamin/ros2_humble/install/ros2lifecycle:/home/benjamin/ros2_humble/install/ros2service:/home/benjamin/ros2_humble/install/ros2run:/home/benjamin/ros2_humble/install/ros2launch:/home/benjamin/ros2_humble/install/ros2pkg:/home/benjamin/ros2_humble/install/ros2node:/home/benjamin/ros2_humble/install/ros2multicast:/home/benjamin/ros2_humble/install/ros2interface:/home/benjamin/ros2_humble/install/ros2doctor:/home/benjamin/ros2_humble/install/ros2action:/home/benjamin/ros2_humble/install/ros2cli:/home/benjamin/ros2_humble/install/quality_of_service_demo_py:/home/benjamin/ros2_humble/install/lifecycle_py:/home/benjamin/ros2_humble/install/launch_testing_ros:/home/benjamin/ros2_humble/install/launch_ros:/home/benjamin/ros2_humble/install/examples_rclpy_pointcloud_publisher:/home/benjamin/ros2_humble/install/examples_rclpy_minimal_subscriber:/home/benjamin/ros2_humble/install/examples_rclpy_minimal_service:/home/benjamin/ros2_humble/install/examples_rclpy_minimal_publisher:/home/benjamin/ros2_humble/install/examples_rclpy_minimal_client:/home/benjamin/ros2_humble/install/examples_rclpy_minimal_action_server:/home/benjamin/ros2_humble/install/examples_rclpy_minimal_action_client:/home/benjamin/ros2_humble/install/examples_rclpy_guard_conditions:/home/benjamin/ros2_humble/install/examples_rclpy_executors:/home/benjamin/ros2_humble/install/demo_nodes_py:/home/benjamin/ros2_humble/install/action_tutorials_py:/home/benjamin/ros2_humble/install/ament_uncrustify:/home/benjamin/ros2_humble/install/tracetools_trace:/home/benjamin/ros2_humble/install/tracetools_read:/home/benjamin/ros2_humble/install/test_tracetools_launch:/home/benjamin/ros2_humble/install/test_launch_ros:/home/benjamin/ros2_humble/install/sensor_msgs_py:/home/benjamin/ros2_humble/install/rpyutils:/home/benjamin/ros2_humble/install/rosidl_runtime_py:/home/benjamin/ros2_humble/install/rosidl_cli:/home/benjamin/ros2_humble/install/launch_pytest:/home/benjamin/ros2_humble/install/launch_testing:/home/benjamin/ros2_humble/install/launch_yaml:/home/benjamin/ros2_humble/install/launch_xml:/home/benjamin/ros2_humble/install/launch:/home/benjamin/ros2_humble/install/osrf_pycommon:/home/benjamin/ros2_humble/install/launch_testing_examples:/home/benjamin/ros2_humble/install/domain_coordinator:/home/benjamin/ros2_humble/install/ament_xmllint:/home/benjamin/ros2_humble/install/ament_pyflakes:/home/benjamin/ros2_humble/install/ament_pycodestyle:/home/benjamin/ros2_humble/install/ament_pep257:/home/benjamin/ros2_humble/install/ament_pclint:/home/benjamin/ros2_humble/install/ament_package:/home/benjamin/ros2_humble/install/ament_mypy:/home/benjamin/ros2_humble/install/ament_lint_cmake:/home/benjamin/ros2_humble/install/ament_flake8:/home/benjamin/ros2_humble/install/ament_copyright:/home/benjamin/ros2_humble/install/ament_lint:/home/benjamin/ros2_humble/install/ament_index_python:/home/benjamin/ros2_humble/install/ament_cpplint:/home/benjamin/ros2_humble/install/ament_cppcheck:/home/benjamin/ros2_humble/install/ament_clang_tidy:/home/benjamin/ros2_humble/install/ament_clang_format /usr/bin/cmake /home/benjamin/tito_ws/src/tito_bringup -DCMAKE_INSTALL_PREFIX=/home/benjamin/tito_ws/install/tito_bringup
[3.679s] DEBUG:colcon.colcon_core.event_handler.log_command:Invoked command in '/home/benjamin/tito_ws/build/tito_bringup' returned '0': CMAKE_PREFIX_PATH=${CMAKE_PREFIX_PATH}:/home/benjamin/tito_ws/install/turtlebot3_teleop:/home/benjamin/tito_ws/install/turtlebot3_example:/home/benjamin/ws_moveit/install/ros2controlcli:/home/benjamin/ws_moveit/install/moveit_configs_utils:/opt/ros/humble:/home/benjamin/ros2_humble/install/rqt_bag_plugins:/home/benjamin/ros2_humble/install/rqt_bag:/home/benjamin/ros2_humble/install/ros2bag:/home/benjamin/ros2_humble/install/tracetools_test:/home/benjamin/ros2_humble/install/tracetools_launch:/home/benjamin/ros2_humble/install/topic_monitor:/home/benjamin/ros2_humble/install/tf2_tools:/home/benjamin/ros2_humble/install/examples_tf2_py:/home/benjamin/ros2_humble/install/tf2_ros_py:/home/benjamin/ros2_humble/install/sros2:/home/benjamin/ros2_humble/install/rqt_topic:/home/benjamin/ros2_humble/install/rqt_srv:/home/benjamin/ros2_humble/install/rqt_shell:/home/benjamin/ros2_humble/install/rqt_service_caller:/home/benjamin/ros2_humble/install/rqt_reconfigure:/home/benjamin/ros2_humble/install/rqt_py_console:/home/benjamin/ros2_humble/install/rqt_publisher:/home/benjamin/ros2_humble/install/rqt_plot:/home/benjamin/ros2_humble/install/rqt_action:/home/benjamin/ros2_humble/install/rqt_msg:/home/benjamin/ros2_humble/install/rqt_console:/home/benjamin/ros2_humble/install/rqt:/home/benjamin/ros2_humble/install/rqt_graph:/home/benjamin/ros2_humble/install/rqt_gui_py:/home/benjamin/ros2_humble/install/rqt_gui:/home/benjamin/ros2_humble/install/ros2trace:/home/benjamin/ros2_humble/install/ros2topic:/home/benjamin/ros2_humble/install/ros2test:/home/benjamin/ros2_humble/install/ros2component:/home/benjamin/ros2_humble/install/ros2param:/home/benjamin/ros2_humble/install/ros2lifecycle:/home/benjamin/ros2_humble/install/ros2service:/home/benjamin/ros2_humble/install/ros2run:/home/benjamin/ros2_humble/install/ros2launch:/home/benjamin/ros2_humble/install/ros2pkg:/home/benjamin/ros2_humble/install/ros2node:/home/benjamin/ros2_humble/install/ros2multicast:/home/benjamin/ros2_humble/install/ros2interface:/home/benjamin/ros2_humble/install/ros2doctor:/home/benjamin/ros2_humble/install/ros2action:/home/benjamin/ros2_humble/install/ros2cli:/home/benjamin/ros2_humble/install/quality_of_service_demo_py:/home/benjamin/ros2_humble/install/lifecycle_py:/home/benjamin/ros2_humble/install/launch_testing_ros:/home/benjamin/ros2_humble/install/launch_ros:/home/benjamin/ros2_humble/install/examples_rclpy_pointcloud_publisher:/home/benjamin/ros2_humble/install/examples_rclpy_minimal_subscriber:/home/benjamin/ros2_humble/install/examples_rclpy_minimal_service:/home/benjamin/ros2_humble/install/examples_rclpy_minimal_publisher:/home/benjamin/ros2_humble/install/examples_rclpy_minimal_client:/home/benjamin/ros2_humble/install/examples_rclpy_minimal_action_server:/home/benjamin/ros2_humble/install/examples_rclpy_minimal_action_client:/home/benjamin/ros2_humble/install/examples_rclpy_guard_conditions:/home/benjamin/ros2_humble/install/examples_rclpy_executors:/home/benjamin/ros2_humble/install/demo_nodes_py:/home/benjamin/ros2_humble/install/action_tutorials_py:/home/benjamin/ros2_humble/install/ament_uncrustify:/home/benjamin/ros2_humble/install/tracetools_trace:/home/benjamin/ros2_humble/install/tracetools_read:/home/benjamin/ros2_humble/install/test_tracetools_launch:/home/benjamin/ros2_humble/install/test_launch_ros:/home/benjamin/ros2_humble/install/sensor_msgs_py:/home/benjamin/ros2_humble/install/rpyutils:/home/benjamin/ros2_humble/install/rosidl_runtime_py:/home/benjamin/ros2_humble/install/rosidl_cli:/home/benjamin/ros2_humble/install/launch_pytest:/home/benjamin/ros2_humble/install/launch_testing:/home/benjamin/ros2_humble/install/launch_yaml:/home/benjamin/ros2_humble/install/launch_xml:/home/benjamin/ros2_humble/install/launch:/home/benjamin/ros2_humble/install/osrf_pycommon:/home/benjamin/ros2_humble/install/launch_testing_examples:/home/benjamin/ros2_humble/install/domain_coordinator:/home/benjamin/ros2_humble/install/ament_xmllint:/home/benjamin/ros2_humble/install/ament_pyflakes:/home/benjamin/ros2_humble/install/ament_pycodestyle:/home/benjamin/ros2_humble/install/ament_pep257:/home/benjamin/ros2_humble/install/ament_pclint:/home/benjamin/ros2_humble/install/ament_package:/home/benjamin/ros2_humble/install/ament_mypy:/home/benjamin/ros2_humble/install/ament_lint_cmake:/home/benjamin/ros2_humble/install/ament_flake8:/home/benjamin/ros2_humble/install/ament_copyright:/home/benjamin/ros2_humble/install/ament_lint:/home/benjamin/ros2_humble/install/ament_index_python:/home/benjamin/ros2_humble/install/ament_cpplint:/home/benjamin/ros2_humble/install/ament_cppcheck:/home/benjamin/ros2_humble/install/ament_clang_tidy:/home/benjamin/ros2_humble/install/ament_clang_format /usr/bin/cmake /home/benjamin/tito_ws/src/tito_bringup -DCMAKE_INSTALL_PREFIX=/home/benjamin/tito_ws/install/tito_bringup
[3.680s] DEBUG:colcon.colcon_core.event_handler.log_command:Invoking command in '/home/benjamin/tito_ws/build/tito_bringup': CMAKE_PREFIX_PATH=${CMAKE_PREFIX_PATH}:/home/benjamin/tito_ws/install/turtlebot3_teleop:/home/benjamin/tito_ws/install/turtlebot3_example:/home/benjamin/ws_moveit/install/ros2controlcli:/home/benjamin/ws_moveit/install/moveit_configs_utils:/opt/ros/humble:/home/benjamin/ros2_humble/install/rqt_bag_plugins:/home/benjamin/ros2_humble/install/rqt_bag:/home/benjamin/ros2_humble/install/ros2bag:/home/benjamin/ros2_humble/install/tracetools_test:/home/benjamin/ros2_humble/install/tracetools_launch:/home/benjamin/ros2_humble/install/topic_monitor:/home/benjamin/ros2_humble/install/tf2_tools:/home/benjamin/ros2_humble/install/examples_tf2_py:/home/benjamin/ros2_humble/install/tf2_ros_py:/home/benjamin/ros2_humble/install/sros2:/home/benjamin/ros2_humble/install/rqt_topic:/home/benjamin/ros2_humble/install/rqt_srv:/home/benjamin/ros2_humble/install/rqt_shell:/home/benjamin/ros2_humble/install/rqt_service_caller:/home/benjamin/ros2_humble/install/rqt_reconfigure:/home/benjamin/ros2_humble/install/rqt_py_console:/home/benjamin/ros2_humble/install/rqt_publisher:/home/benjamin/ros2_humble/install/rqt_plot:/home/benjamin/ros2_humble/install/rqt_action:/home/benjamin/ros2_humble/install/rqt_msg:/home/benjamin/ros2_humble/install/rqt_console:/home/benjamin/ros2_humble/install/rqt:/home/benjamin/ros2_humble/install/rqt_graph:/home/benjamin/ros2_humble/install/rqt_gui_py:/home/benjamin/ros2_humble/install/rqt_gui:/home/benjamin/ros2_humble/install/ros2trace:/home/benjamin/ros2_humble/install/ros2topic:/home/benjamin/ros2_humble/install/ros2test:/home/benjamin/ros2_humble/install/ros2component:/home/benjamin/ros2_humble/install/ros2param:/home/benjamin/ros2_humble/install/ros2lifecycle:/home/benjamin/ros2_humble/install/ros2service:/home/benjamin/ros2_humble/install/ros2run:/home/benjamin/ros2_humble/install/ros2launch:/home/benjamin/ros2_humble/install/ros2pkg:/home/benjamin/ros2_humble/install/ros2node:/home/benjamin/ros2_humble/install/ros2multicast:/home/benjamin/ros2_humble/install/ros2interface:/home/benjamin/ros2_humble/install/ros2doctor:/home/benjamin/ros2_humble/install/ros2action:/home/benjamin/ros2_humble/install/ros2cli:/home/benjamin/ros2_humble/install/quality_of_service_demo_py:/home/benjamin/ros2_humble/install/lifecycle_py:/home/benjamin/ros2_humble/install/launch_testing_ros:/home/benjamin/ros2_humble/install/launch_ros:/home/benjamin/ros2_humble/install/examples_rclpy_pointcloud_publisher:/home/benjamin/ros2_humble/install/examples_rclpy_minimal_subscriber:/home/benjamin/ros2_humble/install/examples_rclpy_minimal_service:/home/benjamin/ros2_humble/install/examples_rclpy_minimal_publisher:/home/benjamin/ros2_humble/install/examples_rclpy_minimal_client:/home/benjamin/ros2_humble/install/examples_rclpy_minimal_action_server:/home/benjamin/ros2_humble/install/examples_rclpy_minimal_action_client:/home/benjamin/ros2_humble/install/examples_rclpy_guard_conditions:/home/benjamin/ros2_humble/install/examples_rclpy_executors:/home/benjamin/ros2_humble/install/demo_nodes_py:/home/benjamin/ros2_humble/install/action_tutorials_py:/home/benjamin/ros2_humble/install/ament_uncrustify:/home/benjamin/ros2_humble/install/tracetools_trace:/home/benjamin/ros2_humble/install/tracetools_read:/home/benjamin/ros2_humble/install/test_tracetools_launch:/home/benjamin/ros2_humble/install/test_launch_ros:/home/benjamin/ros2_humble/install/sensor_msgs_py:/home/benjamin/ros2_humble/install/rpyutils:/home/benjamin/ros2_humble/install/rosidl_runtime_py:/home/benjamin/ros2_humble/install/rosidl_cli:/home/benjamin/ros2_humble/install/launch_pytest:/home/benjamin/ros2_humble/install/launch_testing:/home/benjamin/ros2_humble/install/launch_yaml:/home/benjamin/ros2_humble/install/launch_xml:/home/benjamin/ros2_humble/install/launch:/home/benjamin/ros2_humble/install/osrf_pycommon:/home/benjamin/ros2_humble/install/launch_testing_examples:/home/benjamin/ros2_humble/install/domain_coordinator:/home/benjamin/ros2_humble/install/ament_xmllint:/home/benjamin/ros2_humble/install/ament_pyflakes:/home/benjamin/ros2_humble/install/ament_pycodestyle:/home/benjamin/ros2_humble/install/ament_pep257:/home/benjamin/ros2_humble/install/ament_pclint:/home/benjamin/ros2_humble/install/ament_package:/home/benjamin/ros2_humble/install/ament_mypy:/home/benjamin/ros2_humble/install/ament_lint_cmake:/home/benjamin/ros2_humble/install/ament_flake8:/home/benjamin/ros2_humble/install/ament_copyright:/home/benjamin/ros2_humble/install/ament_lint:/home/benjamin/ros2_humble/install/ament_index_python:/home/benjamin/ros2_humble/install/ament_cpplint:/home/benjamin/ros2_humble/install/ament_cppcheck:/home/benjamin/ros2_humble/install/ament_clang_tidy:/home/benjamin/ros2_humble/install/ament_clang_format /usr/bin/cmake --build /home/benjamin/tito_ws/build/tito_bringup -- -j16 -l16
[3.731s] DEBUG:colcon.colcon_core.event_handler.log_command:Invoked command in '/home/benjamin/tito_ws/build/tito_bringup' returned '0': CMAKE_PREFIX_PATH=${CMAKE_PREFIX_PATH}:/home/benjamin/tito_ws/install/turtlebot3_teleop:/home/benjamin/tito_ws/install/turtlebot3_example:/home/benjamin/ws_moveit/install/ros2controlcli:/home/benjamin/ws_moveit/install/moveit_configs_utils:/opt/ros/humble:/home/benjamin/ros2_humble/install/rqt_bag_plugins:/home/benjamin/ros2_humble/install/rqt_bag:/home/benjamin/ros2_humble/install/ros2bag:/home/benjamin/ros2_humble/install/tracetools_test:/home/benjamin/ros2_humble/install/tracetools_launch:/home/benjamin/ros2_humble/install/topic_monitor:/home/benjamin/ros2_humble/install/tf2_tools:/home/benjamin/ros2_humble/install/examples_tf2_py:/home/benjamin/ros2_humble/install/tf2_ros_py:/home/benjamin/ros2_humble/install/sros2:/home/benjamin/ros2_humble/install/rqt_topic:/home/benjamin/ros2_humble/install/rqt_srv:/home/benjamin/ros2_humble/install/rqt_shell:/home/benjamin/ros2_humble/install/rqt_service_caller:/home/benjamin/ros2_humble/install/rqt_reconfigure:/home/benjamin/ros2_humble/install/rqt_py_console:/home/benjamin/ros2_humble/install/rqt_publisher:/home/benjamin/ros2_humble/install/rqt_plot:/home/benjamin/ros2_humble/install/rqt_action:/home/benjamin/ros2_humble/install/rqt_msg:/home/benjamin/ros2_humble/install/rqt_console:/home/benjamin/ros2_humble/install/rqt:/home/benjamin/ros2_humble/install/rqt_graph:/home/benjamin/ros2_humble/install/rqt_gui_py:/home/benjamin/ros2_humble/install/rqt_gui:/home/benjamin/ros2_humble/install/ros2trace:/home/benjamin/ros2_humble/install/ros2topic:/home/benjamin/ros2_humble/install/ros2test:/home/benjamin/ros2_humble/install/ros2component:/home/benjamin/ros2_humble/install/ros2param:/home/benjamin/ros2_humble/install/ros2lifecycle:/home/benjamin/ros2_humble/install/ros2service:/home/benjamin/ros2_humble/install/ros2run:/home/benjamin/ros2_humble/install/ros2launch:/home/benjamin/ros2_humble/install/ros2pkg:/home/benjamin/ros2_humble/install/ros2node:/home/benjamin/ros2_humble/install/ros2multicast:/home/benjamin/ros2_humble/install/ros2interface:/home/benjamin/ros2_humble/install/ros2doctor:/home/benjamin/ros2_humble/install/ros2action:/home/benjamin/ros2_humble/install/ros2cli:/home/benjamin/ros2_humble/install/quality_of_service_demo_py:/home/benjamin/ros2_humble/install/lifecycle_py:/home/benjamin/ros2_humble/install/launch_testing_ros:/home/benjamin/ros2_humble/install/launch_ros:/home/benjamin/ros2_humble/install/examples_rclpy_pointcloud_publisher:/home/benjamin/ros2_humble/install/examples_rclpy_minimal_subscriber:/home/benjamin/ros2_humble/install/examples_rclpy_minimal_service:/home/benjamin/ros2_humble/install/examples_rclpy_minimal_publisher:/home/benjamin/ros2_humble/install/examples_rclpy_minimal_client:/home/benjamin/ros2_humble/install/examples_rclpy_minimal_action_server:/home/benjamin/ros2_humble/install/examples_rclpy_minimal_action_client:/home/benjamin/ros2_humble/install/examples_rclpy_guard_conditions:/home/benjamin/ros2_humble/install/examples_rclpy_executors:/home/benjamin/ros2_humble/install/demo_nodes_py:/home/benjamin/ros2_humble/install/action_tutorials_py:/home/benjamin/ros2_humble/install/ament_uncrustify:/home/benjamin/ros2_humble/install/tracetools_trace:/home/benjamin/ros2_humble/install/tracetools_read:/home/benjamin/ros2_humble/install/test_tracetools_launch:/home/benjamin/ros2_humble/install/test_launch_ros:/home/benjamin/ros2_humble/install/sensor_msgs_py:/home/benjamin/ros2_humble/install/rpyutils:/home/benjamin/ros2_humble/install/rosidl_runtime_py:/home/benjamin/ros2_humble/install/rosidl_cli:/home/benjamin/ros2_humble/install/launch_pytest:/home/benjamin/ros2_humble/install/launch_testing:/home/benjamin/ros2_humble/install/launch_yaml:/home/benjamin/ros2_humble/install/launch_xml:/home/benjamin/ros2_humble/install/launch:/home/benjamin/ros2_humble/install/osrf_pycommon:/home/benjamin/ros2_humble/install/launch_testing_examples:/home/benjamin/ros2_humble/install/domain_coordinator:/home/benjamin/ros2_humble/install/ament_xmllint:/home/benjamin/ros2_humble/install/ament_pyflakes:/home/benjamin/ros2_humble/install/ament_pycodestyle:/home/benjamin/ros2_humble/install/ament_pep257:/home/benjamin/ros2_humble/install/ament_pclint:/home/benjamin/ros2_humble/install/ament_package:/home/benjamin/ros2_humble/install/ament_mypy:/home/benjamin/ros2_humble/install/ament_lint_cmake:/home/benjamin/ros2_humble/install/ament_flake8:/home/benjamin/ros2_humble/install/ament_copyright:/home/benjamin/ros2_humble/install/ament_lint:/home/benjamin/ros2_humble/install/ament_index_python:/home/benjamin/ros2_humble/install/ament_cpplint:/home/benjamin/ros2_humble/install/ament_cppcheck:/home/benjamin/ros2_humble/install/ament_clang_tidy:/home/benjamin/ros2_humble/install/ament_clang_format /usr/bin/cmake --build /home/benjamin/tito_ws/build/tito_bringup -- -j16 -l16
[3.784s] DEBUG:colcon.colcon_core.event_handler.log_command:Invoking command in '/home/benjamin/tito_ws/build/tito_bringup': CMAKE_PREFIX_PATH=${CMAKE_PREFIX_PATH}:/home/benjamin/tito_ws/install/turtlebot3_teleop:/home/benjamin/tito_ws/install/turtlebot3_example:/home/benjamin/ws_moveit/install/ros2controlcli:/home/benjamin/ws_moveit/install/moveit_configs_utils:/opt/ros/humble:/home/benjamin/ros2_humble/install/rqt_bag_plugins:/home/benjamin/ros2_humble/install/rqt_bag:/home/benjamin/ros2_humble/install/ros2bag:/home/benjamin/ros2_humble/install/tracetools_test:/home/benjamin/ros2_humble/install/tracetools_launch:/home/benjamin/ros2_humble/install/topic_monitor:/home/benjamin/ros2_humble/install/tf2_tools:/home/benjamin/ros2_humble/install/examples_tf2_py:/home/benjamin/ros2_humble/install/tf2_ros_py:/home/benjamin/ros2_humble/install/sros2:/home/benjamin/ros2_humble/install/rqt_topic:/home/benjamin/ros2_humble/install/rqt_srv:/home/benjamin/ros2_humble/install/rqt_shell:/home/benjamin/ros2_humble/install/rqt_service_caller:/home/benjamin/ros2_humble/install/rqt_reconfigure:/home/benjamin/ros2_humble/install/rqt_py_console:/home/benjamin/ros2_humble/install/rqt_publisher:/home/benjamin/ros2_humble/install/rqt_plot:/home/benjamin/ros2_humble/install/rqt_action:/home/benjamin/ros2_humble/install/rqt_msg:/home/benjamin/ros2_humble/install/rqt_console:/home/benjamin/ros2_humble/install/rqt:/home/benjamin/ros2_humble/install/rqt_graph:/home/benjamin/ros2_humble/install/rqt_gui_py:/home/benjamin/ros2_humble/install/rqt_gui:/home/benjamin/ros2_humble/install/ros2trace:/home/benjamin/ros2_humble/install/ros2topic:/home/benjamin/ros2_humble/install/ros2test:/home/benjamin/ros2_humble/install/ros2component:/home/benjamin/ros2_humble/install/ros2param:/home/benjamin/ros2_humble/install/ros2lifecycle:/home/benjamin/ros2_humble/install/ros2service:/home/benjamin/ros2_humble/install/ros2run:/home/benjamin/ros2_humble/install/ros2launch:/home/benjamin/ros2_humble/install/ros2pkg:/home/benjamin/ros2_humble/install/ros2node:/home/benjamin/ros2_humble/install/ros2multicast:/home/benjamin/ros2_humble/install/ros2interface:/home/benjamin/ros2_humble/install/ros2doctor:/home/benjamin/ros2_humble/install/ros2action:/home/benjamin/ros2_humble/install/ros2cli:/home/benjamin/ros2_humble/install/quality_of_service_demo_py:/home/benjamin/ros2_humble/install/lifecycle_py:/home/benjamin/ros2_humble/install/launch_testing_ros:/home/benjamin/ros2_humble/install/launch_ros:/home/benjamin/ros2_humble/install/examples_rclpy_pointcloud_publisher:/home/benjamin/ros2_humble/install/examples_rclpy_minimal_subscriber:/home/benjamin/ros2_humble/install/examples_rclpy_minimal_service:/home/benjamin/ros2_humble/install/examples_rclpy_minimal_publisher:/home/benjamin/ros2_humble/install/examples_rclpy_minimal_client:/home/benjamin/ros2_humble/install/examples_rclpy_minimal_action_server:/home/benjamin/ros2_humble/install/examples_rclpy_minimal_action_client:/home/benjamin/ros2_humble/install/examples_rclpy_guard_conditions:/home/benjamin/ros2_humble/install/examples_rclpy_executors:/home/benjamin/ros2_humble/install/demo_nodes_py:/home/benjamin/ros2_humble/install/action_tutorials_py:/home/benjamin/ros2_humble/install/ament_uncrustify:/home/benjamin/ros2_humble/install/tracetools_trace:/home/benjamin/ros2_humble/install/tracetools_read:/home/benjamin/ros2_humble/install/test_tracetools_launch:/home/benjamin/ros2_humble/install/test_launch_ros:/home/benjamin/ros2_humble/install/sensor_msgs_py:/home/benjamin/ros2_humble/install/rpyutils:/home/benjamin/ros2_humble/install/rosidl_runtime_py:/home/benjamin/ros2_humble/install/rosidl_cli:/home/benjamin/ros2_humble/install/launch_pytest:/home/benjamin/ros2_humble/install/launch_testing:/home/benjamin/ros2_humble/install/launch_yaml:/home/benjamin/ros2_humble/install/launch_xml:/home/benjamin/ros2_humble/install/launch:/home/benjamin/ros2_humble/install/osrf_pycommon:/home/benjamin/ros2_humble/install/launch_testing_examples:/home/benjamin/ros2_humble/install/domain_coordinator:/home/benjamin/ros2_humble/install/ament_xmllint:/home/benjamin/ros2_humble/install/ament_pyflakes:/home/benjamin/ros2_humble/install/ament_pycodestyle:/home/benjamin/ros2_humble/install/ament_pep257:/home/benjamin/ros2_humble/install/ament_pclint:/home/benjamin/ros2_humble/install/ament_package:/home/benjamin/ros2_humble/install/ament_mypy:/home/benjamin/ros2_humble/install/ament_lint_cmake:/home/benjamin/ros2_humble/install/ament_flake8:/home/benjamin/ros2_humble/install/ament_copyright:/home/benjamin/ros2_humble/install/ament_lint:/home/benjamin/ros2_humble/install/ament_index_python:/home/benjamin/ros2_humble/install/ament_cpplint:/home/benjamin/ros2_humble/install/ament_cppcheck:/home/benjamin/ros2_humble/install/ament_clang_tidy:/home/benjamin/ros2_humble/install/ament_clang_format /usr/bin/cmake --install /home/benjamin/tito_ws/build/tito_bringup
[3.802s] Level 1:colcon.colcon_core.environment:create_environment_scripts_only(tito_bringup)
[3.802s] DEBUG:colcon.colcon_core.event_handler.log_command:Invoked command in '/home/benjamin/tito_ws/build/tito_bringup' returned '0': CMAKE_PREFIX_PATH=${CMAKE_PREFIX_PATH}:/home/benjamin/tito_ws/install/turtlebot3_teleop:/home/benjamin/tito_ws/install/turtlebot3_example:/home/benjamin/ws_moveit/install/ros2controlcli:/home/benjamin/ws_moveit/install/moveit_configs_utils:/opt/ros/humble:/home/benjamin/ros2_humble/install/rqt_bag_plugins:/home/benjamin/ros2_humble/install/rqt_bag:/home/benjamin/ros2_humble/install/ros2bag:/home/benjamin/ros2_humble/install/tracetools_test:/home/benjamin/ros2_humble/install/tracetools_launch:/home/benjamin/ros2_humble/install/topic_monitor:/home/benjamin/ros2_humble/install/tf2_tools:/home/benjamin/ros2_humble/install/examples_tf2_py:/home/benjamin/ros2_humble/install/tf2_ros_py:/home/benjamin/ros2_humble/install/sros2:/home/benjamin/ros2_humble/install/rqt_topic:/home/benjamin/ros2_humble/install/rqt_srv:/home/benjamin/ros2_humble/install/rqt_shell:/home/benjamin/ros2_humble/install/rqt_service_caller:/home/benjamin/ros2_humble/install/rqt_reconfigure:/home/benjamin/ros2_humble/install/rqt_py_console:/home/benjamin/ros2_humble/install/rqt_publisher:/home/benjamin/ros2_humble/install/rqt_plot:/home/benjamin/ros2_humble/install/rqt_action:/home/benjamin/ros2_humble/install/rqt_msg:/home/benjamin/ros2_humble/install/rqt_console:/home/benjamin/ros2_humble/install/rqt:/home/benjamin/ros2_humble/install/rqt_graph:/home/benjamin/ros2_humble/install/rqt_gui_py:/home/benjamin/ros2_humble/install/rqt_gui:/home/benjamin/ros2_humble/install/ros2trace:/home/benjamin/ros2_humble/install/ros2topic:/home/benjamin/ros2_humble/install/ros2test:/home/benjamin/ros2_humble/install/ros2component:/home/benjamin/ros2_humble/install/ros2param:/home/benjamin/ros2_humble/install/ros2lifecycle:/home/benjamin/ros2_humble/install/ros2service:/home/benjamin/ros2_humble/install/ros2run:/home/benjamin/ros2_humble/install/ros2launch:/home/benjamin/ros2_humble/install/ros2pkg:/home/benjamin/ros2_humble/install/ros2node:/home/benjamin/ros2_humble/install/ros2multicast:/home/benjamin/ros2_humble/install/ros2interface:/home/benjamin/ros2_humble/install/ros2doctor:/home/benjamin/ros2_humble/install/ros2action:/home/benjamin/ros2_humble/install/ros2cli:/home/benjamin/ros2_humble/install/quality_of_service_demo_py:/home/benjamin/ros2_humble/install/lifecycle_py:/home/benjamin/ros2_humble/install/launch_testing_ros:/home/benjamin/ros2_humble/install/launch_ros:/home/benjamin/ros2_humble/install/examples_rclpy_pointcloud_publisher:/home/benjamin/ros2_humble/install/examples_rclpy_minimal_subscriber:/home/benjamin/ros2_humble/install/examples_rclpy_minimal_service:/home/benjamin/ros2_humble/install/examples_rclpy_minimal_publisher:/home/benjamin/ros2_humble/install/examples_rclpy_minimal_client:/home/benjamin/ros2_humble/install/examples_rclpy_minimal_action_server:/home/benjamin/ros2_humble/install/examples_rclpy_minimal_action_client:/home/benjamin/ros2_humble/install/examples_rclpy_guard_conditions:/home/benjamin/ros2_humble/install/examples_rclpy_executors:/home/benjamin/ros2_humble/install/demo_nodes_py:/home/benjamin/ros2_humble/install/action_tutorials_py:/home/benjamin/ros2_humble/install/ament_uncrustify:/home/benjamin/ros2_humble/install/tracetools_trace:/home/benjamin/ros2_humble/install/tracetools_read:/home/benjamin/ros2_humble/install/test_tracetools_launch:/home/benjamin/ros2_humble/install/test_launch_ros:/home/benjamin/ros2_humble/install/sensor_msgs_py:/home/benjamin/ros2_humble/install/rpyutils:/home/benjamin/ros2_humble/install/rosidl_runtime_py:/home/benjamin/ros2_humble/install/rosidl_cli:/home/benjamin/ros2_humble/install/launch_pytest:/home/benjamin/ros2_humble/install/launch_testing:/home/benjamin/ros2_humble/install/launch_yaml:/home/benjamin/ros2_humble/install/launch_xml:/home/benjamin/ros2_humble/install/launch:/home/benjamin/ros2_humble/install/osrf_pycommon:/home/benjamin/ros2_humble/install/launch_testing_examples:/home/benjamin/ros2_humble/install/domain_coordinator:/home/benjamin/ros2_humble/install/ament_xmllint:/home/benjamin/ros2_humble/install/ament_pyflakes:/home/benjamin/ros2_humble/install/ament_pycodestyle:/home/benjamin/ros2_humble/install/ament_pep257:/home/benjamin/ros2_humble/install/ament_pclint:/home/benjamin/ros2_humble/install/ament_package:/home/benjamin/ros2_humble/install/ament_mypy:/home/benjamin/ros2_humble/install/ament_lint_cmake:/home/benjamin/ros2_humble/install/ament_flake8:/home/benjamin/ros2_humble/install/ament_copyright:/home/benjamin/ros2_humble/install/ament_lint:/home/benjamin/ros2_humble/install/ament_index_python:/home/benjamin/ros2_humble/install/ament_cpplint:/home/benjamin/ros2_humble/install/ament_cppcheck:/home/benjamin/ros2_humble/install/ament_clang_tidy:/home/benjamin/ros2_humble/install/ament_clang_format /usr/bin/cmake --install /home/benjamin/tito_ws/build/tito_bringup
[3.826s] Level 1:colcon.colcon_core.environment:checking '/home/benjamin/tito_ws/install/tito_bringup' for CMake module files
[3.826s] Level 1:colcon.colcon_core.environment:checking '/home/benjamin/tito_ws/install/tito_bringup' for CMake config files
[3.826s] Level 1:colcon.colcon_core.shell:create_environment_hook('tito_bringup', 'cmake_prefix_path')
[3.844s] INFO:colcon.colcon_core.shell:Creating environment hook '/home/benjamin/tito_ws/install/tito_bringup/share/tito_bringup/hook/cmake_prefix_path.ps1'
[3.845s] INFO:colcon.colcon_core.shell:Creating environment descriptor '/home/benjamin/tito_ws/install/tito_bringup/share/tito_bringup/hook/cmake_prefix_path.dsv'
[3.845s] INFO:colcon.colcon_core.shell:Creating environment hook '/home/benjamin/tito_ws/install/tito_bringup/share/tito_bringup/hook/cmake_prefix_path.sh'
[3.845s] Level 1:colcon.colcon_core.environment:checking '/home/benjamin/tito_ws/install/tito_bringup/bin'
[3.845s] Level 1:colcon.colcon_core.environment:checking '/home/benjamin/tito_ws/install/tito_bringup/lib/pkgconfig/tito_bringup.pc'
[3.846s] Level 1:colcon.colcon_core.environment:checking '/home/benjamin/tito_ws/install/tito_bringup/lib/python3.10/site-packages'
[3.846s] Level 1:colcon.colcon_core.environment:checking '/home/benjamin/tito_ws/install/tito_bringup/bin'
[3.864s] INFO:colcon.colcon_core.shell:Creating package script '/home/benjamin/tito_ws/install/tito_bringup/share/tito_bringup/package.ps1'
[3.865s] INFO:colcon.colcon_core.shell:Creating package descriptor '/home/benjamin/tito_ws/install/tito_bringup/share/tito_bringup/package.dsv'
[3.865s] INFO:colcon.colcon_core.shell:Creating package script '/home/benjamin/tito_ws/install/tito_bringup/share/tito_bringup/package.sh'
[3.865s] INFO:colcon.colcon_core.shell:Creating package script '/home/benjamin/tito_ws/install/tito_bringup/share/tito_bringup/package.bash'
[3.866s] INFO:colcon.colcon_core.shell:Creating package script '/home/benjamin/tito_ws/install/tito_bringup/share/tito_bringup/package.zsh'
[3.866s] Level 1:colcon.colcon_core.environment:create_file_with_runtime_dependencies(/home/benjamin/tito_ws/install/tito_bringup/share/colcon-core/packages/tito_bringup)
[3.928s] Level 1:colcon.colcon_core.environment:create_environment_scripts_only(tito_bringup)
[3.946s] Level 1:colcon.colcon_core.environment:checking '/home/benjamin/tito_ws/install/tito_bringup' for CMake module files
[3.946s] Level 1:colcon.colcon_core.environment:checking '/home/benjamin/tito_ws/install/tito_bringup' for CMake config files
[3.946s] Level 1:colcon.colcon_core.shell:create_environment_hook('tito_bringup', 'cmake_prefix_path')
[3.967s] INFO:colcon.colcon_core.shell:Creating environment hook '/home/benjamin/tito_ws/install/tito_bringup/share/tito_bringup/hook/cmake_prefix_path.ps1'
[3.967s] INFO:colcon.colcon_core.shell:Creating environment descriptor '/home/benjamin/tito_ws/install/tito_bringup/share/tito_bringup/hook/cmake_prefix_path.dsv'
[3.967s] INFO:colcon.colcon_core.shell:Creating environment hook '/home/benjamin/tito_ws/install/tito_bringup/share/tito_bringup/hook/cmake_prefix_path.sh'
[3.967s] Level 1:colcon.colcon_core.environment:checking '/home/benjamin/tito_ws/install/tito_bringup/bin'
[3.967s] Level 1:colcon.colcon_core.environment:checking '/home/benjamin/tito_ws/install/tito_bringup/lib/pkgconfig/tito_bringup.pc'
[3.967s] Level 1:colcon.colcon_core.environment:checking '/home/benjamin/tito_ws/install/tito_bringup/lib/python3.10/site-packages'
[3.968s] Level 1:colcon.colcon_core.environment:checking '/home/benjamin/tito_ws/install/tito_bringup/bin'
[3.986s] INFO:colcon.colcon_core.shell:Creating package script '/home/benjamin/tito_ws/install/tito_bringup/share/tito_bringup/package.ps1'
[3.986s] INFO:colcon.colcon_core.shell:Creating package descriptor '/home/benjamin/tito_ws/install/tito_bringup/share/tito_bringup/package.dsv'
[3.986s] INFO:colcon.colcon_core.shell:Creating package script '/home/benjamin/tito_ws/install/tito_bringup/share/tito_bringup/package.sh'
[3.987s] INFO:colcon.colcon_core.shell:Creating package script '/home/benjamin/tito_ws/install/tito_bringup/share/tito_bringup/package.bash'
[3.987s] INFO:colcon.colcon_core.shell:Creating package script '/home/benjamin/tito_ws/install/tito_bringup/share/tito_bringup/package.zsh'
[3.987s] Level 1:colcon.colcon_core.environment:create_file_with_runtime_dependencies(/home/benjamin/tito_ws/install/tito_bringup/share/colcon-core/packages/tito_bringup)
[3.987s] DEBUG:colcon.colcon_parallel_executor.executor.parallel:closing loop
[3.987s] DEBUG:colcon.colcon_parallel_executor.executor.parallel:loop closed
[3.987s] DEBUG:colcon.colcon_parallel_executor.executor.parallel:run_until_complete finished with '0'
[3.987s] DEBUG:colcon.colcon_core.event_reactor:joining thread
[4.031s] INFO:colcon.colcon_core.plugin_system:Skipping extension 'colcon_notification.desktop_notification.terminal_notifier': Not used on non-Darwin systems
[4.031s] INFO:colcon.colcon_core.plugin_system:Skipping extension 'colcon_notification.desktop_notification.win32': Not used on non-Windows systems
[4.031s] INFO:colcon.colcon_notification.desktop_notification:Sending desktop notification using 'notify2'
[4.038s] DEBUG:colcon.colcon_core.event_reactor:joined thread
[4.058s] INFO:colcon.colcon_core.shell:Creating prefix script '/home/benjamin/tito_ws/install/local_setup.ps1'
[4.058s] INFO:colcon.colcon_core.shell:Creating prefix util module '/home/benjamin/tito_ws/install/_local_setup_util_ps1.py'
[4.059s] INFO:colcon.colcon_core.shell:Creating prefix chain script '/home/benjamin/tito_ws/install/setup.ps1'
[4.085s] INFO:colcon.colcon_core.shell:Creating prefix script '/home/benjamin/tito_ws/install/local_setup.sh'
[4.085s] INFO:colcon.colcon_core.shell:Creating prefix util module '/home/benjamin/tito_ws/install/_local_setup_util_sh.py'
[4.085s] INFO:colcon.colcon_core.shell:Creating prefix chain script '/home/benjamin/tito_ws/install/setup.sh'
[4.111s] INFO:colcon.colcon_core.shell:Creating prefix script '/home/benjamin/tito_ws/install/local_setup.bash'
[4.111s] INFO:colcon.colcon_core.shell:Creating prefix chain script '/home/benjamin/tito_ws/install/setup.bash'
[4.136s] INFO:colcon.colcon_core.shell:Creating prefix script '/home/benjamin/tito_ws/install/local_setup.zsh'
[4.136s] INFO:colcon.colcon_core.shell:Creating prefix chain script '/home/benjamin/tito_ws/install/setup.zsh'
