-- Found ament_cmake: 1.3.6 (/home/benjamin/ros2_humble/install/ament_cmake/share/ament_cmake/cmake)
-- Override CMake install command with custom implementation using symlinks instead of copying resources
-- Found urdf: 2.6.0 (/home/benjamin/ros2_humble/install/urdf/share/urdf/cmake)
-- Found xacro: 2.0.8 (/opt/ros/humble/share/xacro/cmake)
-- Found ros2_control: 2.13.0 (/home/benjamin/ws_moveit/install/ros2_control/share/ros2_control/cmake)
-- Found hardware_interface: 2.13.0 (/home/benjamin/ws_moveit/install/hardware_interface/share/hardware_interface/cmake)
-- Found rosidl_generator_c: 3.1.5 (/home/benjamin/ros2_humble/install/rosidl_generator_c/share/rosidl_generator_c/cmake)
-- Found rosidl_adapter: 3.1.5 (/home/benjamin/ros2_humble/install/rosidl_adapter/share/rosidl_adapter/cmake)
-- Found rosidl_generator_cpp: 3.1.5 (/home/benjamin/ros2_humble/install/rosidl_generator_cpp/share/rosidl_generator_cpp/cmake)
-- Using all available rosidl_typesupport_c: rosidl_typesupport_fastrtps_c;rosidl_typesupport_introspection_c
-- Using all available rosidl_typesupport_cpp: rosidl_typesupport_fastrtps_cpp;rosidl_typesupport_introspection_cpp
-- Found rmw_implementation_cmake: 6.1.1 (/home/benjamin/ros2_humble/install/rmw_implementation_cmake/share/rmw_implementation_cmake/cmake)
-- Found rmw_fastrtps_cpp: 6.2.5 (/home/benjamin/ros2_humble/install/rmw_fastrtps_cpp/share/rmw_fastrtps_cpp/cmake)
-- Found TinyXML2 via Config file: TinyXML2_DIR-NOTFOUND
-- Found TinyXML2 via Config file: TinyXML2_DIR-NOTFOUND
-- Found TinyXML2 via Config file: TinyXML2_DIR-NOTFOUND
-- Found TinyXML2 via Config file: TinyXML2_DIR-NOTFOUND
-- Using RMW implementation 'rmw_fastrtps_cpp' as default
-- Found ign_ros2_control: 0.7.6 (/home/benjamin/ros_ign/install/ign_ros2_control/share/ign_ros2_control/cmake)
-- Found joint_state_broadcaster: 2.34.0 (/opt/ros/humble/share/joint_state_broadcaster/cmake)
-- Found parameter_traits: 0.3.8 (/opt/ros/humble/share/parameter_traits/cmake)
-- Found joint_trajectory_controller: 2.34.0 (/opt/ros/humble/share/joint_trajectory_controller/cmake)
-- Found ament_lint_auto: 0.12.9 (/home/benjamin/ros2_humble/install/ament_lint_auto/share/ament_lint_auto/cmake)
-- Added test 'flake8' to check Python code syntax and style conventions
-- Added test 'lint_cmake' to check CMake code style
-- Added test 'pep257' to check Python code against some of the docstring style conventions in PEP 257
-- Added test 'xmllint' to check XML markup files
-- Configuring done
-- Generating done
-- Build files have been written to: /home/benjamin/tito_ws/build/tito_bringup
-- Install configuration: ""
-- Execute custom install script
-- Symlinking: /home/benjamin/tito_ws/install/tito_bringup/share/tito_bringup//urdf/TITO Moves v1.csv
-- Symlinking: /home/benjamin/tito_ws/install/tito_bringup/share/tito_bringup//urdf/camera.xacro
-- Symlinking: /home/benjamin/tito_ws/install/tito_bringup/share/tito_bringup//urdf/tito_complete.urdf.xacro
-- Symlinking: /home/benjamin/tito_ws/install/tito_bringup/share/tito_bringup//urdf/tito_core.xacro
-- Symlinking: /home/benjamin/tito_ws/install/tito_bringup/share/tito_bringup//urdf/tito_dif_drive.urdf
-- Symlinking: /home/benjamin/tito_ws/install/tito_bringup/share/tito_bringup//rviz/rviz.rviz
-- Symlinking: /home/benjamin/tito_ws/install/tito_bringup/share/tito_bringup//launch/control.launch.py
-- Symlinking: /home/benjamin/tito_ws/install/tito_bringup/share/tito_bringup//launch/ignition_complete.launch.py
-- Symlinking: /home/benjamin/tito_ws/install/tito_bringup/share/tito_bringup//launch/ignition_world.launch.py
-- Symlinking: /home/benjamin/tito_ws/install/tito_bringup/share/tito_bringup//launch/spawn_gazebo.launch.xml
-- Symlinking: /home/benjamin/tito_ws/install/tito_bringup/share/tito_bringup//launch/spawn_ignition.launch.py
-- Symlinking: /home/benjamin/tito_ws/install/tito_bringup/share/tito_bringup//launch/spawn_tito.launch.py
-- Symlinking: /home/benjamin/tito_ws/install/tito_bringup/share/tito_bringup//launch/start_world.launch.py
-- Symlinking: /home/benjamin/tito_ws/install/tito_bringup/share/tito_bringup//launch/tito_visualize.launch.py
-- Symlinking: /home/benjamin/tito_ws/install/tito_bringup/share/tito_bringup//worlds/dem/moon.tif
-- Symlinking: /home/benjamin/tito_ws/install/tito_bringup/share/tito_bringup//worlds/garden.sdf
-- Symlinking: /home/benjamin/tito_ws/install/tito_bringup/share/tito_bringup//worlds/materials/textures/moon_diffuse.png
-- Symlinking: /home/benjamin/tito_ws/install/tito_bringup/share/tito_bringup//worlds/materials/textures/moon_normal.png
-- Symlinking: /home/benjamin/tito_ws/install/tito_bringup/share/tito_bringup//worlds/materials/textures/white_alpha.png
-- Symlinking: /home/benjamin/tito_ws/install/tito_bringup/share/tito_bringup//worlds/model.config
-- Symlinking: /home/benjamin/tito_ws/install/tito_bringup/share/tito_bringup//worlds/model.sdf
-- Symlinking: /home/benjamin/tito_ws/install/tito_bringup/share/tito_bringup//worlds/model.world
-- Symlinking: /home/benjamin/tito_ws/install/tito_bringup/share/tito_bringup//worlds/thumbnails/1.png
-- Symlinking: /home/benjamin/tito_ws/install/tito_bringup/share/tito_bringup//worlds/tito_empty.world
-- Symlinking: /home/benjamin/tito_ws/install/tito_bringup/share/tito_bringup//models/1.png
-- Symlinking: /home/benjamin/tito_ws/install/tito_bringup/share/tito_bringup//models/model.config
-- Symlinking: /home/benjamin/tito_ws/install/tito_bringup/share/tito_bringup//models/model.sdf
-- Symlinking: /home/benjamin/tito_ws/install/tito_bringup/share/tito_bringup//models/moon.tif
-- Symlinking: /home/benjamin/tito_ws/install/tito_bringup/share/tito_bringup//models/moon_diffuse.png
-- Symlinking: /home/benjamin/tito_ws/install/tito_bringup/share/tito_bringup//models/white_alpha.png
-- Symlinking: /home/benjamin/tito_ws/install/tito_bringup/share/tito_bringup//config/controller_velocity.yaml
-- Symlinking: /home/benjamin/tito_ws/install/tito_bringup/share/ament_index/resource_index/package_run_dependencies/tito_bringup
-- Symlinking: /home/benjamin/tito_ws/install/tito_bringup/share/ament_index/resource_index/parent_prefix_path/tito_bringup
-- Up-to-date symlink: /home/benjamin/tito_ws/install/tito_bringup/share/tito_bringup/environment/ament_prefix_path.sh
-- Symlinking: /home/benjamin/tito_ws/install/tito_bringup/share/tito_bringup/environment/ament_prefix_path.dsv
-- Up-to-date symlink: /home/benjamin/tito_ws/install/tito_bringup/share/tito_bringup/environment/path.sh
-- Symlinking: /home/benjamin/tito_ws/install/tito_bringup/share/tito_bringup/environment/path.dsv
-- Symlinking: /home/benjamin/tito_ws/install/tito_bringup/share/tito_bringup/local_setup.bash
-- Symlinking: /home/benjamin/tito_ws/install/tito_bringup/share/tito_bringup/local_setup.sh
-- Symlinking: /home/benjamin/tito_ws/install/tito_bringup/share/tito_bringup/local_setup.zsh
-- Symlinking: /home/benjamin/tito_ws/install/tito_bringup/share/tito_bringup/local_setup.dsv
-- Symlinking: /home/benjamin/tito_ws/install/tito_bringup/share/tito_bringup/package.dsv
-- Symlinking: /home/benjamin/tito_ws/install/tito_bringup/share/ament_index/resource_index/packages/tito_bringup
-- Symlinking: /home/benjamin/tito_ws/install/tito_bringup/share/tito_bringup/cmake/tito_bringupConfig.cmake
-- Symlinking: /home/benjamin/tito_ws/install/tito_bringup/share/tito_bringup/cmake/tito_bringupConfig-version.cmake
-- Symlinking: /home/benjamin/tito_ws/install/tito_bringup/share/tito_bringup/package.xml
