[2.088s] Invoking command in '/home/benjamin/tito_ws/src/turtlebot3/turtlebot3_teleop': PYTHONPATH=/home/benjamin/tito_ws/build/turtlebot3_teleop/prefix_override:/home/benjamin/tito_ws/install/turtlebot3_teleop/lib/python3.10/site-packages:${PYTHONPATH} /usr/bin/python3 setup.py egg_info --egg-base ../../../build/turtlebot3_teleop build --build-base /home/benjamin/tito_ws/build/turtlebot3_teleop/build install --record /home/benjamin/tito_ws/build/turtlebot3_teleop/install.log --single-version-externally-managed
[2.429s] running egg_info
[2.431s] writing ../../../build/turtlebot3_teleop/turtlebot3_teleop.egg-info/PKG-INFO
[2.431s] writing dependency_links to ../../../build/turtlebot3_teleop/turtlebot3_teleop.egg-info/dependency_links.txt
[2.431s] writing entry points to ../../../build/turtlebot3_teleop/turtlebot3_teleop.egg-info/entry_points.txt
[2.431s] writing requirements to ../../../build/turtlebot3_teleop/turtlebot3_teleop.egg-info/requires.txt
[2.431s] writing top-level names to ../../../build/turtlebot3_teleop/turtlebot3_teleop.egg-info/top_level.txt
[2.431s] reading manifest file '../../../build/turtlebot3_teleop/turtlebot3_teleop.egg-info/SOURCES.txt'
[2.432s] writing manifest file '../../../build/turtlebot3_teleop/turtlebot3_teleop.egg-info/SOURCES.txt'
[2.432s] running build
[2.432s] running build_py
[2.432s] running install
[2.433s] /usr/lib/python3/dist-packages/setuptools/command/install.py:34: SetuptoolsDeprecationWarning: setup.py install is deprecated. Use build and pip and other standards-based tools.
[2.433s]   warnings.warn(
[2.433s] running install_lib
[2.435s] running install_data
[2.435s] running install_egg_info
[2.438s] removing '/home/benjamin/tito_ws/install/turtlebot3_teleop/lib/python3.10/site-packages/turtlebot3_teleop-2.1.5-py3.10.egg-info' (and everything under it)
[2.438s] Copying ../../../build/turtlebot3_teleop/turtlebot3_teleop.egg-info to /home/benjamin/tito_ws/install/turtlebot3_teleop/lib/python3.10/site-packages/turtlebot3_teleop-2.1.5-py3.10.egg-info
[2.438s] running install_scripts
[2.466s] Installing teleop_keyboard script to /home/benjamin/tito_ws/install/turtlebot3_teleop/lib/turtlebot3_teleop
[2.467s] writing list of installed files to '/home/benjamin/tito_ws/build/turtlebot3_teleop/install.log'
[2.508s] Invoked command in '/home/benjamin/tito_ws/src/turtlebot3/turtlebot3_teleop' returned '0': PYTHONPATH=/home/benjamin/tito_ws/build/turtlebot3_teleop/prefix_override:/home/benjamin/tito_ws/install/turtlebot3_teleop/lib/python3.10/site-packages:${PYTHONPATH} /usr/bin/python3 setup.py egg_info --egg-base ../../../build/turtlebot3_teleop build --build-base /home/benjamin/tito_ws/build/turtlebot3_teleop/build install --record /home/benjamin/tito_ws/build/turtlebot3_teleop/install.log --single-version-externally-managed
