[0.024s] Invoking command in '/home/benjamin/tito_ws/build/tito_bringup': CMAKE_PREFIX_PATH=${CMAKE_PREFIX_PATH}:/home/benjamin/ws_moveit/install/ros2controlcli:/home/benjamin/ws_moveit/install/moveit_configs_utils:/home/benjamin/tito_ws/install/turtlebot3_teleop:/home/benjamin/tito_ws/install/turtlebot3_example:/opt/ros/humble:/home/benjamin/ros2_humble/install/rqt_bag_plugins:/home/benjamin/ros2_humble/install/rqt_bag:/home/benjamin/ros2_humble/install/ros2bag:/home/benjamin/ros2_humble/install/tracetools_test:/home/benjamin/ros2_humble/install/tracetools_launch:/home/benjamin/ros2_humble/install/topic_monitor:/home/benjamin/ros2_humble/install/tf2_tools:/home/benjamin/ros2_humble/install/examples_tf2_py:/home/benjamin/ros2_humble/install/tf2_ros_py:/home/benjamin/ros2_humble/install/sros2:/home/benjamin/ros2_humble/install/rqt_topic:/home/benjamin/ros2_humble/install/rqt_srv:/home/benjamin/ros2_humble/install/rqt_shell:/home/benjamin/ros2_humble/install/rqt_service_caller:/home/benjamin/ros2_humble/install/rqt_reconfigure:/home/benjamin/ros2_humble/install/rqt_py_console:/home/benjamin/ros2_humble/install/rqt_publisher:/home/benjamin/ros2_humble/install/rqt_plot:/home/benjamin/ros2_humble/install/rqt_action:/home/benjamin/ros2_humble/install/rqt_msg:/home/benjamin/ros2_humble/install/rqt_console:/home/benjamin/ros2_humble/install/rqt:/home/benjamin/ros2_humble/install/rqt_graph:/home/benjamin/ros2_humble/install/rqt_gui_py:/home/benjamin/ros2_humble/install/rqt_gui:/home/benjamin/ros2_humble/install/ros2trace:/home/benjamin/ros2_humble/install/ros2topic:/home/benjamin/ros2_humble/install/ros2test:/home/benjamin/ros2_humble/install/ros2component:/home/benjamin/ros2_humble/install/ros2param:/home/benjamin/ros2_humble/install/ros2lifecycle:/home/benjamin/ros2_humble/install/ros2service:/home/benjamin/ros2_humble/install/ros2run:/home/benjamin/ros2_humble/install/ros2launch:/home/benjamin/ros2_humble/install/ros2pkg:/home/benjamin/ros2_humble/install/ros2node:/home/benjamin/ros2_humble/install/ros2multicast:/home/benjamin/ros2_humble/install/ros2interface:/home/benjamin/ros2_humble/install/ros2doctor:/home/benjamin/ros2_humble/install/ros2action:/home/benjamin/ros2_humble/install/ros2cli:/home/benjamin/ros2_humble/install/quality_of_service_demo_py:/home/benjamin/ros2_humble/install/lifecycle_py:/home/benjamin/ros2_humble/install/launch_testing_ros:/home/benjamin/ros2_humble/install/launch_ros:/home/benjamin/ros2_humble/install/examples_rclpy_pointcloud_publisher:/home/benjamin/ros2_humble/install/examples_rclpy_minimal_subscriber:/home/benjamin/ros2_humble/install/examples_rclpy_minimal_service:/home/benjamin/ros2_humble/install/examples_rclpy_minimal_publisher:/home/benjamin/ros2_humble/install/examples_rclpy_minimal_client:/home/benjamin/ros2_humble/install/examples_rclpy_minimal_action_server:/home/benjamin/ros2_humble/install/examples_rclpy_minimal_action_client:/home/benjamin/ros2_humble/install/examples_rclpy_guard_conditions:/home/benjamin/ros2_humble/install/examples_rclpy_executors:/home/benjamin/ros2_humble/install/demo_nodes_py:/home/benjamin/ros2_humble/install/action_tutorials_py:/home/benjamin/ros2_humble/install/ament_uncrustify:/home/benjamin/ros2_humble/install/tracetools_trace:/home/benjamin/ros2_humble/install/tracetools_read:/home/benjamin/ros2_humble/install/test_tracetools_launch:/home/benjamin/ros2_humble/install/test_launch_ros:/home/benjamin/ros2_humble/install/sensor_msgs_py:/home/benjamin/ros2_humble/install/rpyutils:/home/benjamin/ros2_humble/install/rosidl_runtime_py:/home/benjamin/ros2_humble/install/rosidl_cli:/home/benjamin/ros2_humble/install/launch_pytest:/home/benjamin/ros2_humble/install/launch_testing:/home/benjamin/ros2_humble/install/launch_yaml:/home/benjamin/ros2_humble/install/launch_xml:/home/benjamin/ros2_humble/install/launch:/home/benjamin/ros2_humble/install/osrf_pycommon:/home/benjamin/ros2_humble/install/launch_testing_examples:/home/benjamin/ros2_humble/install/domain_coordinator:/home/benjamin/ros2_humble/install/ament_xmllint:/home/benjamin/ros2_humble/install/ament_pyflakes:/home/benjamin/ros2_humble/install/ament_pycodestyle:/home/benjamin/ros2_humble/install/ament_pep257:/home/benjamin/ros2_humble/install/ament_pclint:/home/benjamin/ros2_humble/install/ament_package:/home/benjamin/ros2_humble/install/ament_mypy:/home/benjamin/ros2_humble/install/ament_lint_cmake:/home/benjamin/ros2_humble/install/ament_flake8:/home/benjamin/ros2_humble/install/ament_copyright:/home/benjamin/ros2_humble/install/ament_lint:/home/benjamin/ros2_humble/install/ament_index_python:/home/benjamin/ros2_humble/install/ament_cpplint:/home/benjamin/ros2_humble/install/ament_cppcheck:/home/benjamin/ros2_humble/install/ament_clang_tidy:/home/benjamin/ros2_humble/install/ament_clang_format /usr/bin/cmake --build /home/benjamin/tito_ws/build/tito_bringup -- -j16 -l16
[0.058s] -- Found ament_cmake: 1.3.6 (/home/benjamin/ros2_humble/install/ament_cmake/share/ament_cmake/cmake)
[0.320s] -- Found urdf: 2.6.0 (/home/benjamin/ros2_humble/install/urdf/share/urdf/cmake)
[0.375s] -- Found xacro: 2.0.8 (/opt/ros/humble/share/xacro/cmake)
[0.376s] -- Found ros2_control: 2.13.0 (/home/benjamin/ws_moveit/install/ros2_control/share/ros2_control/cmake)
[0.391s] -- Found gazebo_ros2_control: 0.4.7 (/opt/ros/humble/share/gazebo_ros2_control/cmake)
[0.532s] -- Found rosidl_generator_c: 3.1.5 (/home/benjamin/ros2_humble/install/rosidl_generator_c/share/rosidl_generator_c/cmake)
[0.554s] -- Found rosidl_adapter: 3.1.5 (/home/benjamin/ros2_humble/install/rosidl_adapter/share/rosidl_adapter/cmake)
[0.579s] -- Found rosidl_generator_cpp: 3.1.5 (/home/benjamin/ros2_humble/install/rosidl_generator_cpp/share/rosidl_generator_cpp/cmake)
[0.633s] -- Using all available rosidl_typesupport_c: rosidl_typesupport_fastrtps_c;rosidl_typesupport_introspection_c
[0.686s] -- Using all available rosidl_typesupport_cpp: rosidl_typesupport_fastrtps_cpp;rosidl_typesupport_introspection_cpp
[1.268s] -- Found rmw_implementation_cmake: 6.1.1 (/home/benjamin/ros2_humble/install/rmw_implementation_cmake/share/rmw_implementation_cmake/cmake)
[1.301s] -- Found rmw_fastrtps_cpp: 6.2.5 (/home/benjamin/ros2_humble/install/rmw_fastrtps_cpp/share/rmw_fastrtps_cpp/cmake)
[1.370s] -- Found TinyXML2 via Config file: TinyXML2_DIR-NOTFOUND
[1.470s] -- Found OpenSSL: /usr/lib/x86_64-linux-gnu/libcrypto.so (found version "3.0.2")  
[1.472s] -- Found TinyXML2 via Config file: TinyXML2_DIR-NOTFOUND
[1.493s] -- Found FastRTPS: /home/benjamin/ros2_humble/install/fastrtps/include  
[1.499s] -- Found TinyXML2 via Config file: TinyXML2_DIR-NOTFOUND
[1.505s] -- Found TinyXML2 via Config file: TinyXML2_DIR-NOTFOUND
[1.538s] -- Using RMW implementation 'rmw_fastrtps_cpp' as default
[1.577s] -- Looking for pthread.h
[1.678s] -- Looking for pthread.h - found
[1.678s] -- Performing Test CMAKE_HAVE_LIBC_PTHREAD
[1.757s] -- Performing Test CMAKE_HAVE_LIBC_PTHREAD - Success
[1.758s] -- Found Threads: TRUE  
[2.344s] -- Found PkgConfig: /usr/bin/pkg-config (found version "0.29.2") 
[2.345s] -- Checking for module 'bullet>=2.82'
[2.372s] --   Found bullet, version 3.05
[2.577s] -- Found fcl: /usr/include (found suitable version "0.7.0", minimum required is "0.5.0") 
[2.658s] -- Found assimp: /usr/include (found version "5.2.0") 
[2.744s] -- Found DART: /usr/include (Required is at least version "6.6") found components: dart 
[2.855s] -- Found Boost: /usr/lib/x86_64-linux-gnu/cmake/Boost-1.74.0/BoostConfig.cmake (found suitable version "1.74.0", minimum required is "1.40.0") found components: thread system filesystem program_options regex iostreams date_time 
[2.889s] -- Found Protobuf: /usr/lib/x86_64-linux-gnu/libprotobuf.so (found version "3.12.4") 
[2.923s] -- Looking for ignition-math6 -- found version 6.15.1
[2.943s] -- Searching for dependencies of ignition-math6
[2.944s] -- Looking for OGRE...
[2.944s] -- OGRE_PREFIX_WATCH changed.
[2.950s] -- Checking for module 'OGRE'
[2.976s] --   Found OGRE, version 1.9.0
[3.026s] -- Found Ogre Ghadamon (1.9.0)
[3.051s] -- Found OGRE: optimized;/usr/lib/x86_64-linux-gnu/libOgreMain.so;debug;/usr/lib/x86_64-linux-gnu/libOgreMain.so
[3.057s] -- Looking for OGRE_Paging...
[3.080s] -- Found OGRE_Paging: optimized;/usr/lib/x86_64-linux-gnu/libOgrePaging.so;debug;/usr/lib/x86_64-linux-gnu/libOgrePaging.so
[3.080s] -- Looking for OGRE_Terrain...
[3.101s] -- Found OGRE_Terrain: optimized;/usr/lib/x86_64-linux-gnu/libOgreTerrain.so;debug;/usr/lib/x86_64-linux-gnu/libOgreTerrain.so
[3.101s] -- Looking for OGRE_Property...
[3.123s] -- Found OGRE_Property: optimized;/usr/lib/x86_64-linux-gnu/libOgreProperty.so;debug;/usr/lib/x86_64-linux-gnu/libOgreProperty.so
[3.123s] -- Looking for OGRE_RTShaderSystem...
[3.144s] -- Found OGRE_RTShaderSystem: optimized;/usr/lib/x86_64-linux-gnu/libOgreRTShaderSystem.so;debug;/usr/lib/x86_64-linux-gnu/libOgreRTShaderSystem.so
[3.144s] -- Looking for OGRE_Volume...
[3.165s] -- Found OGRE_Volume: optimized;/usr/lib/x86_64-linux-gnu/libOgreVolume.so;debug;/usr/lib/x86_64-linux-gnu/libOgreVolume.so
[3.165s] -- Looking for OGRE_Overlay...
[3.190s] -- Found OGRE_Overlay: optimized;/usr/lib/x86_64-linux-gnu/libOgreOverlay.so;debug;/usr/lib/x86_64-linux-gnu/libOgreOverlay.so
[3.729s] -- Looking for ignition-math6 -- found version 6.15.1
[3.752s] -- Looking for ignition-transport8 -- found version 8.2.1
[3.752s] -- Searching for dependencies of ignition-transport8
[3.781s] -- Found Protobuf: /usr/lib/x86_64-linux-gnu/libprotobuf.so (found suitable version "3.12.4", minimum required is "3") 
[3.802s] -- Config-file not installed for ZeroMQ -- checking for pkg-config
[3.808s] -- Checking for module 'libzmq >= 4'
[3.837s] --   Found libzmq , version 4.3.4
[3.888s] -- Found ZeroMQ: TRUE (Required is at least version "4") 
[3.897s] -- Checking for module 'uuid'
[3.924s] --   Found uuid, version 2.37.2
[3.971s] -- Found UUID: TRUE  
[3.988s] -- Looking for ignition-msgs5 -- found version 5.8.1
[3.988s] -- Searching for dependencies of ignition-msgs5
[4.017s] -- Looking for ignition-math6 -- found version 6.15.1
[4.023s] -- Checking for module 'tinyxml2'
[4.051s] --   Found tinyxml2, version 9.0.0
[4.098s] -- Looking for ignition-msgs5 -- found version 5.8.1
[4.115s] -- Looking for ignition-common3 -- found version 3.14.0
[4.115s] -- Searching for dependencies of ignition-common3
[4.118s] -- Looking for dlfcn.h - found
[4.120s] -- Looking for libdl - found
[4.121s] -- Found DL: TRUE  
[4.150s] -- Found tinyobjloader: /usr/lib/x86_64-linux-gnu/cmake/tinyobjloader/tinyobjloader-config.cmake (found version "2.0.0") 
[4.151s] -- Searching for <ignition-common3> component [graphics]
[4.167s] -- Looking for ignition-common3-graphics -- found version 3.14.0
[4.167s] -- Searching for dependencies of ignition-common3-graphics
[4.167s] -- Looking for ignition-math6 -- found version 6.15.1
[4.185s] -- Looking for ignition-fuel_tools4 -- found version 4.4.0
[4.185s] -- Searching for dependencies of ignition-fuel_tools4
[4.320s] -- Found CURL: /usr/lib/x86_64-linux-gnu/libcurl.so (found version "7.81.0")  
[4.343s] -- Checking for module 'jsoncpp'
[4.371s] --   Found jsoncpp, version 1.9.5
[4.417s] -- Found JSONCPP: TRUE  
[4.422s] -- Checking for module 'libzip'
[4.450s] --   Found libzip, version 1.7.3
[4.496s] -- Found ZIP: TRUE  
[4.496s] -- Looking for ignition-common3 -- found version 3.14.0
[4.496s] -- Looking for ignition-math6 -- found version 6.15.1
[4.496s] -- Looking for ignition-msgs5 -- found version 5.8.1
[4.515s] -- Gazebo version: 11.10
[4.515s] -- Checking for module 'tbb'
[4.544s] --   Found tbb, version 2021.5.0
[4.761s] -- Found joint_state_broadcaster: 2.33.0 (/opt/ros/humble/share/joint_state_broadcaster/cmake)
[4.857s] -- Found parameter_traits: 0.3.8 (/opt/ros/humble/share/parameter_traits/cmake)
[4.980s] -- Found joint_trajectory_controller: 2.33.0 (/opt/ros/humble/share/joint_trajectory_controller/cmake)
[5.320s] -- Found ament_lint_auto: 0.12.9 (/home/benjamin/ros2_humble/install/ament_lint_auto/share/ament_lint_auto/cmake)
[5.433s] -- Added test 'flake8' to check Python code syntax and style conventions
[5.433s] -- Added test 'lint_cmake' to check CMake code style
[5.434s] -- Added test 'pep257' to check Python code against some of the docstring style conventions in PEP 257
[5.435s] -- Added test 'xmllint' to check XML markup files
[5.436s] -- Configuring done
[5.440s] -- Generating done
[5.441s] -- Build files have been written to: /home/benjamin/tito_ws/build/tito_bringup
[5.476s] Invoked command in '/home/benjamin/tito_ws/build/tito_bringup' returned '0': CMAKE_PREFIX_PATH=${CMAKE_PREFIX_PATH}:/home/benjamin/ws_moveit/install/ros2controlcli:/home/benjamin/ws_moveit/install/moveit_configs_utils:/home/benjamin/tito_ws/install/turtlebot3_teleop:/home/benjamin/tito_ws/install/turtlebot3_example:/opt/ros/humble:/home/benjamin/ros2_humble/install/rqt_bag_plugins:/home/benjamin/ros2_humble/install/rqt_bag:/home/benjamin/ros2_humble/install/ros2bag:/home/benjamin/ros2_humble/install/tracetools_test:/home/benjamin/ros2_humble/install/tracetools_launch:/home/benjamin/ros2_humble/install/topic_monitor:/home/benjamin/ros2_humble/install/tf2_tools:/home/benjamin/ros2_humble/install/examples_tf2_py:/home/benjamin/ros2_humble/install/tf2_ros_py:/home/benjamin/ros2_humble/install/sros2:/home/benjamin/ros2_humble/install/rqt_topic:/home/benjamin/ros2_humble/install/rqt_srv:/home/benjamin/ros2_humble/install/rqt_shell:/home/benjamin/ros2_humble/install/rqt_service_caller:/home/benjamin/ros2_humble/install/rqt_reconfigure:/home/benjamin/ros2_humble/install/rqt_py_console:/home/benjamin/ros2_humble/install/rqt_publisher:/home/benjamin/ros2_humble/install/rqt_plot:/home/benjamin/ros2_humble/install/rqt_action:/home/benjamin/ros2_humble/install/rqt_msg:/home/benjamin/ros2_humble/install/rqt_console:/home/benjamin/ros2_humble/install/rqt:/home/benjamin/ros2_humble/install/rqt_graph:/home/benjamin/ros2_humble/install/rqt_gui_py:/home/benjamin/ros2_humble/install/rqt_gui:/home/benjamin/ros2_humble/install/ros2trace:/home/benjamin/ros2_humble/install/ros2topic:/home/benjamin/ros2_humble/install/ros2test:/home/benjamin/ros2_humble/install/ros2component:/home/benjamin/ros2_humble/install/ros2param:/home/benjamin/ros2_humble/install/ros2lifecycle:/home/benjamin/ros2_humble/install/ros2service:/home/benjamin/ros2_humble/install/ros2run:/home/benjamin/ros2_humble/install/ros2launch:/home/benjamin/ros2_humble/install/ros2pkg:/home/benjamin/ros2_humble/install/ros2node:/home/benjamin/ros2_humble/install/ros2multicast:/home/benjamin/ros2_humble/install/ros2interface:/home/benjamin/ros2_humble/install/ros2doctor:/home/benjamin/ros2_humble/install/ros2action:/home/benjamin/ros2_humble/install/ros2cli:/home/benjamin/ros2_humble/install/quality_of_service_demo_py:/home/benjamin/ros2_humble/install/lifecycle_py:/home/benjamin/ros2_humble/install/launch_testing_ros:/home/benjamin/ros2_humble/install/launch_ros:/home/benjamin/ros2_humble/install/examples_rclpy_pointcloud_publisher:/home/benjamin/ros2_humble/install/examples_rclpy_minimal_subscriber:/home/benjamin/ros2_humble/install/examples_rclpy_minimal_service:/home/benjamin/ros2_humble/install/examples_rclpy_minimal_publisher:/home/benjamin/ros2_humble/install/examples_rclpy_minimal_client:/home/benjamin/ros2_humble/install/examples_rclpy_minimal_action_server:/home/benjamin/ros2_humble/install/examples_rclpy_minimal_action_client:/home/benjamin/ros2_humble/install/examples_rclpy_guard_conditions:/home/benjamin/ros2_humble/install/examples_rclpy_executors:/home/benjamin/ros2_humble/install/demo_nodes_py:/home/benjamin/ros2_humble/install/action_tutorials_py:/home/benjamin/ros2_humble/install/ament_uncrustify:/home/benjamin/ros2_humble/install/tracetools_trace:/home/benjamin/ros2_humble/install/tracetools_read:/home/benjamin/ros2_humble/install/test_tracetools_launch:/home/benjamin/ros2_humble/install/test_launch_ros:/home/benjamin/ros2_humble/install/sensor_msgs_py:/home/benjamin/ros2_humble/install/rpyutils:/home/benjamin/ros2_humble/install/rosidl_runtime_py:/home/benjamin/ros2_humble/install/rosidl_cli:/home/benjamin/ros2_humble/install/launch_pytest:/home/benjamin/ros2_humble/install/launch_testing:/home/benjamin/ros2_humble/install/launch_yaml:/home/benjamin/ros2_humble/install/launch_xml:/home/benjamin/ros2_humble/install/launch:/home/benjamin/ros2_humble/install/osrf_pycommon:/home/benjamin/ros2_humble/install/launch_testing_examples:/home/benjamin/ros2_humble/install/domain_coordinator:/home/benjamin/ros2_humble/install/ament_xmllint:/home/benjamin/ros2_humble/install/ament_pyflakes:/home/benjamin/ros2_humble/install/ament_pycodestyle:/home/benjamin/ros2_humble/install/ament_pep257:/home/benjamin/ros2_humble/install/ament_pclint:/home/benjamin/ros2_humble/install/ament_package:/home/benjamin/ros2_humble/install/ament_mypy:/home/benjamin/ros2_humble/install/ament_lint_cmake:/home/benjamin/ros2_humble/install/ament_flake8:/home/benjamin/ros2_humble/install/ament_copyright:/home/benjamin/ros2_humble/install/ament_lint:/home/benjamin/ros2_humble/install/ament_index_python:/home/benjamin/ros2_humble/install/ament_cpplint:/home/benjamin/ros2_humble/install/ament_cppcheck:/home/benjamin/ros2_humble/install/ament_clang_tidy:/home/benjamin/ros2_humble/install/ament_clang_format /usr/bin/cmake --build /home/benjamin/tito_ws/build/tito_bringup -- -j16 -l16
[5.533s] Invoking command in '/home/benjamin/tito_ws/build/tito_bringup': CMAKE_PREFIX_PATH=${CMAKE_PREFIX_PATH}:/home/benjamin/ws_moveit/install/ros2controlcli:/home/benjamin/ws_moveit/install/moveit_configs_utils:/home/benjamin/tito_ws/install/turtlebot3_teleop:/home/benjamin/tito_ws/install/turtlebot3_example:/opt/ros/humble:/home/benjamin/ros2_humble/install/rqt_bag_plugins:/home/benjamin/ros2_humble/install/rqt_bag:/home/benjamin/ros2_humble/install/ros2bag:/home/benjamin/ros2_humble/install/tracetools_test:/home/benjamin/ros2_humble/install/tracetools_launch:/home/benjamin/ros2_humble/install/topic_monitor:/home/benjamin/ros2_humble/install/tf2_tools:/home/benjamin/ros2_humble/install/examples_tf2_py:/home/benjamin/ros2_humble/install/tf2_ros_py:/home/benjamin/ros2_humble/install/sros2:/home/benjamin/ros2_humble/install/rqt_topic:/home/benjamin/ros2_humble/install/rqt_srv:/home/benjamin/ros2_humble/install/rqt_shell:/home/benjamin/ros2_humble/install/rqt_service_caller:/home/benjamin/ros2_humble/install/rqt_reconfigure:/home/benjamin/ros2_humble/install/rqt_py_console:/home/benjamin/ros2_humble/install/rqt_publisher:/home/benjamin/ros2_humble/install/rqt_plot:/home/benjamin/ros2_humble/install/rqt_action:/home/benjamin/ros2_humble/install/rqt_msg:/home/benjamin/ros2_humble/install/rqt_console:/home/benjamin/ros2_humble/install/rqt:/home/benjamin/ros2_humble/install/rqt_graph:/home/benjamin/ros2_humble/install/rqt_gui_py:/home/benjamin/ros2_humble/install/rqt_gui:/home/benjamin/ros2_humble/install/ros2trace:/home/benjamin/ros2_humble/install/ros2topic:/home/benjamin/ros2_humble/install/ros2test:/home/benjamin/ros2_humble/install/ros2component:/home/benjamin/ros2_humble/install/ros2param:/home/benjamin/ros2_humble/install/ros2lifecycle:/home/benjamin/ros2_humble/install/ros2service:/home/benjamin/ros2_humble/install/ros2run:/home/benjamin/ros2_humble/install/ros2launch:/home/benjamin/ros2_humble/install/ros2pkg:/home/benjamin/ros2_humble/install/ros2node:/home/benjamin/ros2_humble/install/ros2multicast:/home/benjamin/ros2_humble/install/ros2interface:/home/benjamin/ros2_humble/install/ros2doctor:/home/benjamin/ros2_humble/install/ros2action:/home/benjamin/ros2_humble/install/ros2cli:/home/benjamin/ros2_humble/install/quality_of_service_demo_py:/home/benjamin/ros2_humble/install/lifecycle_py:/home/benjamin/ros2_humble/install/launch_testing_ros:/home/benjamin/ros2_humble/install/launch_ros:/home/benjamin/ros2_humble/install/examples_rclpy_pointcloud_publisher:/home/benjamin/ros2_humble/install/examples_rclpy_minimal_subscriber:/home/benjamin/ros2_humble/install/examples_rclpy_minimal_service:/home/benjamin/ros2_humble/install/examples_rclpy_minimal_publisher:/home/benjamin/ros2_humble/install/examples_rclpy_minimal_client:/home/benjamin/ros2_humble/install/examples_rclpy_minimal_action_server:/home/benjamin/ros2_humble/install/examples_rclpy_minimal_action_client:/home/benjamin/ros2_humble/install/examples_rclpy_guard_conditions:/home/benjamin/ros2_humble/install/examples_rclpy_executors:/home/benjamin/ros2_humble/install/demo_nodes_py:/home/benjamin/ros2_humble/install/action_tutorials_py:/home/benjamin/ros2_humble/install/ament_uncrustify:/home/benjamin/ros2_humble/install/tracetools_trace:/home/benjamin/ros2_humble/install/tracetools_read:/home/benjamin/ros2_humble/install/test_tracetools_launch:/home/benjamin/ros2_humble/install/test_launch_ros:/home/benjamin/ros2_humble/install/sensor_msgs_py:/home/benjamin/ros2_humble/install/rpyutils:/home/benjamin/ros2_humble/install/rosidl_runtime_py:/home/benjamin/ros2_humble/install/rosidl_cli:/home/benjamin/ros2_humble/install/launch_pytest:/home/benjamin/ros2_humble/install/launch_testing:/home/benjamin/ros2_humble/install/launch_yaml:/home/benjamin/ros2_humble/install/launch_xml:/home/benjamin/ros2_humble/install/launch:/home/benjamin/ros2_humble/install/osrf_pycommon:/home/benjamin/ros2_humble/install/launch_testing_examples:/home/benjamin/ros2_humble/install/domain_coordinator:/home/benjamin/ros2_humble/install/ament_xmllint:/home/benjamin/ros2_humble/install/ament_pyflakes:/home/benjamin/ros2_humble/install/ament_pycodestyle:/home/benjamin/ros2_humble/install/ament_pep257:/home/benjamin/ros2_humble/install/ament_pclint:/home/benjamin/ros2_humble/install/ament_package:/home/benjamin/ros2_humble/install/ament_mypy:/home/benjamin/ros2_humble/install/ament_lint_cmake:/home/benjamin/ros2_humble/install/ament_flake8:/home/benjamin/ros2_humble/install/ament_copyright:/home/benjamin/ros2_humble/install/ament_lint:/home/benjamin/ros2_humble/install/ament_index_python:/home/benjamin/ros2_humble/install/ament_cpplint:/home/benjamin/ros2_humble/install/ament_cppcheck:/home/benjamin/ros2_humble/install/ament_clang_tidy:/home/benjamin/ros2_humble/install/ament_clang_format /usr/bin/cmake --install /home/benjamin/tito_ws/build/tito_bringup
[5.543s] -- Install configuration: ""
[5.543s] -- Up-to-date: /home/benjamin/tito_ws/install/tito_bringup/share/tito_bringup//urdf
[5.543s] -- Up-to-date: /home/benjamin/tito_ws/install/tito_bringup/share/tito_bringup//urdf/tito.urdf
[5.543s] -- Up-to-date: /home/benjamin/tito_ws/install/tito_bringup/share/tito_bringup//urdf/TITO Moves v1.csv
[5.544s] -- Up-to-date: /home/benjamin/tito_ws/install/tito_bringup/share/tito_bringup//rviz
[5.544s] -- Up-to-date: /home/benjamin/tito_ws/install/tito_bringup/share/tito_bringup//rviz/rviz.rviz
[5.544s] -- Up-to-date: /home/benjamin/tito_ws/install/tito_bringup/share/tito_bringup//launch
[5.544s] -- Up-to-date: /home/benjamin/tito_ws/install/tito_bringup/share/tito_bringup//launch/spawn_tito.launch.py
[5.544s] -- Up-to-date: /home/benjamin/tito_ws/install/tito_bringup/share/tito_bringup//launch/tito_visualize.launch.py
[5.544s] -- Up-to-date: /home/benjamin/tito_ws/install/tito_bringup/share/tito_bringup//launch/control.launch.py
[5.544s] -- Up-to-date: /home/benjamin/tito_ws/install/tito_bringup/share/tito_bringup//launch/start_world.launch.py
[5.544s] -- Up-to-date: /home/benjamin/tito_ws/install/tito_bringup/share/tito_bringup//launch/spawn_gazebo.launch.xml
[5.544s] -- Up-to-date: /home/benjamin/tito_ws/install/tito_bringup/share/tito_bringup//worlds
[5.544s] -- Up-to-date: /home/benjamin/tito_ws/install/tito_bringup/share/tito_bringup//worlds/model.world
[5.544s] -- Up-to-date: /home/benjamin/tito_ws/install/tito_bringup/share/tito_bringup//worlds/tito_empty.world
[5.544s] -- Up-to-date: /home/benjamin/tito_ws/install/tito_bringup/share/tito_bringup//models
[5.544s] -- Up-to-date: /home/benjamin/tito_ws/install/tito_bringup/share/tito_bringup//models/model.sdf
[5.544s] -- Up-to-date: /home/benjamin/tito_ws/install/tito_bringup/share/tito_bringup//models/moon_diffuse.png
[5.544s] -- Up-to-date: /home/benjamin/tito_ws/install/tito_bringup/share/tito_bringup//models/1.png
[5.544s] -- Up-to-date: /home/benjamin/tito_ws/install/tito_bringup/share/tito_bringup//models/moon.tif
[5.544s] -- Up-to-date: /home/benjamin/tito_ws/install/tito_bringup/share/tito_bringup//models/white_alpha.png
[5.544s] -- Up-to-date: /home/benjamin/tito_ws/install/tito_bringup/share/tito_bringup//models/model.config
[5.544s] -- Up-to-date: /home/benjamin/tito_ws/install/tito_bringup/share/tito_bringup//config
[5.544s] -- Up-to-date: /home/benjamin/tito_ws/install/tito_bringup/share/tito_bringup//config/controller_velocity.yaml
[5.544s] -- Installing: /home/benjamin/tito_ws/install/tito_bringup/share/ament_index/resource_index/package_run_dependencies/tito_bringup
[5.544s] -- Installing: /home/benjamin/tito_ws/install/tito_bringup/share/ament_index/resource_index/parent_prefix_path/tito_bringup
[5.544s] -- Installing: /home/benjamin/tito_ws/install/tito_bringup/share/tito_bringup/environment/ament_prefix_path.dsv
[5.544s] -- Installing: /home/benjamin/tito_ws/install/tito_bringup/share/tito_bringup/environment/path.dsv
[5.544s] -- Up-to-date: /home/benjamin/tito_ws/install/tito_bringup/share/tito_bringup/local_setup.bash
[5.544s] -- Up-to-date: /home/benjamin/tito_ws/install/tito_bringup/share/tito_bringup/local_setup.sh
[5.544s] -- Up-to-date: /home/benjamin/tito_ws/install/tito_bringup/share/tito_bringup/local_setup.zsh
[5.544s] -- Installing: /home/benjamin/tito_ws/install/tito_bringup/share/tito_bringup/local_setup.dsv
[5.544s] -- Installing: /home/benjamin/tito_ws/install/tito_bringup/share/tito_bringup/package.dsv
[5.545s] -- Up-to-date: /home/benjamin/tito_ws/install/tito_bringup/share/ament_index/resource_index/packages/tito_bringup
[5.545s] -- Up-to-date: /home/benjamin/tito_ws/install/tito_bringup/share/tito_bringup/cmake/tito_bringupConfig.cmake
[5.545s] -- Up-to-date: /home/benjamin/tito_ws/install/tito_bringup/share/tito_bringup/cmake/tito_bringupConfig-version.cmake
[5.545s] -- Installing: /home/benjamin/tito_ws/install/tito_bringup/share/tito_bringup/package.xml
[5.545s] Invoked command in '/home/benjamin/tito_ws/build/tito_bringup' returned '0': CMAKE_PREFIX_PATH=${CMAKE_PREFIX_PATH}:/home/benjamin/ws_moveit/install/ros2controlcli:/home/benjamin/ws_moveit/install/moveit_configs_utils:/home/benjamin/tito_ws/install/turtlebot3_teleop:/home/benjamin/tito_ws/install/turtlebot3_example:/opt/ros/humble:/home/benjamin/ros2_humble/install/rqt_bag_plugins:/home/benjamin/ros2_humble/install/rqt_bag:/home/benjamin/ros2_humble/install/ros2bag:/home/benjamin/ros2_humble/install/tracetools_test:/home/benjamin/ros2_humble/install/tracetools_launch:/home/benjamin/ros2_humble/install/topic_monitor:/home/benjamin/ros2_humble/install/tf2_tools:/home/benjamin/ros2_humble/install/examples_tf2_py:/home/benjamin/ros2_humble/install/tf2_ros_py:/home/benjamin/ros2_humble/install/sros2:/home/benjamin/ros2_humble/install/rqt_topic:/home/benjamin/ros2_humble/install/rqt_srv:/home/benjamin/ros2_humble/install/rqt_shell:/home/benjamin/ros2_humble/install/rqt_service_caller:/home/benjamin/ros2_humble/install/rqt_reconfigure:/home/benjamin/ros2_humble/install/rqt_py_console:/home/benjamin/ros2_humble/install/rqt_publisher:/home/benjamin/ros2_humble/install/rqt_plot:/home/benjamin/ros2_humble/install/rqt_action:/home/benjamin/ros2_humble/install/rqt_msg:/home/benjamin/ros2_humble/install/rqt_console:/home/benjamin/ros2_humble/install/rqt:/home/benjamin/ros2_humble/install/rqt_graph:/home/benjamin/ros2_humble/install/rqt_gui_py:/home/benjamin/ros2_humble/install/rqt_gui:/home/benjamin/ros2_humble/install/ros2trace:/home/benjamin/ros2_humble/install/ros2topic:/home/benjamin/ros2_humble/install/ros2test:/home/benjamin/ros2_humble/install/ros2component:/home/benjamin/ros2_humble/install/ros2param:/home/benjamin/ros2_humble/install/ros2lifecycle:/home/benjamin/ros2_humble/install/ros2service:/home/benjamin/ros2_humble/install/ros2run:/home/benjamin/ros2_humble/install/ros2launch:/home/benjamin/ros2_humble/install/ros2pkg:/home/benjamin/ros2_humble/install/ros2node:/home/benjamin/ros2_humble/install/ros2multicast:/home/benjamin/ros2_humble/install/ros2interface:/home/benjamin/ros2_humble/install/ros2doctor:/home/benjamin/ros2_humble/install/ros2action:/home/benjamin/ros2_humble/install/ros2cli:/home/benjamin/ros2_humble/install/quality_of_service_demo_py:/home/benjamin/ros2_humble/install/lifecycle_py:/home/benjamin/ros2_humble/install/launch_testing_ros:/home/benjamin/ros2_humble/install/launch_ros:/home/benjamin/ros2_humble/install/examples_rclpy_pointcloud_publisher:/home/benjamin/ros2_humble/install/examples_rclpy_minimal_subscriber:/home/benjamin/ros2_humble/install/examples_rclpy_minimal_service:/home/benjamin/ros2_humble/install/examples_rclpy_minimal_publisher:/home/benjamin/ros2_humble/install/examples_rclpy_minimal_client:/home/benjamin/ros2_humble/install/examples_rclpy_minimal_action_server:/home/benjamin/ros2_humble/install/examples_rclpy_minimal_action_client:/home/benjamin/ros2_humble/install/examples_rclpy_guard_conditions:/home/benjamin/ros2_humble/install/examples_rclpy_executors:/home/benjamin/ros2_humble/install/demo_nodes_py:/home/benjamin/ros2_humble/install/action_tutorials_py:/home/benjamin/ros2_humble/install/ament_uncrustify:/home/benjamin/ros2_humble/install/tracetools_trace:/home/benjamin/ros2_humble/install/tracetools_read:/home/benjamin/ros2_humble/install/test_tracetools_launch:/home/benjamin/ros2_humble/install/test_launch_ros:/home/benjamin/ros2_humble/install/sensor_msgs_py:/home/benjamin/ros2_humble/install/rpyutils:/home/benjamin/ros2_humble/install/rosidl_runtime_py:/home/benjamin/ros2_humble/install/rosidl_cli:/home/benjamin/ros2_humble/install/launch_pytest:/home/benjamin/ros2_humble/install/launch_testing:/home/benjamin/ros2_humble/install/launch_yaml:/home/benjamin/ros2_humble/install/launch_xml:/home/benjamin/ros2_humble/install/launch:/home/benjamin/ros2_humble/install/osrf_pycommon:/home/benjamin/ros2_humble/install/launch_testing_examples:/home/benjamin/ros2_humble/install/domain_coordinator:/home/benjamin/ros2_humble/install/ament_xmllint:/home/benjamin/ros2_humble/install/ament_pyflakes:/home/benjamin/ros2_humble/install/ament_pycodestyle:/home/benjamin/ros2_humble/install/ament_pep257:/home/benjamin/ros2_humble/install/ament_pclint:/home/benjamin/ros2_humble/install/ament_package:/home/benjamin/ros2_humble/install/ament_mypy:/home/benjamin/ros2_humble/install/ament_lint_cmake:/home/benjamin/ros2_humble/install/ament_flake8:/home/benjamin/ros2_humble/install/ament_copyright:/home/benjamin/ros2_humble/install/ament_lint:/home/benjamin/ros2_humble/install/ament_index_python:/home/benjamin/ros2_humble/install/ament_cpplint:/home/benjamin/ros2_humble/install/ament_cppcheck:/home/benjamin/ros2_humble/install/ament_clang_tidy:/home/benjamin/ros2_humble/install/ament_clang_format /usr/bin/cmake --install /home/benjamin/tito_ws/build/tito_bringup
